

Microchip Technology PIC LITE Macro Assembler V1.33 build 59893 
                                                                                               Wed Mar 18 10:43:14 2026

Microchip Technology Omniscient Code Generator (Lite mode) build 59893
     1                           	processor	16F877A
     2                           	opt	pw 120
     3                           	opt	lm
     4                           	psect	text0,local,class=CODE,merge=1,delta=2
     5                           	psect	cinit,global,class=CODE,merge=1,delta=2
     6                           	psect	bssCOMMON,global,class=COMMON,space=1,delta=1
     7                           	psect	bssBANK0,global,class=BANK0,space=1,delta=1
     8                           	psect	cstackCOMMON,global,class=COMMON,space=1,delta=1
     9                           	psect	cstackBANK0,global,class=BANK0,space=1,delta=1
    10                           	psect	maintext,global,class=CODE,split=1,delta=2
    11                           	psect	text1,local,class=CODE,merge=1,delta=2
    12                           	psect	text2,local,class=CODE,merge=1,delta=2
    13                           	psect	text3,local,class=CODE,merge=1,delta=2
    14                           	psect	text4,local,class=CODE,merge=1,delta=2
    15                           	psect	text5,local,class=CODE,merge=1,delta=2
    16                           	psect	intentry,global,class=CODE,delta=2
    17                           	dabs	1,0x7E,2
    18  0000                     	;# 
    19  0001                     	;# 
    20  0002                     	;# 
    21  0003                     	;# 
    22  0004                     	;# 
    23  0005                     	;# 
    24  0006                     	;# 
    25  0007                     	;# 
    26  0008                     	;# 
    27  0009                     	;# 
    28  000A                     	;# 
    29  000B                     	;# 
    30  000C                     	;# 
    31  000D                     	;# 
    32  000E                     	;# 
    33  000E                     	;# 
    34  000F                     	;# 
    35  0010                     	;# 
    36  0011                     	;# 
    37  0012                     	;# 
    38  0013                     	;# 
    39  0014                     	;# 
    40  0015                     	;# 
    41  0015                     	;# 
    42  0016                     	;# 
    43  0017                     	;# 
    44  0018                     	;# 
    45  0019                     	;# 
    46  001A                     	;# 
    47  001B                     	;# 
    48  001B                     	;# 
    49  001C                     	;# 
    50  001D                     	;# 
    51  001E                     	;# 
    52  001F                     	;# 
    53  0081                     	;# 
    54  0085                     	;# 
    55  0086                     	;# 
    56  0087                     	;# 
    57  0088                     	;# 
    58  0089                     	;# 
    59  008C                     	;# 
    60  008D                     	;# 
    61  008E                     	;# 
    62  0091                     	;# 
    63  0092                     	;# 
    64  0093                     	;# 
    65  0094                     	;# 
    66  0098                     	;# 
    67  0099                     	;# 
    68  009C                     	;# 
    69  009D                     	;# 
    70  009E                     	;# 
    71  009F                     	;# 
    72  010C                     	;# 
    73  010D                     	;# 
    74  010E                     	;# 
    75  010F                     	;# 
    76  018C                     	;# 
    77  018D                     	;# 
    78  0006                     _PORTB	set	6
    79  0007                     _PORTC	set	7
    80  0059                     _INTF	set	89
    81  0030                     _RB0	set	48
    82  0035                     _RB5	set	53
    83  0036                     _RB6	set	54
    84  0037                     _RB7	set	55
    85  005A                     _T0IF	set	90
    86  0086                     _TRISB	set	134
    87  0087                     _TRISC	set	135
    88  0088                     _TRISD	set	136
    89                           
    90                           	psect	text0
    91  0000                     __ptext0:	
    92                           ; #config settings
    93                           
    94                           
    95                           ;psect for function _ISR
    96  0000                     
    97                           	psect	cinit
    98  0015                     start_initialization:	
    99  0015                     __initialization:	
   100                           
   101                           ; Clear objects allocated to COMMON
   102  0015  01F8               	clrf	__pbssCOMMON& (0+127)
   103  0016  01F9               	clrf	(__pbssCOMMON+1)& (0+127)
   104                           
   105                           ; Clear objects allocated to BANK0
   106  0017  01A7               	clrf	__pbssBANK0& (0+127)
   107  0018                     end_of_initialization:	
   108                           ;End of C runtime variable initialization code
   109                           
   110  0018                     __end_of__initialization:	
   111  0018  0183               	clrf	3
   112  0019  120A  118A  281C   	ljmp	_main	;jump to C main() function
   113                           
   114                           	psect	bssCOMMON
   115  0078                     __pbssCOMMON:	
   116  0078                     _j:	
   117  0078                     	ds	2
   118                           
   119                           	psect	bssBANK0
   120  0027                     __pbssBANK0:	
   121  0027                     _current_count:	
   122  0027                     	ds	1
   123                           
   124                           	psect	cstackCOMMON
   125  0070                     __pcstackCOMMON:	
   126  0070                     ?_ISR:	
   127  0070                     ??_ISR:	
   128                           ; 0 bytes @ 0x0
   129                           
   130  0070                     ?_instCtrl:	
   131                           ; 0 bytes @ 0x0
   132                           
   133  0070                     ?_initLCD:	
   134                           ; 0 bytes @ 0x0
   135                           
   136  0070                     ?_dataCtrl:	
   137                           ; 0 bytes @ 0x0
   138                           
   139  0070                     ?_main:	
   140                           ; 0 bytes @ 0x0
   141                           
   142                           
   143                           ; 0 bytes @ 0x0
   144  0070                     	ds	4
   145  0074                     ?_delay:	
   146  0074                     delay@ms:	
   147                           ; 0 bytes @ 0x4
   148                           
   149                           
   150                           ; 2 bytes @ 0x4
   151  0074                     	ds	2
   152  0076                     ??_delay:	
   153  0076                     ??_instCtrl:	
   154                           ; 0 bytes @ 0x6
   155                           
   156  0076                     ??_dataCtrl:	
   157                           ; 0 bytes @ 0x6
   158                           
   159  0076                     instCtrl@data:	
   160                           ; 0 bytes @ 0x6
   161                           
   162  0076                     dataCtrl@b:	
   163                           ; 1 bytes @ 0x6
   164                           
   165                           
   166                           ; 1 bytes @ 0x6
   167  0076                     	ds	1
   168  0077                     ??_initLCD:	
   169  0077                     ??_main:	
   170                           ; 0 bytes @ 0x7
   171                           
   172                           
   173                           ; 0 bytes @ 0x7
   174  0077                     	ds	1
   175                           
   176                           	psect	cstackBANK0
   177  0020                     __pcstackBANK0:	
   178  0020                     delay@i:	
   179                           
   180                           ; 2 bytes @ 0x0
   181  0020                     	ds	2
   182  0022                     delay@k:	
   183                           
   184                           ; 2 bytes @ 0x2
   185  0022                     	ds	2
   186  0024                     main@my_count:	
   187                           
   188                           ; 1 bytes @ 0x4
   189  0024                     	ds	1
   190  0025                     main@count:	
   191                           
   192                           ; 2 bytes @ 0x5
   193  0025                     	ds	2
   194                           
   195                           	psect	maintext
   196  001C                     __pmaintext:	
   197 ;;
   198 ;;Main: autosize = 0, tempsize = 1, incstack = 0, save=0
   199 ;;
   200 ;; *************** function _main *****************
   201 ;; Defined at:
   202 ;;		line 75 in file "Z:\CPE3201_SANIEL\Midterms\ME_SANIEL.c"
   203 ;; Parameters:    Size  Location     Type
   204 ;;		None
   205 ;; Auto vars:     Size  Location     Type
   206 ;;  count           2    5[BANK0 ] int 
   207 ;;  my_count        1    4[BANK0 ] unsigned char 
   208 ;; Return value:  Size  Location     Type
   209 ;;		None               void
   210 ;; Registers used:
   211 ;;		wreg, status,2, status,0, pclath, cstack
   212 ;; Tracked objects:
   213 ;;		On entry : 17F/0
   214 ;;		On exit  : 0/0
   215 ;;		Unchanged: 0/0
   216 ;; Data sizes:     COMMON   BANK0   BANK1   BANK3   BANK2
   217 ;;      Params:         0       0       0       0       0
   218 ;;      Locals:         0       3       0       0       0
   219 ;;      Temps:          1       0       0       0       0
   220 ;;      Totals:         1       3       0       0       0
   221 ;;Total ram usage:        4 bytes
   222 ;; Hardware stack levels required when called:    4
   223 ;; This function calls:
   224 ;;		_dataCtrl
   225 ;;		_delay
   226 ;;		_initLCD
   227 ;;		_instCtrl
   228 ;; This function is called by:
   229 ;;		Startup code after reset
   230 ;; This function uses a non-reentrant model
   231 ;;
   232                           
   233                           
   234                           ;psect for function _main
   235  001C                     _main:	
   236                           
   237                           ;ME_SANIEL.c: 78: TRISB = 0X00;
   238                           
   239                           ;incstack = 0
   240                           ; Regs used in _main: [wreg+status,2+status,0+pclath+cstack]
   241  001C  1683               	bsf	3,5	;RP0=1, select bank1
   242  001D  1303               	bcf	3,6	;RP1=0, select bank1
   243  001E  0186               	clrf	6	;volatile
   244                           
   245                           ;ME_SANIEL.c: 79: TRISC = 0X00;
   246  001F  0187               	clrf	7	;volatile
   247                           
   248                           ;ME_SANIEL.c: 80: TRISD = 0XFF;
   249  0020  30FF               	movlw	255
   250  0021  0088               	movwf	8	;volatile
   251                           
   252                           ;ME_SANIEL.c: 81: PORTB = 0X00;
   253  0022  1283               	bcf	3,5	;RP0=0, select bank0
   254  0023  1303               	bcf	3,6	;RP1=0, select bank0
   255  0024  0186               	clrf	6	;volatile
   256                           
   257                           ;ME_SANIEL.c: 83: initLCD();
   258  0025  120A  118A  2098  120A  118A  	fcall	_initLCD
   259                           
   260                           ;ME_SANIEL.c: 84: instCtrl(0xC6);
   261  002A  30C6               	movlw	198
   262  002B  120A  118A  20EA  120A  118A  	fcall	_instCtrl
   263                           
   264                           ;ME_SANIEL.c: 85: dataCtrl('T');
   265  0030  3054               	movlw	84
   266  0031  120A  118A  20FD  120A  118A  	fcall	_dataCtrl
   267                           
   268                           ;ME_SANIEL.c: 86: dataCtrl('i');
   269  0036  3069               	movlw	105
   270  0037  120A  118A  20FD  120A  118A  	fcall	_dataCtrl
   271                           
   272                           ;ME_SANIEL.c: 87: dataCtrl('m');
   273  003C  306D               	movlw	109
   274  003D  120A  118A  20FD  120A  118A  	fcall	_dataCtrl
   275                           
   276                           ;ME_SANIEL.c: 88: dataCtrl('e');
   277  0042  3065               	movlw	101
   278  0043  120A  118A  20FD  120A  118A  	fcall	_dataCtrl
   279                           
   280                           ;ME_SANIEL.c: 89: dataCtrl('r');
   281  0048  3072               	movlw	114
   282  0049  120A  118A  20FD  120A  118A  	fcall	_dataCtrl
   283                           
   284                           ;ME_SANIEL.c: 90: dataCtrl(':');
   285  004E  303A               	movlw	58
   286  004F  120A  118A  20FD  120A  118A  	fcall	_dataCtrl
   287                           
   288                           ;ME_SANIEL.c: 91: instCtrl(0x9D);
   289  0054  309D               	movlw	157
   290  0055  120A  118A  20EA  120A  118A  	fcall	_instCtrl
   291                           
   292                           ;ME_SANIEL.c: 92: dataCtrl('1');
   293  005A  3031               	movlw	49
   294  005B  120A  118A  20FD  120A  118A  	fcall	_dataCtrl
   295                           
   296                           ;ME_SANIEL.c: 93: dataCtrl('4');
   297  0060  3034               	movlw	52
   298  0061  120A  118A  20FD  120A  118A  	fcall	_dataCtrl
   299                           
   300                           ;ME_SANIEL.c: 94: instCtrl(0xD4);
   301  0066  30D4               	movlw	212
   302  0067  120A  118A  20EA  120A  118A  	fcall	_instCtrl
   303                           
   304                           ;ME_SANIEL.c: 96: int count = 14;
   305  006C  300E               	movlw	14
   306  006D  1283               	bcf	3,5	;RP0=0, select bank0
   307  006E  1303               	bcf	3,6	;RP1=0, select bank0
   308  006F  00A5               	movwf	main@count
   309  0070  3000               	movlw	0
   310  0071  00A6               	movwf	main@count+1
   311                           
   312                           ;ME_SANIEL.c: 97: unsigned char my_count= 0;
   313  0072  01A4               	clrf	main@my_count
   314                           
   315                           ;ME_SANIEL.c: 99: while(!RB0){
   316                           
   317                           ;ME_SANIEL.c: 98: while(1){
   318  0073  2895               	goto	l52
   319  0074                     l763:	
   320                           ;ME_SANIEL.c: 100: while(count!=0){
   321                           
   322                           
   323                           ;ME_SANIEL.c: 101: count--;
   324  0074  30FF               	movlw	255
   325  0075  07A5               	addwf	main@count,f
   326  0076  1803               	skipnc
   327  0077  0AA6               	incf	main@count+1,f
   328  0078  30FF               	movlw	255
   329  0079  07A6               	addwf	main@count+1,f
   330                           
   331                           ;ME_SANIEL.c: 102: delay(98);
   332  007A  3062               	movlw	98
   333  007B  00F4               	movwf	delay@ms
   334  007C  3000               	movlw	0
   335  007D  00F5               	movwf	delay@ms+1
   336  007E  120A  118A  20C1  120A  118A  	fcall	_delay
   337                           
   338                           ;ME_SANIEL.c: 103: current_count = count;
   339  0083  1283               	bcf	3,5	;RP0=0, select bank0
   340  0084  1303               	bcf	3,6	;RP1=0, select bank0
   341  0085  0825               	movf	main@count,w
   342  0086  00F7               	movwf	??_main
   343  0087  0877               	movf	??_main,w
   344  0088  00A7               	movwf	_current_count
   345                           
   346                           ;ME_SANIEL.c: 104: dataCtrl(current_count);
   347  0089  0827               	movf	_current_count,w
   348  008A  120A  118A  20FD  120A  118A  	fcall	_dataCtrl
   349  008F                     l769:	
   350  008F  1283               	bcf	3,5	;RP0=0, select bank0
   351  0090  1303               	bcf	3,6	;RP1=0, select bank0
   352  0091  0826               	movf	main@count+1,w
   353  0092  0425               	iorwf	main@count,w
   354  0093  1D03               	skipz
   355  0094  2874               	goto	l763
   356  0095                     l52:	
   357  0095  1806               	btfsc	6,0	;volatile
   358  0096  2895               	goto	l52
   359  0097  288F               	goto	l769
   360  0098                     __end_of_main:	
   361                           
   362                           	psect	text1
   363  0098                     __ptext1:	
   364 ;; *************** function _initLCD *****************
   365 ;; Defined at:
   366 ;;		line 52 in file "Z:\CPE3201_SANIEL\Midterms\ME_SANIEL.c"
   367 ;; Parameters:    Size  Location     Type
   368 ;;		None
   369 ;; Auto vars:     Size  Location     Type
   370 ;;		None
   371 ;; Return value:  Size  Location     Type
   372 ;;		None               void
   373 ;; Registers used:
   374 ;;		wreg, status,2, status,0, pclath, cstack
   375 ;; Tracked objects:
   376 ;;		On entry : 0/0
   377 ;;		On exit  : 0/0
   378 ;;		Unchanged: 0/0
   379 ;; Data sizes:     COMMON   BANK0   BANK1   BANK3   BANK2
   380 ;;      Params:         0       0       0       0       0
   381 ;;      Locals:         0       0       0       0       0
   382 ;;      Temps:          0       0       0       0       0
   383 ;;      Totals:         0       0       0       0       0
   384 ;;Total ram usage:        0 bytes
   385 ;; Hardware stack levels used:    1
   386 ;; Hardware stack levels required when called:    3
   387 ;; This function calls:
   388 ;;		_instCtrl
   389 ;; This function is called by:
   390 ;;		_main
   391 ;; This function uses a non-reentrant model
   392 ;;
   393                           
   394                           
   395                           ;psect for function _initLCD
   396  0098                     _initLCD:	
   397                           
   398                           ;ME_SANIEL.c: 54: instCtrl(0x38);
   399                           
   400                           ;incstack = 0
   401                           ; Regs used in _initLCD: [wreg+status,2+status,0+pclath+cstack]
   402  0098  3038               	movlw	56
   403  0099  120A  118A  20EA  120A  118A  	fcall	_instCtrl
   404                           
   405                           ;ME_SANIEL.c: 55: instCtrl(0x08);
   406  009E  3008               	movlw	8
   407  009F  120A  118A  20EA  120A  118A  	fcall	_instCtrl
   408                           
   409                           ;ME_SANIEL.c: 56: instCtrl(0x01);
   410  00A4  3001               	movlw	1
   411  00A5  120A  118A  20EA  120A  118A  	fcall	_instCtrl
   412                           
   413                           ;ME_SANIEL.c: 57: instCtrl(0x06);
   414  00AA  3006               	movlw	6
   415  00AB  120A  118A  20EA  120A  118A  	fcall	_instCtrl
   416                           
   417                           ;ME_SANIEL.c: 58: instCtrl(0x0E);
   418  00B0  300E               	movlw	14
   419  00B1  120A  118A  20EA  120A  118A  	fcall	_instCtrl
   420                           
   421                           ;ME_SANIEL.c: 59: instCtrl(0x06);
   422  00B6  3006               	movlw	6
   423  00B7  120A  118A  20EA  120A  118A  	fcall	_instCtrl
   424                           
   425                           ;ME_SANIEL.c: 60: instCtrl(0x80);
   426  00BC  3080               	movlw	128
   427  00BD  120A  118A  20EA   	fcall	_instCtrl
   428  00C0  0008               	return
   429  00C1                     __end_of_initLCD:	
   430                           
   431                           	psect	text2
   432  00EA                     __ptext2:	
   433 ;; *************** function _instCtrl *****************
   434 ;; Defined at:
   435 ;;		line 42 in file "Z:\CPE3201_SANIEL\Midterms\ME_SANIEL.c"
   436 ;; Parameters:    Size  Location     Type
   437 ;;  data            1    wreg     unsigned char 
   438 ;; Auto vars:     Size  Location     Type
   439 ;;  data            1    6[COMMON] unsigned char 
   440 ;; Return value:  Size  Location     Type
   441 ;;		None               void
   442 ;; Registers used:
   443 ;;		wreg, status,2, status,0, pclath, cstack
   444 ;; Tracked objects:
   445 ;;		On entry : 0/0
   446 ;;		On exit  : 0/0
   447 ;;		Unchanged: 0/0
   448 ;; Data sizes:     COMMON   BANK0   BANK1   BANK3   BANK2
   449 ;;      Params:         0       0       0       0       0
   450 ;;      Locals:         1       0       0       0       0
   451 ;;      Temps:          0       0       0       0       0
   452 ;;      Totals:         1       0       0       0       0
   453 ;;Total ram usage:        1 bytes
   454 ;; Hardware stack levels used:    1
   455 ;; Hardware stack levels required when called:    2
   456 ;; This function calls:
   457 ;;		_delay
   458 ;; This function is called by:
   459 ;;		_initLCD
   460 ;;		_main
   461 ;; This function uses a non-reentrant model
   462 ;;
   463                           
   464                           
   465                           ;psect for function _instCtrl
   466  00EA                     _instCtrl:	
   467                           
   468                           ;incstack = 0
   469                           ; Regs used in _instCtrl: [wreg+status,2+status,0+pclath+cstack]
   470                           ;instCtrl@data stored from wreg
   471  00EA  00F6               	movwf	instCtrl@data
   472                           
   473                           ;ME_SANIEL.c: 44: PORTC= data;
   474  00EB  0876               	movf	instCtrl@data,w
   475  00EC  1283               	bcf	3,5	;RP0=0, select bank0
   476  00ED  1303               	bcf	3,6	;RP1=0, select bank0
   477  00EE  0087               	movwf	7	;volatile
   478                           
   479                           ;ME_SANIEL.c: 45: RB5=0;
   480  00EF  1286               	bcf	6,5	;volatile
   481                           
   482                           ;ME_SANIEL.c: 46: RB6=0;
   483  00F0  1306               	bcf	6,6	;volatile
   484                           
   485                           ;ME_SANIEL.c: 47: RB7=1;
   486  00F1  1786               	bsf	6,7	;volatile
   487                           
   488                           ;ME_SANIEL.c: 48: delay(2);
   489  00F2  3002               	movlw	2
   490  00F3  00F4               	movwf	delay@ms
   491  00F4  3000               	movlw	0
   492  00F5  00F5               	movwf	delay@ms+1
   493  00F6  120A  118A  20C1   	fcall	_delay
   494                           
   495                           ;ME_SANIEL.c: 49: RB7=0;
   496  00F9  1283               	bcf	3,5	;RP0=0, select bank0
   497  00FA  1303               	bcf	3,6	;RP1=0, select bank0
   498  00FB  1386               	bcf	6,7	;volatile
   499  00FC  0008               	return
   500  00FD                     __end_of_instCtrl:	
   501                           
   502                           	psect	text3
   503  00FD                     __ptext3:	
   504 ;; *************** function _dataCtrl *****************
   505 ;; Defined at:
   506 ;;		line 65 in file "Z:\CPE3201_SANIEL\Midterms\ME_SANIEL.c"
   507 ;; Parameters:    Size  Location     Type
   508 ;;  b               1    wreg     unsigned char 
   509 ;; Auto vars:     Size  Location     Type
   510 ;;  b               1    6[COMMON] unsigned char 
   511 ;; Return value:  Size  Location     Type
   512 ;;		None               void
   513 ;; Registers used:
   514 ;;		wreg, status,2, status,0, pclath, cstack
   515 ;; Tracked objects:
   516 ;;		On entry : 0/0
   517 ;;		On exit  : 0/0
   518 ;;		Unchanged: 0/0
   519 ;; Data sizes:     COMMON   BANK0   BANK1   BANK3   BANK2
   520 ;;      Params:         0       0       0       0       0
   521 ;;      Locals:         1       0       0       0       0
   522 ;;      Temps:          0       0       0       0       0
   523 ;;      Totals:         1       0       0       0       0
   524 ;;Total ram usage:        1 bytes
   525 ;; Hardware stack levels used:    1
   526 ;; Hardware stack levels required when called:    2
   527 ;; This function calls:
   528 ;;		_delay
   529 ;; This function is called by:
   530 ;;		_main
   531 ;; This function uses a non-reentrant model
   532 ;;
   533                           
   534                           
   535                           ;psect for function _dataCtrl
   536  00FD                     _dataCtrl:	
   537                           
   538                           ;incstack = 0
   539                           ; Regs used in _dataCtrl: [wreg+status,2+status,0+pclath+cstack]
   540                           ;dataCtrl@b stored from wreg
   541  00FD  00F6               	movwf	dataCtrl@b
   542                           
   543                           ;ME_SANIEL.c: 67: PORTC=b;
   544  00FE  0876               	movf	dataCtrl@b,w
   545  00FF  1283               	bcf	3,5	;RP0=0, select bank0
   546  0100  1303               	bcf	3,6	;RP1=0, select bank0
   547  0101  0087               	movwf	7	;volatile
   548                           
   549                           ;ME_SANIEL.c: 68: RB5=1;
   550  0102  1686               	bsf	6,5	;volatile
   551                           
   552                           ;ME_SANIEL.c: 69: RB6=0;
   553  0103  1306               	bcf	6,6	;volatile
   554                           
   555                           ;ME_SANIEL.c: 70: RB7=1;
   556  0104  1786               	bsf	6,7	;volatile
   557                           
   558                           ;ME_SANIEL.c: 71: delay(2);
   559  0105  3002               	movlw	2
   560  0106  00F4               	movwf	delay@ms
   561  0107  3000               	movlw	0
   562  0108  00F5               	movwf	delay@ms+1
   563  0109  120A  118A  20C1   	fcall	_delay
   564                           
   565                           ;ME_SANIEL.c: 72: RB7=0;
   566  010C  1283               	bcf	3,5	;RP0=0, select bank0
   567  010D  1303               	bcf	3,6	;RP1=0, select bank0
   568  010E  1386               	bcf	6,7	;volatile
   569  010F  0008               	return
   570  0110                     __end_of_dataCtrl:	
   571                           
   572                           	psect	text4
   573  00C1                     __ptext4:	
   574 ;; *************** function _delay *****************
   575 ;; Defined at:
   576 ;;		line 20 in file "Z:\CPE3201_SANIEL\Midterms\ME_SANIEL.c"
   577 ;; Parameters:    Size  Location     Type
   578 ;;  ms              2    4[COMMON] unsigned int 
   579 ;; Auto vars:     Size  Location     Type
   580 ;;  k               2    2[BANK0 ] unsigned int 
   581 ;;  i               2    0[BANK0 ] unsigned int 
   582 ;; Return value:  Size  Location     Type
   583 ;;		None               void
   584 ;; Registers used:
   585 ;;		wreg, status,2
   586 ;; Tracked objects:
   587 ;;		On entry : 0/0
   588 ;;		On exit  : 0/0
   589 ;;		Unchanged: 0/0
   590 ;; Data sizes:     COMMON   BANK0   BANK1   BANK3   BANK2
   591 ;;      Params:         2       0       0       0       0
   592 ;;      Locals:         0       4       0       0       0
   593 ;;      Temps:          0       0       0       0       0
   594 ;;      Totals:         2       4       0       0       0
   595 ;;Total ram usage:        6 bytes
   596 ;; Hardware stack levels used:    1
   597 ;; Hardware stack levels required when called:    1
   598 ;; This function calls:
   599 ;;		Nothing
   600 ;; This function is called by:
   601 ;;		_instCtrl
   602 ;;		_dataCtrl
   603 ;;		_main
   604 ;; This function uses a non-reentrant model
   605 ;;
   606                           
   607                           
   608                           ;psect for function _delay
   609  00C1                     _delay:	
   610                           
   611                           ;ME_SANIEL.c: 21: unsigned int i, k;
   612                           ;ME_SANIEL.c: 22: for(i = 0; i < ms; i++) {
   613                           
   614                           ;incstack = 0
   615                           ; Regs used in _delay: [wreg+status,2]
   616  00C1  1283               	bcf	3,5	;RP0=0, select bank0
   617  00C2  1303               	bcf	3,6	;RP1=0, select bank0
   618  00C3  01A0               	clrf	delay@i
   619  00C4  01A1               	clrf	delay@i+1
   620  00C5                     l29:	
   621  00C5  0875               	movf	delay@ms+1,w
   622  00C6  0221               	subwf	delay@i+1,w
   623  00C7  1D03               	skipz
   624  00C8  28CB               	goto	u175
   625  00C9  0874               	movf	delay@ms,w
   626  00CA  0220               	subwf	delay@i,w
   627  00CB                     u175:	
   628  00CB  1803               	btfsc	3,0
   629  00CC  0008               	return
   630                           
   631                           ;ME_SANIEL.c: 23: for(k = 0; k < 1000; k++);
   632  00CD  01A2               	clrf	delay@k
   633  00CE  01A3               	clrf	delay@k+1
   634  00CF  3003               	movlw	3
   635  00D0  0223               	subwf	delay@k+1,w
   636  00D1  30E8               	movlw	232
   637  00D2  1903               	skipnz
   638  00D3  0222               	subwf	delay@k,w
   639  00D4  1803               	btfsc	3,0
   640  00D5  28E3               	goto	l703
   641  00D6                     l701:	
   642  00D6  3001               	movlw	1
   643  00D7  07A2               	addwf	delay@k,f
   644  00D8  1803               	skipnc
   645  00D9  0AA3               	incf	delay@k+1,f
   646  00DA  3000               	movlw	0
   647  00DB  07A3               	addwf	delay@k+1,f
   648  00DC  3003               	movlw	3
   649  00DD  0223               	subwf	delay@k+1,w
   650  00DE  30E8               	movlw	232
   651  00DF  1903               	skipnz
   652  00E0  0222               	subwf	delay@k,w
   653  00E1  1C03               	skipc
   654  00E2  28D6               	goto	l701
   655  00E3                     l703:	
   656  00E3  3001               	movlw	1
   657  00E4  07A0               	addwf	delay@i,f
   658  00E5  1803               	skipnc
   659  00E6  0AA1               	incf	delay@i+1,f
   660  00E7  3000               	movlw	0
   661  00E8  07A1               	addwf	delay@i+1,f
   662  00E9  28C5               	goto	l29
   663  00EA                     __end_of_delay:	
   664                           
   665                           	psect	text5
   666  0110                     __ptext5:	
   667 ;; *************** function _ISR *****************
   668 ;; Defined at:
   669 ;;		line 27 in file "Z:\CPE3201_SANIEL\Midterms\ME_SANIEL.c"
   670 ;; Parameters:    Size  Location     Type
   671 ;;		None
   672 ;; Auto vars:     Size  Location     Type
   673 ;;		None
   674 ;; Return value:  Size  Location     Type
   675 ;;		None               void
   676 ;; Registers used:
   677 ;;		wreg
   678 ;; Tracked objects:
   679 ;;		On entry : 0/0
   680 ;;		On exit  : 0/0
   681 ;;		Unchanged: 0/0
   682 ;; Data sizes:     COMMON   BANK0   BANK1   BANK3   BANK2
   683 ;;      Params:         0       0       0       0       0
   684 ;;      Locals:         0       0       0       0       0
   685 ;;      Temps:          4       0       0       0       0
   686 ;;      Totals:         4       0       0       0       0
   687 ;;Total ram usage:        4 bytes
   688 ;; Hardware stack levels used:    1
   689 ;; This function calls:
   690 ;;		Nothing
   691 ;; This function is called by:
   692 ;;		Interrupt level 1
   693 ;; This function uses a non-reentrant model
   694 ;;
   695                           
   696                           
   697                           ;psect for function _ISR
   698  0110                     _ISR:	
   699                           
   700                           ;ME_SANIEL.c: 30: if (INTF == 1) {
   701  0110  1C8B               	btfss	11,1	;volatile
   702  0111  2915               	goto	i1l649
   703                           
   704                           ;ME_SANIEL.c: 31: INTF = 0;
   705  0112  108B               	bcf	11,1	;volatile
   706                           
   707                           ;ME_SANIEL.c: 33: PORTC = current_count;
   708  0113  0827               	movf	_current_count,w
   709  0114  0087               	movwf	7	;volatile
   710  0115                     i1l649:	
   711                           
   712                           ;ME_SANIEL.c: 34: }
   713                           ;ME_SANIEL.c: 36: if (T0IF == 1) {
   714  0115  190B               	btfsc	11,2	;volatile
   715                           
   716                           ;ME_SANIEL.c: 37: T0IF = 0;
   717  0116  110B               	bcf	11,2	;volatile
   718  0117  0873               	movf	??_ISR+3,w
   719  0118  00FF               	movwf	127
   720  0119  0872               	movf	??_ISR+2,w
   721  011A  008A               	movwf	10
   722  011B  0871               	movf	??_ISR+1,w
   723  011C  0084               	movwf	4
   724  011D  0E70               	swapf	??_ISR^(0+-128),w
   725  011E  0083               	movwf	3
   726  011F  0EFE               	swapf	126,f
   727  0120  0E7E               	swapf	126,w
   728  0121  0009               	retfie
   729  0122                     __end_of_ISR:	
   730  007E                     btemp	set	126	;btemp
   731  007E                     wtemp	set	126
   732  007E                     wtemp0	set	126
   733  0080                     wtemp1	set	128
   734  0082                     wtemp2	set	130
   735  0084                     wtemp3	set	132
   736  0086                     wtemp4	set	134
   737  0088                     wtemp5	set	136
   738  007F                     wtemp6	set	127
   739  007E                     ttemp	set	126
   740  007E                     ttemp0	set	126
   741  0081                     ttemp1	set	129
   742  0084                     ttemp2	set	132
   743  0087                     ttemp3	set	135
   744  007F                     ttemp4	set	127
   745  007E                     ltemp	set	126
   746  007E                     ltemp0	set	126
   747  0082                     ltemp1	set	130
   748  0086                     ltemp2	set	134
   749  0080                     ltemp3	set	128
   750                           
   751                           	psect	intentry
   752  0004                     __pintentry:	
   753                           ;incstack = 0
   754                           ; Regs used in _ISR: [wreg]
   755                           
   756  0004                     interrupt_function:	
   757  007E                     saved_w	set	btemp
   758  0004  00FE               	movwf	btemp
   759  0005  0E03               	swapf	3,w
   760  0006  00F0               	movwf	??_ISR
   761  0007  0804               	movf	4,w
   762  0008  00F1               	movwf	??_ISR+1
   763  0009  080A               	movf	10,w
   764  000A  00F2               	movwf	??_ISR+2
   765  000B  1283               	bcf	3,5	;RP0=0, select bank0
   766  000C  1303               	bcf	3,6	;RP1=0, select bank0
   767  000D  087F               	movf	btemp+1,w
   768  000E  00F3               	movwf	??_ISR+3
   769  000F  120A  118A  2910   	ljmp	_ISR


Data Sizes:
    Strings     0
    Constant    0
    Data        0
    BSS         3
    Persistent  0
    Stack       0

Auto Spaces:
    Space          Size  Autos    Used
    COMMON           14      8      10
    BANK0            80      7       8
    BANK1            80      0       0
    BANK3            96      0       0
    BANK2            96      0       0

Pointer List with Targets:

    None.

Critical Paths under _main in COMMON

    _main->_dataCtrl
    _main->_instCtrl
    _initLCD->_instCtrl
    _instCtrl->_delay
    _dataCtrl->_delay

Critical Paths under _ISR in COMMON

    None.

Critical Paths under _main in BANK0

    _main->_delay
    _instCtrl->_delay
    _dataCtrl->_delay

Critical Paths under _ISR in BANK0

    None.

Critical Paths under _main in BANK1

    None.

Critical Paths under _ISR in BANK1

    None.

Critical Paths under _main in BANK3

    None.

Critical Paths under _ISR in BANK3

    None.

Critical Paths under _main in BANK2

    None.

Critical Paths under _ISR in BANK2

    None.

Call Graph Tables:

 ---------------------------------------------------------------------------------
 (Depth) Function   	        Calls       Base Space   Used Autos Params    Refs
 ---------------------------------------------------------------------------------
 (0) _main                                                 4     4      0    1488
                                              7 COMMON     1     1      0
                                              4 BANK0      3     3      0
                           _dataCtrl
                              _delay
                            _initLCD
                           _instCtrl
 ---------------------------------------------------------------------------------
 (1) _initLCD                                              0     0      0     362
                           _instCtrl
 ---------------------------------------------------------------------------------
 (1) _instCtrl                                             1     1      0     362
                                              6 COMMON     1     1      0
                              _delay
 ---------------------------------------------------------------------------------
 (1) _dataCtrl                                             1     1      0     362
                                              6 COMMON     1     1      0
                              _delay
 ---------------------------------------------------------------------------------
 (2) _delay                                                6     4      2     331
                                              4 COMMON     2     0      2
                                              0 BANK0      4     4      0
 ---------------------------------------------------------------------------------
 Estimated maximum stack depth 2
 ---------------------------------------------------------------------------------
 (Depth) Function   	        Calls       Base Space   Used Autos Params    Refs
 ---------------------------------------------------------------------------------
 (4) _ISR                                                  4     4      0       0
                                              0 COMMON     4     4      0
 ---------------------------------------------------------------------------------
 Estimated maximum stack depth 4
 ---------------------------------------------------------------------------------

 Call Graph Graphs:

 _main (ROOT)
   _dataCtrl
     _delay
   _delay
   _initLCD
     _instCtrl
       _delay
   _instCtrl
     _delay

 _ISR (ROOT)

 Address spaces:
Name               Size   Autos  Total    Cost      Usage
BITCOMMON            E      0       0       0        0.0%
EEDATA             100      0       0       0        0.0%
NULL                 0      0       0       0        0.0%
CODE                 0      0       0       0        0.0%
COMMON               E      8       A       1       71.4%
BITSFR0              0      0       0       1        0.0%
SFR0                 0      0       0       1        0.0%
BITSFR1              0      0       0       2        0.0%
SFR1                 0      0       0       2        0.0%
STACK                0      0       0       2        0.0%
ABS                  0      0      12       3        0.0%
BITBANK0            50      0       0       4        0.0%
BITSFR3              0      0       0       4        0.0%
SFR3                 0      0       0       4        0.0%
BANK0               50      7       8       5       10.0%
BITSFR2              0      0       0       5        0.0%
SFR2                 0      0       0       5        0.0%
BITBANK1            50      0       0       6        0.0%
BANK1               50      0       0       7        0.0%
BITBANK3            60      0       0       8        0.0%
BANK3               60      0       0       9        0.0%
BITBANK2            60      0       0      10        0.0%
BANK2               60      0       0      11        0.0%
DATA                 0      0      12      12        0.0%


Microchip Technology PIC Macro Assembler V1.33 build 59893 
Symbol Table                                                                                   Wed Mar 18 10:43:14 2026

                      _j 0078              __CFG_CP$OFF 0000                       l52 0095  
                     l29 00C5                      l701 00D6                      l703 00E3  
                    l763 0074                      l769 008F                      _RB0 0030  
                    _RB5 0035                      _RB6 0036                      _RB7 0037  
                    u175 00CB             __CFG_CPD$OFF 0000                      _ISR 0110  
                    fsr0 0004             __CFG_FOSC$XT 0000             __CFG_LVP$OFF 0000  
                   ?_ISR 0070                     _T0IF 005A                     _INTF 0059  
           __CFG_WRT$OFF 0000                     _main 001C                     btemp 007E  
          __CFG_BOREN$ON 0000                     ltemp 007E                     start 0012  
                   ttemp 007E                     wtemp 007E                    ??_ISR 0070  
                  ?_main 0070            __CFG_WDTE$OFF 0000                    i1l649 0115  
                  _PORTB 0006                    _PORTC 0007                    _TRISB 0086  
                  _TRISC 0087                    _TRISD 0088            __CFG_PWRTE$ON 0000  
        __end_of_initLCD 00C1                    _delay 00C1             main@my_count 0024  
                  pclath 000A                    ltemp0 007E                    ltemp1 0082  
                  ltemp2 0086                    ltemp3 0080                    ttemp0 007E  
                  ttemp1 0081                    ttemp2 0084                    ttemp3 0087  
                  ttemp4 007F                    status 0003                    wtemp0 007E  
                  wtemp1 0080                    wtemp2 0082                    wtemp3 0084  
                  wtemp4 0086                    wtemp5 0088                    wtemp6 007F  
        __initialization 0015             __end_of_main 0098                   ??_main 0077  
                 ?_delay 0074         __end_of_dataCtrl 0110                   delay@i 0020  
                 delay@k 0022         __end_of_instCtrl 00FD                ??_initLCD 0077  
                 saved_w 007E  __end_of__initialization 0018           __pcstackCOMMON 0070  
          __end_of_delay 00EA                  ??_delay 0076               __pbssBANK0 0027  
          _current_count 0027               __pmaintext 001C               __pintentry 0004  
              ?_dataCtrl 0070                ?_instCtrl 0070                  __ptext0 0000  
                __ptext1 0098                  __ptext2 00EA                  __ptext3 00FD  
                __ptext4 00C1                  __ptext5 0110                  _initLCD 0098  
           __size_of_ISR 0012               ??_dataCtrl 0076                  delay@ms 0074  
   end_of_initialization 0018               ??_instCtrl 0076             instCtrl@data 0076  
    start_initialization 0015              __end_of_ISR 0122              __pbssCOMMON 0078  
              ___latbits 0002            __pcstackBANK0 0020        __size_of_dataCtrl 0013  
      __size_of_instCtrl 0013                 ?_initLCD 0070                dataCtrl@b 0076  
         __size_of_delay 0029        interrupt_function 0004                main@count 0025  
               _dataCtrl 00FD         __size_of_initLCD 0029            __size_of_main 007C  
               _instCtrl 00EA                 intlevel1 0000  
