

Microchip Technology PIC LITE Macro Assembler V1.33 build 59893 
                                                                                               Mon Mar 16 17:59:11 2026

Microchip Technology Omniscient Code Generator (Lite mode) build 59893
     1                           	processor	16F877A
     2                           	opt	pw 120
     3                           	opt	lm
     4                           	psect	strings,global,class=STRING,delta=2
     5                           	psect	cinit,global,class=CODE,merge=1,delta=2
     6                           	psect	bssCOMMON,global,class=COMMON,space=1,delta=1
     7                           	psect	cstackCOMMON,global,class=COMMON,space=1,delta=1
     8                           	psect	maintext,global,class=CODE,split=1,delta=2
     9                           	psect	text1,local,class=CODE,merge=1,delta=2
    10                           	psect	intentry,global,class=CODE,delta=2
    11                           	dabs	1,0x7E,2
    12  0000                     	;# 
    13  0001                     	;# 
    14  0002                     	;# 
    15  0003                     	;# 
    16  0004                     	;# 
    17  0005                     	;# 
    18  0006                     	;# 
    19  0007                     	;# 
    20  0008                     	;# 
    21  0009                     	;# 
    22  000A                     	;# 
    23  000B                     	;# 
    24  000C                     	;# 
    25  000D                     	;# 
    26  000E                     	;# 
    27  000E                     	;# 
    28  000F                     	;# 
    29  0010                     	;# 
    30  0011                     	;# 
    31  0012                     	;# 
    32  0013                     	;# 
    33  0014                     	;# 
    34  0015                     	;# 
    35  0015                     	;# 
    36  0016                     	;# 
    37  0017                     	;# 
    38  0018                     	;# 
    39  0019                     	;# 
    40  001A                     	;# 
    41  001B                     	;# 
    42  001B                     	;# 
    43  001C                     	;# 
    44  001D                     	;# 
    45  001E                     	;# 
    46  001F                     	;# 
    47  0081                     	;# 
    48  0085                     	;# 
    49  0086                     	;# 
    50  0087                     	;# 
    51  0088                     	;# 
    52  0089                     	;# 
    53  008C                     	;# 
    54  008D                     	;# 
    55  008E                     	;# 
    56  0091                     	;# 
    57  0092                     	;# 
    58  0093                     	;# 
    59  0094                     	;# 
    60  0098                     	;# 
    61  0099                     	;# 
    62  009C                     	;# 
    63  009D                     	;# 
    64  009E                     	;# 
    65  009F                     	;# 
    66  010C                     	;# 
    67  010D                     	;# 
    68  010E                     	;# 
    69  010F                     	;# 
    70  018C                     	;# 
    71  018D                     	;# 
    72                           
    73                           	psect	strings
    74  0066                     __pstrings:	
    75  0066                     stringtab:	
    76  0066                     __stringtab:	
    77  0066                     stringcode:	
    78                           ;	String table - string pointers are 1 byte each
    79                           
    80  0066                     stringdir:	
    81  0066  3000               	movlw	high stringdir
    82  0067  008A               	movwf	10
    83  0068  0804               	movf	4,w
    84  0069  0A84               	incf	4,f
    85  006A  0782               	addwf	2,f
    86  006B                     __stringbase:	
    87  006B  3400               	retlw	0
    88  006C                     __end_of__stringtab:	
    89  006C                     _keyMap:	
    90  006C  3401               	retlw	1
    91  006D  3402               	retlw	2
    92  006E  3403               	retlw	3
    93  006F  3400               	retlw	0
    94  0070  3404               	retlw	4
    95  0071  3405               	retlw	5
    96  0072  3406               	retlw	6
    97  0073  3400               	retlw	0
    98  0074  3407               	retlw	7
    99  0075  3408               	retlw	8
   100  0076  3409               	retlw	9
   101  0077  3400               	retlw	0
   102  0078  3400               	retlw	0
   103  0079  3400               	retlw	0
   104  007A  3400               	retlw	0
   105  007B  3400               	retlw	0
   106  007C                     __end_of_keyMap:	
   107  0007                     _PORTC	set	7
   108  0008                     _PORTD	set	8
   109  005F                     _GIE	set	95
   110  005C                     _INTE	set	92
   111  0059                     _INTF	set	89
   112  0081                     _OPTION_REG	set	129
   113  0086                     _TRISB	set	134
   114  0087                     _TRISC	set	135
   115  0088                     _TRISD	set	136
   116                           
   117                           ; #config settings
   118  0000                     
   119                           	psect	cinit
   120  0015                     start_initialization:	
   121  0015                     __initialization:	
   122                           
   123                           ; Clear objects allocated to COMMON
   124  0015  01F8               	clrf	__pbssCOMMON& (0+127)
   125  0016  01F9               	clrf	(__pbssCOMMON+1)& (0+127)
   126  0017                     end_of_initialization:	
   127                           ;End of C runtime variable initialization code
   128                           
   129  0017                     __end_of__initialization:	
   130  0017  0183               	clrf	3
   131  0018  120A  118A  281B   	ljmp	_main	;jump to C main() function
   132                           
   133                           	psect	bssCOMMON
   134  0078                     __pbssCOMMON:	
   135  0078                     _current_count:	
   136  0078                     	ds	1
   137  0079                     _raw_key:	
   138  0079                     	ds	1
   139                           
   140                           	psect	cstackCOMMON
   141  0070                     __pcstackCOMMON:	
   142  0070                     ?_ISR:	
   143  0070                     ??_ISR:	
   144                           ; 0 bytes @ 0x0
   145                           
   146  0070                     ?_main:	
   147                           ; 0 bytes @ 0x0
   148                           
   149                           
   150                           ; 0 bytes @ 0x0
   151  0070                     	ds	5
   152  0075                     ??_main:	
   153                           
   154                           ; 0 bytes @ 0x5
   155  0075                     	ds	3
   156                           
   157                           	psect	maintext
   158  001B                     __pmaintext:	
   159 ;;
   160 ;;Main: autosize = 0, tempsize = 3, incstack = 0, save=0
   161 ;;
   162 ;; *************** function _main *****************
   163 ;; Defined at:
   164 ;;		line 40 in file "C:\Users\ASUS\Downloads\Embedded\LE3-3.c"
   165 ;; Parameters:    Size  Location     Type
   166 ;;		None
   167 ;; Auto vars:     Size  Location     Type
   168 ;;		None
   169 ;; Return value:  Size  Location     Type
   170 ;;		None               void
   171 ;; Registers used:
   172 ;;		wreg, status,2, status,0
   173 ;; Tracked objects:
   174 ;;		On entry : 17F/0
   175 ;;		On exit  : 0/0
   176 ;;		Unchanged: 0/0
   177 ;; Data sizes:     COMMON   BANK0   BANK1   BANK3   BANK2
   178 ;;      Params:         0       0       0       0       0
   179 ;;      Locals:         0       0       0       0       0
   180 ;;      Temps:          3       0       0       0       0
   181 ;;      Totals:         3       0       0       0       0
   182 ;;Total ram usage:        3 bytes
   183 ;; Hardware stack levels required when called:    2
   184 ;; This function calls:
   185 ;;		Nothing
   186 ;; This function is called by:
   187 ;;		Startup code after reset
   188 ;; This function uses a non-reentrant model
   189 ;;
   190                           
   191                           
   192                           ;psect for function _main
   193  001B                     _main:	
   194                           
   195                           ;LE3-3.c: 42: TRISB = 0xFF;
   196                           
   197                           ;incstack = 0
   198                           ; Regs used in _main: [wreg+status,2+status,0]
   199  001B  30FF               	movlw	255
   200  001C  1683               	bsf	3,5	;RP0=1, select bank1
   201  001D  1303               	bcf	3,6	;RP1=0, select bank1
   202  001E  0086               	movwf	6	;volatile
   203                           
   204                           ;LE3-3.c: 43: TRISC = 0x00;
   205  001F  0187               	clrf	7	;volatile
   206                           
   207                           ;LE3-3.c: 44: TRISD = 0xFF;
   208  0020  30FF               	movlw	255
   209  0021  0088               	movwf	8	;volatile
   210                           
   211                           ;LE3-3.c: 46: PORTC = current_count;
   212  0022  0878               	movf	_current_count,w
   213  0023  1283               	bcf	3,5	;RP0=0, select bank0
   214  0024  1303               	bcf	3,6	;RP1=0, select bank0
   215  0025  0087               	movwf	7	;volatile
   216                           
   217                           ;LE3-3.c: 50: OPTION_REG = 0x40;
   218  0026  3040               	movlw	64
   219  0027  1683               	bsf	3,5	;RP0=1, select bank1
   220  0028  1303               	bcf	3,6	;RP1=0, select bank1
   221  0029  0081               	movwf	1	;volatile
   222                           
   223                           ;LE3-3.c: 52: INTF = 0;
   224  002A  108B               	bcf	11,1	;volatile
   225                           
   226                           ;LE3-3.c: 53: INTE = 1;
   227  002B  160B               	bsf	11,4	;volatile
   228                           
   229                           ;LE3-3.c: 55: GIE = 1;
   230  002C  178B               	bsf	11,7	;volatile
   231  002D                     l520:	
   232                           ;LE3-3.c: 58: while(1) {
   233                           
   234                           
   235                           ;LE3-3.c: 60: _delay((unsigned long)((800)*(4000000/4000.0)));
   236  002D  3005               	movlw	5
   237  002E  00F7               	movwf	??_main+2
   238  002F  300F               	movlw	15
   239  0030  00F6               	movwf	??_main+1
   240  0031  30F4               	movlw	244
   241  0032  00F5               	movwf	??_main
   242  0033                     u37:	
   243  0033  0BF5               	decfsz	??_main,f
   244  0034  2833               	goto	u37
   245  0035  0BF6               	decfsz	??_main+1,f
   246  0036  2833               	goto	u37
   247  0037  0BF7               	decfsz	??_main+2,f
   248  0038  2833               	goto	u37
   249                           
   250                           ;LE3-3.c: 63: current_count++;
   251  0039  3001               	movlw	1
   252  003A  00F5               	movwf	??_main
   253  003B  0875               	movf	??_main,w
   254  003C  07F8               	addwf	_current_count,f
   255                           
   256                           ;LE3-3.c: 66: if (current_count > 9) {
   257  003D  300A               	movlw	10
   258  003E  0278               	subwf	_current_count,w
   259  003F  1803               	btfsc	3,0
   260                           
   261                           ;LE3-3.c: 67: current_count = 0;
   262  0040  01F8               	clrf	_current_count
   263                           
   264                           ;LE3-3.c: 68: }
   265                           ;LE3-3.c: 71: PORTC = current_count;
   266  0041  0878               	movf	_current_count,w
   267  0042  1283               	bcf	3,5	;RP0=0, select bank0
   268  0043  1303               	bcf	3,6	;RP1=0, select bank0
   269  0044  0087               	movwf	7	;volatile
   270  0045  282D               	goto	l520
   271  0046                     __end_of_main:	
   272                           
   273                           	psect	text1
   274  0046                     __ptext1:	
   275 ;; *************** function _ISR *****************
   276 ;; Defined at:
   277 ;;		line 25 in file "C:\Users\ASUS\Downloads\Embedded\LE3-3.c"
   278 ;; Parameters:    Size  Location     Type
   279 ;;		None
   280 ;; Auto vars:     Size  Location     Type
   281 ;;		None
   282 ;; Return value:  Size  Location     Type
   283 ;;		None               void
   284 ;; Registers used:
   285 ;;		wreg, fsr0l, fsr0h, status,2, status,0, pclath
   286 ;; Tracked objects:
   287 ;;		On entry : 0/0
   288 ;;		On exit  : 0/0
   289 ;;		Unchanged: 0/0
   290 ;; Data sizes:     COMMON   BANK0   BANK1   BANK3   BANK2
   291 ;;      Params:         0       0       0       0       0
   292 ;;      Locals:         0       0       0       0       0
   293 ;;      Temps:          5       0       0       0       0
   294 ;;      Totals:         5       0       0       0       0
   295 ;;Total ram usage:        5 bytes
   296 ;; Hardware stack levels used:    2
   297 ;; This function calls:
   298 ;;		Nothing
   299 ;; This function is called by:
   300 ;;		Interrupt level 1
   301 ;; This function uses a non-reentrant model
   302 ;;
   303                           
   304                           
   305                           ;psect for function _ISR
   306  0046                     _ISR:	
   307                           
   308                           ;LE3-3.c: 28: if (INTF == 1) {
   309  0046  1C8B               	btfss	11,1	;volatile
   310  0047  285B               	goto	i1l30
   311                           
   312                           ;LE3-3.c: 29: INTF = 0;
   313  0048  108B               	bcf	11,1	;volatile
   314                           
   315                           ;LE3-3.c: 32: raw_key = PORTD & 0x0F;
   316  0049  0808               	movf	8,w	;volatile
   317  004A  390F               	andlw	15
   318  004B  00F0               	movwf	??_ISR
   319  004C  0870               	movf	??_ISR,w
   320  004D  00F9               	movwf	_raw_key
   321                           
   322                           ;LE3-3.c: 33: current_count = keyMap[raw_key];
   323  004E  0879               	movf	_raw_key,w
   324  004F  3E01               	addlw	low (_keyMap-__stringbase)
   325  0050  0084               	movwf	4
   326  0051  120A  118A  2066  120A  118A  	fcall	stringdir
   327  0056  00F0               	movwf	??_ISR
   328  0057  0870               	movf	??_ISR,w
   329  0058  00F8               	movwf	_current_count
   330                           
   331                           ;LE3-3.c: 36: PORTC = current_count;
   332  0059  0878               	movf	_current_count,w
   333  005A  0087               	movwf	7	;volatile
   334  005B                     i1l30:	
   335  005B  0874               	movf	??_ISR+4,w
   336  005C  00FF               	movwf	127
   337  005D  0873               	movf	??_ISR+3,w
   338  005E  008A               	movwf	10
   339  005F  0872               	movf	??_ISR+2,w
   340  0060  0084               	movwf	4
   341  0061  0E71               	swapf	(??_ISR+1)^(0+-128),w
   342  0062  0083               	movwf	3
   343  0063  0EFE               	swapf	126,f
   344  0064  0E7E               	swapf	126,w
   345  0065  0009               	retfie
   346  0066                     __end_of_ISR:	
   347  007E                     btemp	set	126	;btemp
   348  007E                     wtemp	set	126
   349  007E                     wtemp0	set	126
   350  0080                     wtemp1	set	128
   351  0082                     wtemp2	set	130
   352  0084                     wtemp3	set	132
   353  0086                     wtemp4	set	134
   354  0088                     wtemp5	set	136
   355  007F                     wtemp6	set	127
   356  007E                     ttemp	set	126
   357  007E                     ttemp0	set	126
   358  0081                     ttemp1	set	129
   359  0084                     ttemp2	set	132
   360  0087                     ttemp3	set	135
   361  007F                     ttemp4	set	127
   362  007E                     ltemp	set	126
   363  007E                     ltemp0	set	126
   364  0082                     ltemp1	set	130
   365  0086                     ltemp2	set	134
   366  0080                     ltemp3	set	128
   367                           
   368                           	psect	intentry
   369  0004                     __pintentry:	
   370                           ;incstack = 0
   371                           ; Regs used in _ISR: [wreg-fsr0h+status,2+status,0+pclath]
   372                           
   373  0004                     interrupt_function:	
   374  007E                     saved_w	set	btemp
   375  0004  00FE               	movwf	btemp
   376  0005  0E03               	swapf	3,w
   377  0006  00F1               	movwf	??_ISR+1
   378  0007  0804               	movf	4,w
   379  0008  00F2               	movwf	??_ISR+2
   380  0009  080A               	movf	10,w
   381  000A  00F3               	movwf	??_ISR+3
   382  000B  1283               	bcf	3,5	;RP0=0, select bank0
   383  000C  1303               	bcf	3,6	;RP1=0, select bank0
   384  000D  087F               	movf	btemp+1,w
   385  000E  00F4               	movwf	??_ISR+4
   386  000F  120A  118A  2846   	ljmp	_ISR


Data Sizes:
    Strings     0
    Constant    16
    Data        0
    BSS         2
    Persistent  0
    Stack       0

Auto Spaces:
    Space          Size  Autos    Used
    COMMON           14      8      10
    BANK0            80      0       0
    BANK1            80      0       0
    BANK3            96      0       0
    BANK2            96      0       0

Pointer List with Targets:

    None.

Critical Paths under _main in COMMON

    None.

Critical Paths under _ISR in COMMON

    None.

Critical Paths under _main in BANK0

    None.

Critical Paths under _ISR in BANK0

    None.

Critical Paths under _main in BANK1

    None.

Critical Paths under _ISR in BANK1

    None.

Critical Paths under _main in BANK3

    None.

Critical Paths under _ISR in BANK3

    None.

Critical Paths under _main in BANK2

    None.

Critical Paths under _ISR in BANK2

    None.

Call Graph Tables:

 ---------------------------------------------------------------------------------
 (Depth) Function   	        Calls       Base Space   Used Autos Params    Refs
 ---------------------------------------------------------------------------------
 (0) _main                                                 3     3      0       0
                                              5 COMMON     3     3      0
 ---------------------------------------------------------------------------------
 Estimated maximum stack depth 0
 ---------------------------------------------------------------------------------
 (Depth) Function   	        Calls       Base Space   Used Autos Params    Refs
 ---------------------------------------------------------------------------------
 (2) _ISR                                                  5     5      0       0
                                              0 COMMON     5     5      0
 ---------------------------------------------------------------------------------
 Estimated maximum stack depth 2
 ---------------------------------------------------------------------------------

 Call Graph Graphs:

 _main (ROOT)

 _ISR (ROOT)

 Address spaces:
Name               Size   Autos  Total    Cost      Usage
BITCOMMON            E      0       0       0        0.0%
EEDATA             100      0       0       0        0.0%
NULL                 0      0       0       0        0.0%
CODE                 0      0       0       0        0.0%
COMMON               E      8       A       1       71.4%
BITSFR0              0      0       0       1        0.0%
SFR0                 0      0       0       1        0.0%
BITSFR1              0      0       0       2        0.0%
SFR1                 0      0       0       2        0.0%
STACK                0      0       0       2        0.0%
ABS                  0      0       A       3        0.0%
BITBANK0            50      0       0       4        0.0%
BITSFR3              0      0       0       4        0.0%
SFR3                 0      0       0       4        0.0%
BANK0               50      0       0       5        0.0%
BITSFR2              0      0       0       5        0.0%
SFR2                 0      0       0       5        0.0%
BITBANK1            50      0       0       6        0.0%
BANK1               50      0       0       7        0.0%
BITBANK3            60      0       0       8        0.0%
BANK3               60      0       0       9        0.0%
BITBANK2            60      0       0      10        0.0%
BANK2               60      0       0      11        0.0%
DATA                 0      0       A      12        0.0%


Microchip Technology PIC Macro Assembler V1.33 build 59893 
Symbol Table                                                                                   Mon Mar 16 17:59:11 2026

                      pc 0002              __CFG_CP$OFF 0000                       u37 0033  
                     fsr 0004                      l520 002D                      _GIE 005F  
           __CFG_CPD$OFF 0000                      _ISR 0046                      fsr0 0004  
           __CFG_FOSC$XT 0000             __CFG_LVP$OFF 0000                     ?_ISR 0070  
                   _INTE 005C                     i1l30 005B                     _INTF 0059  
           __CFG_WRT$OFF 0000                     _main 001B                     btemp 007E  
          __CFG_BOREN$ON 0000                     ltemp 007E                     start 0012  
                   ttemp 007E                     wtemp 007E                    ??_ISR 0070  
                  ?_main 0070            __CFG_WDTE$OFF 0000                    _PORTC 0007  
                  _PORTD 0008                    _TRISB 0086                    _TRISC 0087  
                  _TRISD 0088            __CFG_PWRTE$ON 0000                    pclath 000A  
                  ltemp0 007E                    ltemp1 0082                    ltemp2 0086  
                  ltemp3 0080                    ttemp0 007E                    ttemp1 0081  
                  ttemp2 0084                    ttemp3 0087                    ttemp4 007F  
                  status 0003                    wtemp0 007E                    wtemp1 0080  
                  wtemp2 0082                    wtemp3 0084                    wtemp4 0086  
                  wtemp5 0088                    wtemp6 007F          __initialization 0015  
           __end_of_main 0046                   ??_main 0075                   _keyMap 006C  
                 saved_w 007E  __end_of__initialization 0017           __pcstackCOMMON 0070  
          _current_count 0078               __pmaintext 001B               __pintentry 0004  
             __stringtab 0066                  __ptext1 0046             __size_of_ISR 0020  
                _raw_key 0079     end_of_initialization 0017           __end_of_keyMap 007C  
    start_initialization 0015              __end_of_ISR 0066              __pbssCOMMON 0078  
              ___latbits 0002                __pstrings 0066        interrupt_function 0004  
            __stringbase 006B       __end_of__stringtab 006C            __size_of_main 002B  
               intlevel1 0000                stringcode 0066               _OPTION_REG 0081  
               stringdir 0066                 stringtab 0066  
