

Microchip Technology PIC LITE Macro Assembler V1.33 build 59893 
                                                                                               Wed Feb 18 10:15:15 2026

Microchip Technology Omniscient Code Generator (Lite mode) build 59893
     1                           	processor	16F877A
     2                           	opt	pw 120
     3                           	opt	lm
     4                           	psect	text0,local,class=CODE,merge=1,delta=2
     5                           	psect	cinit,global,class=CODE,merge=1,delta=2
     6                           	psect	cstackCOMMON,global,class=COMMON,space=1,delta=1
     7                           	psect	maintext,global,class=CODE,split=1,delta=2
     8                           	psect	text1,local,class=CODE,merge=1,delta=2
     9                           	dabs	1,0x7E,2
    10  0000                     	;# 
    11  0001                     	;# 
    12  0002                     	;# 
    13  0003                     	;# 
    14  0004                     	;# 
    15  0005                     	;# 
    16  0006                     	;# 
    17  0007                     	;# 
    18  0008                     	;# 
    19  0009                     	;# 
    20  000A                     	;# 
    21  000B                     	;# 
    22  000C                     	;# 
    23  000D                     	;# 
    24  000E                     	;# 
    25  000E                     	;# 
    26  000F                     	;# 
    27  0010                     	;# 
    28  0011                     	;# 
    29  0012                     	;# 
    30  0013                     	;# 
    31  0014                     	;# 
    32  0015                     	;# 
    33  0015                     	;# 
    34  0016                     	;# 
    35  0017                     	;# 
    36  0018                     	;# 
    37  0019                     	;# 
    38  001A                     	;# 
    39  001B                     	;# 
    40  001B                     	;# 
    41  001C                     	;# 
    42  001D                     	;# 
    43  001E                     	;# 
    44  001F                     	;# 
    45  0081                     	;# 
    46  0085                     	;# 
    47  0086                     	;# 
    48  0087                     	;# 
    49  0088                     	;# 
    50  0089                     	;# 
    51  008C                     	;# 
    52  008D                     	;# 
    53  008E                     	;# 
    54  0091                     	;# 
    55  0092                     	;# 
    56  0093                     	;# 
    57  0094                     	;# 
    58  0098                     	;# 
    59  0099                     	;# 
    60  009C                     	;# 
    61  009D                     	;# 
    62  009E                     	;# 
    63  009F                     	;# 
    64  010C                     	;# 
    65  010D                     	;# 
    66  010E                     	;# 
    67  010F                     	;# 
    68  018C                     	;# 
    69  018D                     	;# 
    70  0006                     _PORTB	set	6
    71  0028                     _RA0	set	40
    72  0030                     _RB0	set	48
    73  009F                     _ADCON1	set	159
    74  0085                     _TRISA	set	133
    75  0086                     _TRISB	set	134
    76                           
    77                           	psect	text0
    78  0000                     __ptext0:	
    79                           ; #config settings
    80                           
    81                           
    82                           ;psect for function _delay_loop
    83  0000                     
    84                           	psect	cinit
    85  07FC                     start_initialization:	
    86  07FC                     __initialization:	
    87  07FC                     end_of_initialization:	
    88                           ;End of C runtime variable initialization code
    89                           
    90  07FC                     __end_of__initialization:	
    91  07FC  0183               	clrf	3
    92  07FD  120A  118A  2FCA   	ljmp	_main	;jump to C main() function
    93                           
    94                           	psect	cstackCOMMON
    95  0070                     __pcstackCOMMON:	
    96  0070                     ?_delay_loop:	
    97  0070                     ??_delay_loop:	
    98                           ; 0 bytes @ 0x0
    99                           
   100  0070                     ?_main:	
   101                           ; 0 bytes @ 0x0
   102                           
   103  0070                     delay_loop@cnt:	
   104                           ; 0 bytes @ 0x0
   105                           
   106                           
   107                           ; 2 bytes @ 0x0
   108  0070                     	ds	2
   109  0072                     ??_main:	
   110  0072                     main@i:	
   111                           ; 0 bytes @ 0x2
   112                           
   113                           
   114                           ; 2 bytes @ 0x2
   115  0072                     	ds	2
   116                           
   117                           	psect	maintext
   118  07CA                     __pmaintext:	
   119 ;;
   120 ;;Main: autosize = 0, tempsize = 0, incstack = 0, save=0
   121 ;;
   122 ;; *************** function _main *****************
   123 ;; Defined at:
   124 ;;		line 18 in file "Z:\CPE3201_SANIEL\PracticalActivities\PA1\LE1.c"
   125 ;; Parameters:    Size  Location     Type
   126 ;;		None
   127 ;; Auto vars:     Size  Location     Type
   128 ;;  i               2    2[COMMON] int 
   129 ;; Return value:  Size  Location     Type
   130 ;;		None               void
   131 ;; Registers used:
   132 ;;		wreg, status,2, status,0, btemp+1, pclath, cstack
   133 ;; Tracked objects:
   134 ;;		On entry : 17F/0
   135 ;;		On exit  : 0/0
   136 ;;		Unchanged: 0/0
   137 ;; Data sizes:     COMMON   BANK0   BANK1   BANK3   BANK2
   138 ;;      Params:         0       0       0       0       0
   139 ;;      Locals:         2       0       0       0       0
   140 ;;      Temps:          0       0       0       0       0
   141 ;;      Totals:         2       0       0       0       0
   142 ;;Total ram usage:        2 bytes
   143 ;; Hardware stack levels required when called:    1
   144 ;; This function calls:
   145 ;;		_delay_loop
   146 ;; This function is called by:
   147 ;;		Startup code after reset
   148 ;; This function uses a non-reentrant model
   149 ;;
   150                           
   151                           
   152                           ;psect for function _main
   153  07CA                     _main:	
   154                           
   155                           ;LE1.c: 19: ADCON1 = 0x07;
   156                           
   157                           ;incstack = 0
   158                           ; Regs used in _main: [wreg+status,2+status,0+btemp+1+pclath+cstack]
   159  07CA  3007               	movlw	7
   160  07CB  1683               	bsf	3,5	;RP0=1, select bank1
   161  07CC  1303               	bcf	3,6	;RP1=0, select bank1
   162  07CD  009F               	movwf	31	;volatile
   163                           
   164                           ;LE1.c: 20: TRISB = 0x00;
   165  07CE  0186               	clrf	6	;volatile
   166                           
   167                           ;LE1.c: 21: TRISA = 0x01;
   168  07CF  3001               	movlw	1
   169  07D0  0085               	movwf	5	;volatile
   170                           
   171                           ;LE1.c: 22: PORTB = 0X00;
   172  07D1  1283               	bcf	3,5	;RP0=0, select bank0
   173  07D2  1303               	bcf	3,6	;RP1=0, select bank0
   174  07D3  0186               	clrf	6	;volatile
   175  07D4                     l499:	
   176                           ;LE1.c: 24: while(1) {
   177                           
   178                           
   179                           ;LE1.c: 25: if(RA0 == 1) {
   180  07D4  1283               	bcf	3,5	;RP0=0, select bank0
   181  07D5  1303               	bcf	3,6	;RP1=0, select bank0
   182  07D6  1C05               	btfss	5,0	;volatile
   183  07D7  2FD4               	goto	l499
   184                           
   185                           ;LE1.c: 26: for(int i = 0; i < 3; i++) {
   186  07D8  01F2               	clrf	main@i
   187  07D9  01F3               	clrf	main@i+1
   188  07DA                     L1:	
   189  07DA  0873               	movf	main@i+1,w
   190  07DB  3A80               	xorlw	128
   191  07DC  00FF               	movwf	127
   192  07DD  3080               	movlw	128
   193  07DE  027F               	subwf	127,w
   194  07DF  1D03               	skipz
   195  07E0  2FE3               	goto	u45
   196  07E1  3003               	movlw	3
   197  07E2  0272               	subwf	main@i,w
   198  07E3                     u45:	
   199  07E3  1803               	btfsc	3,0
   200  07E4  2FD4               	goto	l499
   201                           
   202                           ;LE1.c: 27: RB0 = 1;
   203  07E5  1283               	bcf	3,5	;RP0=0, select bank0
   204  07E6  1303               	bcf	3,6	;RP1=0, select bank0
   205  07E7  1406               	bsf	6,0	;volatile
   206                           
   207                           ;LE1.c: 28: delay_loop();
   208  07E8  120A  118A  27B6  120A  118A  	fcall	_delay_loop
   209                           
   210                           ;LE1.c: 29: RB0 = 0;
   211  07ED  1283               	bcf	3,5	;RP0=0, select bank0
   212  07EE  1303               	bcf	3,6	;RP1=0, select bank0
   213  07EF  1006               	bcf	6,0	;volatile
   214                           
   215                           ;LE1.c: 30: delay_loop();
   216  07F0  120A  118A  27B6  120A  118A  	fcall	_delay_loop
   217  07F5  3001               	movlw	1
   218  07F6  07F2               	addwf	main@i,f
   219  07F7  1803               	skipnc
   220  07F8  0AF3               	incf	main@i+1,f
   221  07F9  3000               	movlw	0
   222  07FA  07F3               	addwf	main@i+1,f
   223  07FB  2FDA               	goto	L1
   224  07FC                     __end_of_main:	
   225                           
   226                           	psect	text1
   227  07B6                     __ptext1:	
   228 ;; *************** function _delay_loop *****************
   229 ;; Defined at:
   230 ;;		line 13 in file "Z:\CPE3201_SANIEL\PracticalActivities\PA1\LE1.c"
   231 ;; Parameters:    Size  Location     Type
   232 ;;		None
   233 ;; Auto vars:     Size  Location     Type
   234 ;;  cnt             2    0[COMMON] int 
   235 ;; Return value:  Size  Location     Type
   236 ;;		None               void
   237 ;; Registers used:
   238 ;;		wreg, status,2, btemp+1
   239 ;; Tracked objects:
   240 ;;		On entry : 0/0
   241 ;;		On exit  : 0/0
   242 ;;		Unchanged: 0/0
   243 ;; Data sizes:     COMMON   BANK0   BANK1   BANK3   BANK2
   244 ;;      Params:         0       0       0       0       0
   245 ;;      Locals:         2       0       0       0       0
   246 ;;      Temps:          0       0       0       0       0
   247 ;;      Totals:         2       0       0       0       0
   248 ;;Total ram usage:        2 bytes
   249 ;; Hardware stack levels used:    1
   250 ;; This function calls:
   251 ;;		Nothing
   252 ;; This function is called by:
   253 ;;		_main
   254 ;; This function uses a non-reentrant model
   255 ;;
   256                           
   257                           
   258                           ;psect for function _delay_loop
   259  07B6                     _delay_loop:	
   260                           
   261                           ;LE1.c: 14: int cnt;
   262                           ;LE1.c: 15: for(cnt = 0; cnt < 10000; cnt++);
   263                           
   264                           ;incstack = 0
   265                           ; Regs used in _delay_loop: [wreg+status,2+btemp+1]
   266  07B6  01F0               	clrf	delay_loop@cnt
   267  07B7  01F1               	clrf	delay_loop@cnt+1
   268  07B8                     L2:	
   269  07B8  0871               	movf	delay_loop@cnt+1,w
   270  07B9  3A80               	xorlw	128
   271  07BA  00FF               	movwf	127
   272  07BB  30A7               	movlw	167
   273  07BC  027F               	subwf	127,w
   274  07BD  1D03               	skipz
   275  07BE  2FC1               	goto	u15
   276  07BF  3010               	movlw	16
   277  07C0  0270               	subwf	delay_loop@cnt,w
   278  07C1                     u15:	
   279  07C1  1803               	btfsc	3,0
   280  07C2  0008               	return
   281  07C3  3001               	movlw	1
   282  07C4  07F0               	addwf	delay_loop@cnt,f
   283  07C5  1803               	skipnc
   284  07C6  0AF1               	incf	delay_loop@cnt+1,f
   285  07C7  3000               	movlw	0
   286  07C8  07F1               	addwf	delay_loop@cnt+1,f
   287  07C9  2FB8               	goto	L2
   288  07CA                     __end_of_delay_loop:	
   289  007E                     btemp	set	126	;btemp
   290  007E                     wtemp	set	126
   291  007E                     wtemp0	set	126
   292  0080                     wtemp1	set	128
   293  0082                     wtemp2	set	130
   294  0084                     wtemp3	set	132
   295  0086                     wtemp4	set	134
   296  0088                     wtemp5	set	136
   297  007F                     wtemp6	set	127
   298  007E                     ttemp	set	126
   299  007E                     ttemp0	set	126
   300  0081                     ttemp1	set	129
   301  0084                     ttemp2	set	132
   302  0087                     ttemp3	set	135
   303  007F                     ttemp4	set	127
   304  007E                     ltemp	set	126
   305  007E                     ltemp0	set	126
   306  0082                     ltemp1	set	130
   307  0086                     ltemp2	set	134
   308  0080                     ltemp3	set	128


Data Sizes:
    Strings     0
    Constant    0
    Data        0
    BSS         0
    Persistent  0
    Stack       0

Auto Spaces:
    Space          Size  Autos    Used
    COMMON           14      4       4
    BANK0            80      0       0
    BANK1            80      0       0
    BANK3            96      0       0
    BANK2            96      0       0

Pointer List with Targets:

    None.

Critical Paths under _main in COMMON

    _main->_delay_loop

Critical Paths under _main in BANK0

    None.

Critical Paths under _main in BANK1

    None.

Critical Paths under _main in BANK3

    None.

Critical Paths under _main in BANK2

    None.

Call Graph Tables:

 ---------------------------------------------------------------------------------
 (Depth) Function   	        Calls       Base Space   Used Autos Params    Refs
 ---------------------------------------------------------------------------------
 (0) _main                                                 2     2      0      60
                                              2 COMMON     2     2      0
                         _delay_loop
 ---------------------------------------------------------------------------------
 (1) _delay_loop                                           2     2      0      30
                                              0 COMMON     2     2      0
 ---------------------------------------------------------------------------------
 Estimated maximum stack depth 1
 ---------------------------------------------------------------------------------

 Call Graph Graphs:

 _main (ROOT)
   _delay_loop

 Address spaces:
Name               Size   Autos  Total    Cost      Usage
BITCOMMON            E      0       0       0        0.0%
EEDATA             100      0       0       0        0.0%
NULL                 0      0       0       0        0.0%
CODE                 0      0       0       0        0.0%
COMMON               E      4       4       1       28.6%
BITSFR0              0      0       0       1        0.0%
SFR0                 0      0       0       1        0.0%
BITSFR1              0      0       0       2        0.0%
SFR1                 0      0       0       2        0.0%
STACK                0      0       0       2        0.0%
ABS                  0      0       0       3        0.0%
BITBANK0            50      0       0       4        0.0%
BITSFR3              0      0       0       4        0.0%
SFR3                 0      0       0       4        0.0%
BANK0               50      0       0       5        0.0%
BITSFR2              0      0       0       5        0.0%
SFR2                 0      0       0       5        0.0%
BITBANK1            50      0       0       6        0.0%
BANK1               50      0       0       7        0.0%
BITBANK3            60      0       0       8        0.0%
BANK3               60      0       0       9        0.0%
BITBANK2            60      0       0      10        0.0%
BANK2               60      0       0      11        0.0%
DATA                 0      0       0      12        0.0%


Microchip Technology PIC Macro Assembler V1.33 build 59893 
Symbol Table                                                                                   Wed Feb 18 10:15:15 2026

            __CFG_CP$OFF 0000                       u15 07C1                       u45 07E3  
                    l499 07D4                      _RA0 0028                      _RB0 0030  
           __CFG_CPD$OFF 0000             __CFG_FOSC$XT 0000             __CFG_LVP$OFF 0000  
           __CFG_WRT$OFF 0000                     _main 07CA                     btemp 007E  
          __CFG_BOREN$ON 0000                     ltemp 007E                     start 0000  
                   ttemp 007E                     wtemp 007E                    ?_main 0070  
          __CFG_WDTE$OFF 0000                    _PORTB 0006                    _TRISA 0085  
                  _TRISB 0086            __CFG_PWRTE$ON 0000                    main@i 0072  
                  ltemp0 007E                    ltemp1 0082                    ltemp2 0086  
                  ltemp3 0080                    ttemp0 007E                    ttemp1 0081  
                  ttemp2 0084                    ttemp3 0087                    ttemp4 007F  
                  status 0003                    wtemp0 007E                    wtemp1 0080  
                  wtemp2 0082                    wtemp3 0084                    wtemp4 0086  
                  wtemp5 0088                    wtemp6 007F          __initialization 07FC  
           __end_of_main 07FC                   ??_main 0072                   _ADCON1 009F  
__end_of__initialization 07FC           __pcstackCOMMON 0070               _delay_loop 07B6  
             __pmaintext 07CA                  __ptext0 0000                  __ptext1 07B6  
   end_of_initialization 07FC              ?_delay_loop 0070            delay_loop@cnt 0070  
    start_initialization 07FC      __size_of_delay_loop 0014                ___latbits 0002  
           ??_delay_loop 0070       __end_of_delay_loop 07CA            __size_of_main 0032  
