

Microchip Technology PIC LITE Macro Assembler V1.33 build 59893 
                                                                                               Mon Mar 02 08:46:52 2026

Microchip Technology Omniscient Code Generator (Lite mode) build 59893
     1                           	processor	16F877A
     2                           	opt	pw 120
     3                           	opt	lm
     4                           	psect	text0,local,class=CODE,merge=1,delta=2
     5                           	psect	cinit,global,class=CODE,merge=1,delta=2
     6                           	psect	bssCOMMON,global,class=COMMON,space=1,delta=1
     7                           	psect	cstackCOMMON,global,class=COMMON,space=1,delta=1
     8                           	psect	maintext,global,class=CODE,split=1,delta=2
     9                           	psect	text1,local,class=CODE,merge=1,delta=2
    10                           	psect	text2,local,class=CODE,merge=1,delta=2
    11                           	psect	text3,local,class=CODE,merge=1,delta=2
    12                           	dabs	1,0x7E,2
    13  0000                     	;# 
    14  0001                     	;# 
    15  0002                     	;# 
    16  0003                     	;# 
    17  0004                     	;# 
    18  0005                     	;# 
    19  0006                     	;# 
    20  0007                     	;# 
    21  0008                     	;# 
    22  0009                     	;# 
    23  000A                     	;# 
    24  000B                     	;# 
    25  000C                     	;# 
    26  000D                     	;# 
    27  000E                     	;# 
    28  000E                     	;# 
    29  000F                     	;# 
    30  0010                     	;# 
    31  0011                     	;# 
    32  0012                     	;# 
    33  0013                     	;# 
    34  0014                     	;# 
    35  0015                     	;# 
    36  0015                     	;# 
    37  0016                     	;# 
    38  0017                     	;# 
    39  0018                     	;# 
    40  0019                     	;# 
    41  001A                     	;# 
    42  001B                     	;# 
    43  001B                     	;# 
    44  001C                     	;# 
    45  001D                     	;# 
    46  001E                     	;# 
    47  001F                     	;# 
    48  0081                     	;# 
    49  0085                     	;# 
    50  0086                     	;# 
    51  0087                     	;# 
    52  0088                     	;# 
    53  0089                     	;# 
    54  008C                     	;# 
    55  008D                     	;# 
    56  008E                     	;# 
    57  0091                     	;# 
    58  0092                     	;# 
    59  0093                     	;# 
    60  0094                     	;# 
    61  0098                     	;# 
    62  0099                     	;# 
    63  009C                     	;# 
    64  009D                     	;# 
    65  009E                     	;# 
    66  009F                     	;# 
    67  010C                     	;# 
    68  010D                     	;# 
    69  010E                     	;# 
    70  010F                     	;# 
    71  018C                     	;# 
    72  018D                     	;# 
    73  0006                     _PORTB	set	6
    74  0038                     _RC0	set	56
    75  0039                     _RC1	set	57
    76  003A                     _RC2	set	58
    77  0086                     _TRISB	set	134
    78  0087                     _TRISC	set	135
    79                           
    80                           	psect	text0
    81  0000                     __ptext0:	
    82                           ; #config settings
    83                           
    84                           
    85                           ;psect for function _dataCtrl
    86  0000                     
    87                           	psect	cinit
    88  07FA                     start_initialization:	
    89  07FA                     __initialization:	
    90                           
    91                           ; Clear objects allocated to COMMON
    92  07FA  01F0               	clrf	__pbssCOMMON& (0+127)
    93  07FB  01F1               	clrf	(__pbssCOMMON+1)& (0+127)
    94  07FC                     end_of_initialization:	
    95                           ;End of C runtime variable initialization code
    96                           
    97  07FC                     __end_of__initialization:	
    98  07FC  0183               	clrf	3
    99  07FD  120A  118A  2FC6   	ljmp	_main	;jump to C main() function
   100                           
   101                           	psect	bssCOMMON
   102  0070                     __pbssCOMMON:	
   103  0070                     _j:	
   104  0070                     	ds	2
   105                           
   106                           	psect	cstackCOMMON
   107  0072                     __pcstackCOMMON:	
   108  0072                     ?_instCtrl:	
   109  0072                     ??_instCtrl:	
   110                           ; 0 bytes @ 0x0
   111                           
   112  0072                     ?_initLCD:	
   113                           ; 0 bytes @ 0x0
   114                           
   115  0072                     ?_dataCtrl:	
   116                           ; 0 bytes @ 0x0
   117                           
   118  0072                     ??_dataCtrl:	
   119                           ; 0 bytes @ 0x0
   120                           
   121  0072                     ?_main:	
   122                           ; 0 bytes @ 0x0
   123                           
   124  0072                     instCtrl@data:	
   125                           ; 0 bytes @ 0x0
   126                           
   127  0072                     dataCtrl@b:	
   128                           ; 1 bytes @ 0x0
   129                           
   130                           
   131                           ; 1 bytes @ 0x0
   132  0072                     	ds	1
   133  0073                     ??_initLCD:	
   134  0073                     ??_main:	
   135                           ; 0 bytes @ 0x1
   136                           
   137                           
   138                           	psect	maintext
   139  07C6                     __pmaintext:	
   140                           ; 0 bytes @ 0x1
   141 ;;
   142 ;;Main: autosize = 0, tempsize = 0, incstack = 0, save=0
   143 ;;
   144 ;; *************** function _main *****************
   145 ;; Defined at:
   146 ;;		line 52 in file "Z:\CPE3201_SANIEL\PracticalActivities\PA2\LE2-1.c"
   147 ;; Parameters:    Size  Location     Type
   148 ;;		None
   149 ;; Auto vars:     Size  Location     Type
   150 ;;		None
   151 ;; Return value:  Size  Location     Type
   152 ;;		None               void
   153 ;; Registers used:
   154 ;;		wreg, status,2, status,0, btemp+1, pclath, cstack
   155 ;; Tracked objects:
   156 ;;		On entry : 17F/0
   157 ;;		On exit  : 0/0
   158 ;;		Unchanged: 0/0
   159 ;; Data sizes:     COMMON   BANK0   BANK1   BANK3   BANK2
   160 ;;      Params:         0       0       0       0       0
   161 ;;      Locals:         0       0       0       0       0
   162 ;;      Temps:          0       0       0       0       0
   163 ;;      Totals:         0       0       0       0       0
   164 ;;Total ram usage:        0 bytes
   165 ;; Hardware stack levels required when called:    2
   166 ;; This function calls:
   167 ;;		_dataCtrl
   168 ;;		_initLCD
   169 ;;		_instCtrl
   170 ;; This function is called by:
   171 ;;		Startup code after reset
   172 ;; This function uses a non-reentrant model
   173 ;;
   174                           
   175                           
   176                           ;psect for function _main
   177  07C6                     _main:	
   178                           
   179                           ;LE2-1.c: 54: TRISB = 0X00;
   180                           
   181                           ;incstack = 0
   182                           ; Regs used in _main: [wreg+status,2+status,0+btemp+1+pclath+cstack]
   183  07C6  1683               	bsf	3,5	;RP0=1, select bank1
   184  07C7  1303               	bcf	3,6	;RP1=0, select bank1
   185  07C8  0186               	clrf	6	;volatile
   186                           
   187                           ;LE2-1.c: 55: TRISC = 0X00;
   188  07C9  0187               	clrf	7	;volatile
   189                           
   190                           ;LE2-1.c: 58: initLCD();
   191  07CA  120A  118A  2749  120A  118A  	fcall	_initLCD
   192                           
   193                           ;LE2-1.c: 59: instCtrl(0xC6);
   194  07CF  30C6               	movlw	198
   195  07D0  120A  118A  279C  120A  118A  	fcall	_instCtrl
   196                           
   197                           ;LE2-1.c: 60: dataCtrl('H');
   198  07D5  3048               	movlw	72
   199  07D6  120A  118A  2772  120A  118A  	fcall	_dataCtrl
   200                           
   201                           ;LE2-1.c: 61: dataCtrl('E');
   202  07DB  3045               	movlw	69
   203  07DC  120A  118A  2772  120A  118A  	fcall	_dataCtrl
   204                           
   205                           ;LE2-1.c: 62: dataCtrl('L');
   206  07E1  304C               	movlw	76
   207  07E2  120A  118A  2772  120A  118A  	fcall	_dataCtrl
   208                           
   209                           ;LE2-1.c: 63: dataCtrl('L');
   210  07E7  304C               	movlw	76
   211  07E8  120A  118A  2772  120A  118A  	fcall	_dataCtrl
   212                           
   213                           ;LE2-1.c: 64: dataCtrl('O');
   214  07ED  304F               	movlw	79
   215  07EE  120A  118A  2772  120A  118A  	fcall	_dataCtrl
   216                           
   217                           ;LE2-1.c: 65: dataCtrl('!');
   218  07F3  3021               	movlw	33
   219  07F4  120A  118A  2772  120A  118A  	fcall	_dataCtrl
   220  07F9                     l30:	
   221                           ;LE2-1.c: 66: while(1);
   222                           
   223  07F9  2FF9               	goto	l30
   224  07FA                     __end_of_main:	
   225                           
   226                           	psect	text1
   227  0749                     __ptext1:	
   228 ;; *************** function _initLCD *****************
   229 ;; Defined at:
   230 ;;		line 30 in file "Z:\CPE3201_SANIEL\PracticalActivities\PA2\LE2-1.c"
   231 ;; Parameters:    Size  Location     Type
   232 ;;		None
   233 ;; Auto vars:     Size  Location     Type
   234 ;;		None
   235 ;; Return value:  Size  Location     Type
   236 ;;		None               void
   237 ;; Registers used:
   238 ;;		wreg, status,2, status,0, btemp+1, pclath, cstack
   239 ;; Tracked objects:
   240 ;;		On entry : 0/0
   241 ;;		On exit  : 0/0
   242 ;;		Unchanged: 0/0
   243 ;; Data sizes:     COMMON   BANK0   BANK1   BANK3   BANK2
   244 ;;      Params:         0       0       0       0       0
   245 ;;      Locals:         0       0       0       0       0
   246 ;;      Temps:          0       0       0       0       0
   247 ;;      Totals:         0       0       0       0       0
   248 ;;Total ram usage:        0 bytes
   249 ;; Hardware stack levels used:    1
   250 ;; Hardware stack levels required when called:    1
   251 ;; This function calls:
   252 ;;		_instCtrl
   253 ;; This function is called by:
   254 ;;		_main
   255 ;; This function uses a non-reentrant model
   256 ;;
   257                           
   258                           
   259                           ;psect for function _initLCD
   260  0749                     _initLCD:	
   261                           
   262                           ;LE2-1.c: 32: instCtrl(0x38);
   263                           
   264                           ;incstack = 0
   265                           ; Regs used in _initLCD: [wreg+status,2+status,0+btemp+1+pclath+cstack]
   266  0749  3038               	movlw	56
   267  074A  120A  118A  279C  120A  118A  	fcall	_instCtrl
   268                           
   269                           ;LE2-1.c: 33: instCtrl(0x08);
   270  074F  3008               	movlw	8
   271  0750  120A  118A  279C  120A  118A  	fcall	_instCtrl
   272                           
   273                           ;LE2-1.c: 34: instCtrl(0x01);
   274  0755  3001               	movlw	1
   275  0756  120A  118A  279C  120A  118A  	fcall	_instCtrl
   276                           
   277                           ;LE2-1.c: 35: instCtrl(0x06);
   278  075B  3006               	movlw	6
   279  075C  120A  118A  279C  120A  118A  	fcall	_instCtrl
   280                           
   281                           ;LE2-1.c: 36: instCtrl(0x0E);
   282  0761  300E               	movlw	14
   283  0762  120A  118A  279C  120A  118A  	fcall	_instCtrl
   284                           
   285                           ;LE2-1.c: 37: instCtrl(0x06);
   286  0767  3006               	movlw	6
   287  0768  120A  118A  279C  120A  118A  	fcall	_instCtrl
   288                           
   289                           ;LE2-1.c: 38: instCtrl(0x80);
   290  076D  3080               	movlw	128
   291  076E  120A  118A  279C   	fcall	_instCtrl
   292  0771  0008               	return
   293  0772                     __end_of_initLCD:	
   294                           
   295                           	psect	text2
   296  079C                     __ptext2:	
   297 ;; *************** function _instCtrl *****************
   298 ;; Defined at:
   299 ;;		line 20 in file "Z:\CPE3201_SANIEL\PracticalActivities\PA2\LE2-1.c"
   300 ;; Parameters:    Size  Location     Type
   301 ;;  data            1    wreg     unsigned char 
   302 ;; Auto vars:     Size  Location     Type
   303 ;;  data            1    0[COMMON] unsigned char 
   304 ;; Return value:  Size  Location     Type
   305 ;;		None               void
   306 ;; Registers used:
   307 ;;		wreg, status,2, btemp+1
   308 ;; Tracked objects:
   309 ;;		On entry : 0/0
   310 ;;		On exit  : 0/0
   311 ;;		Unchanged: 0/0
   312 ;; Data sizes:     COMMON   BANK0   BANK1   BANK3   BANK2
   313 ;;      Params:         0       0       0       0       0
   314 ;;      Locals:         1       0       0       0       0
   315 ;;      Temps:          0       0       0       0       0
   316 ;;      Totals:         1       0       0       0       0
   317 ;;Total ram usage:        1 bytes
   318 ;; Hardware stack levels used:    1
   319 ;; This function calls:
   320 ;;		Nothing
   321 ;; This function is called by:
   322 ;;		_initLCD
   323 ;;		_main
   324 ;; This function uses a non-reentrant model
   325 ;;
   326                           
   327                           
   328                           ;psect for function _instCtrl
   329  079C                     _instCtrl:	
   330                           
   331                           ;incstack = 0
   332                           ; Regs used in _instCtrl: [wreg+status,2+btemp+1]
   333                           ;instCtrl@data stored from wreg
   334  079C  00F2               	movwf	instCtrl@data
   335                           
   336                           ;LE2-1.c: 22: PORTB= data;
   337  079D  0872               	movf	instCtrl@data,w
   338  079E  1283               	bcf	3,5	;RP0=0, select bank0
   339  079F  1303               	bcf	3,6	;RP1=0, select bank0
   340  07A0  0086               	movwf	6	;volatile
   341                           
   342                           ;LE2-1.c: 23: RC0=0;
   343  07A1  1007               	bcf	7,0	;volatile
   344                           
   345                           ;LE2-1.c: 24: RC2=0;
   346  07A2  1107               	bcf	7,2	;volatile
   347                           
   348                           ;LE2-1.c: 25: RC1=1;
   349  07A3  1487               	bsf	7,1	;volatile
   350                           
   351                           ;LE2-1.c: 26: for(j=0;j<100;j++);
   352  07A4  01F0               	clrf	_j
   353  07A5  01F1               	clrf	_j+1
   354  07A6  0871               	movf	_j+1,w
   355  07A7  3A80               	xorlw	128
   356  07A8  00FF               	movwf	127
   357  07A9  3080               	movlw	128
   358  07AA  027F               	subwf	127,w
   359  07AB  1D03               	skipz
   360  07AC  2FAF               	goto	u15
   361  07AD  3064               	movlw	100
   362  07AE  0270               	subwf	_j,w
   363  07AF                     u15:	
   364  07AF  1803               	btfsc	3,0
   365  07B0  2FC2               	goto	l18
   366  07B1                     l504:	
   367  07B1  3001               	movlw	1
   368  07B2  07F0               	addwf	_j,f
   369  07B3  1803               	skipnc
   370  07B4  0AF1               	incf	_j+1,f
   371  07B5  3000               	movlw	0
   372  07B6  07F1               	addwf	_j+1,f
   373  07B7  0871               	movf	_j+1,w
   374  07B8  3A80               	xorlw	128
   375  07B9  00FF               	movwf	127
   376  07BA  3080               	movlw	128
   377  07BB  027F               	subwf	127,w
   378  07BC  1D03               	skipz
   379  07BD  2FC0               	goto	u25
   380  07BE  3064               	movlw	100
   381  07BF  0270               	subwf	_j,w
   382  07C0                     u25:	
   383  07C0  1C03               	skipc
   384  07C1  2FB1               	goto	l504
   385  07C2                     l18:	
   386                           
   387                           ;LE2-1.c: 27: RC1=0;
   388  07C2  1283               	bcf	3,5	;RP0=0, select bank0
   389  07C3  1303               	bcf	3,6	;RP1=0, select bank0
   390  07C4  1087               	bcf	7,1	;volatile
   391  07C5  0008               	return
   392  07C6                     __end_of_instCtrl:	
   393                           
   394                           	psect	text3
   395  0772                     __ptext3:	
   396 ;; *************** function _dataCtrl *****************
   397 ;; Defined at:
   398 ;;		line 41 in file "Z:\CPE3201_SANIEL\PracticalActivities\PA2\LE2-1.c"
   399 ;; Parameters:    Size  Location     Type
   400 ;;  b               1    wreg     unsigned char 
   401 ;; Auto vars:     Size  Location     Type
   402 ;;  b               1    0[COMMON] unsigned char 
   403 ;; Return value:  Size  Location     Type
   404 ;;		None               void
   405 ;; Registers used:
   406 ;;		wreg, status,2, btemp+1
   407 ;; Tracked objects:
   408 ;;		On entry : 0/0
   409 ;;		On exit  : 0/0
   410 ;;		Unchanged: 0/0
   411 ;; Data sizes:     COMMON   BANK0   BANK1   BANK3   BANK2
   412 ;;      Params:         0       0       0       0       0
   413 ;;      Locals:         1       0       0       0       0
   414 ;;      Temps:          0       0       0       0       0
   415 ;;      Totals:         1       0       0       0       0
   416 ;;Total ram usage:        1 bytes
   417 ;; Hardware stack levels used:    1
   418 ;; This function calls:
   419 ;;		Nothing
   420 ;; This function is called by:
   421 ;;		_main
   422 ;; This function uses a non-reentrant model
   423 ;;
   424                           
   425                           
   426                           ;psect for function _dataCtrl
   427  0772                     _dataCtrl:	
   428                           
   429                           ;incstack = 0
   430                           ; Regs used in _dataCtrl: [wreg+status,2+btemp+1]
   431                           ;dataCtrl@b stored from wreg
   432  0772  00F2               	movwf	dataCtrl@b
   433                           
   434                           ;LE2-1.c: 43: PORTB=b;
   435  0773  0872               	movf	dataCtrl@b,w
   436  0774  1283               	bcf	3,5	;RP0=0, select bank0
   437  0775  1303               	bcf	3,6	;RP1=0, select bank0
   438  0776  0086               	movwf	6	;volatile
   439                           
   440                           ;LE2-1.c: 45: RC0=1;
   441  0777  1407               	bsf	7,0	;volatile
   442                           
   443                           ;LE2-1.c: 46: RC2=0;
   444  0778  1107               	bcf	7,2	;volatile
   445                           
   446                           ;LE2-1.c: 47: RC1=1;
   447  0779  1487               	bsf	7,1	;volatile
   448                           
   449                           ;LE2-1.c: 48: for(j=0;j<100;j++);
   450  077A  01F0               	clrf	_j
   451  077B  01F1               	clrf	_j+1
   452  077C  0871               	movf	_j+1,w
   453  077D  3A80               	xorlw	128
   454  077E  00FF               	movwf	127
   455  077F  3080               	movlw	128
   456  0780  027F               	subwf	127,w
   457  0781  1D03               	skipz
   458  0782  2F85               	goto	u35
   459  0783  3064               	movlw	100
   460  0784  0270               	subwf	_j,w
   461  0785                     u35:	
   462  0785  1803               	btfsc	3,0
   463  0786  2F98               	goto	l26
   464  0787                     l524:	
   465  0787  3001               	movlw	1
   466  0788  07F0               	addwf	_j,f
   467  0789  1803               	skipnc
   468  078A  0AF1               	incf	_j+1,f
   469  078B  3000               	movlw	0
   470  078C  07F1               	addwf	_j+1,f
   471  078D  0871               	movf	_j+1,w
   472  078E  3A80               	xorlw	128
   473  078F  00FF               	movwf	127
   474  0790  3080               	movlw	128
   475  0791  027F               	subwf	127,w
   476  0792  1D03               	skipz
   477  0793  2F96               	goto	u45
   478  0794  3064               	movlw	100
   479  0795  0270               	subwf	_j,w
   480  0796                     u45:	
   481  0796  1C03               	skipc
   482  0797  2F87               	goto	l524
   483  0798                     l26:	
   484                           
   485                           ;LE2-1.c: 49: RC1=0;
   486  0798  1283               	bcf	3,5	;RP0=0, select bank0
   487  0799  1303               	bcf	3,6	;RP1=0, select bank0
   488  079A  1087               	bcf	7,1	;volatile
   489  079B  0008               	return
   490  079C                     __end_of_dataCtrl:	
   491  007E                     btemp	set	126	;btemp
   492  007E                     wtemp	set	126
   493  007E                     wtemp0	set	126
   494  0080                     wtemp1	set	128
   495  0082                     wtemp2	set	130
   496  0084                     wtemp3	set	132
   497  0086                     wtemp4	set	134
   498  0088                     wtemp5	set	136
   499  007F                     wtemp6	set	127
   500  007E                     ttemp	set	126
   501  007E                     ttemp0	set	126
   502  0081                     ttemp1	set	129
   503  0084                     ttemp2	set	132
   504  0087                     ttemp3	set	135
   505  007F                     ttemp4	set	127
   506  007E                     ltemp	set	126
   507  007E                     ltemp0	set	126
   508  0082                     ltemp1	set	130
   509  0086                     ltemp2	set	134
   510  0080                     ltemp3	set	128


Data Sizes:
    Strings     0
    Constant    0
    Data        0
    BSS         2
    Persistent  0
    Stack       0

Auto Spaces:
    Space          Size  Autos    Used
    COMMON           14      1       3
    BANK0            80      0       0
    BANK1            80      0       0
    BANK3            96      0       0
    BANK2            96      0       0

Pointer List with Targets:

    None.

Critical Paths under _main in COMMON

    _main->_dataCtrl
    _main->_instCtrl
    _initLCD->_instCtrl

Critical Paths under _main in BANK0

    None.

Critical Paths under _main in BANK1

    None.

Critical Paths under _main in BANK3

    None.

Critical Paths under _main in BANK2

    None.

Call Graph Tables:

 ---------------------------------------------------------------------------------
 (Depth) Function   	        Calls       Base Space   Used Autos Params    Refs
 ---------------------------------------------------------------------------------
 (0) _main                                                 0     0      0      45
                           _dataCtrl
                            _initLCD
                           _instCtrl
 ---------------------------------------------------------------------------------
 (1) _initLCD                                              0     0      0      15
                           _instCtrl
 ---------------------------------------------------------------------------------
 (1) _instCtrl                                             1     1      0      15
                                              0 COMMON     1     1      0
 ---------------------------------------------------------------------------------
 (1) _dataCtrl                                             1     1      0      15
                                              0 COMMON     1     1      0
 ---------------------------------------------------------------------------------
 Estimated maximum stack depth 1
 ---------------------------------------------------------------------------------

 Call Graph Graphs:

 _main (ROOT)
   _dataCtrl
   _initLCD
     _instCtrl
   _instCtrl

 Address spaces:
Name               Size   Autos  Total    Cost      Usage
BITCOMMON            E      0       0       0        0.0%
EEDATA             100      0       0       0        0.0%
NULL                 0      0       0       0        0.0%
CODE                 0      0       0       0        0.0%
COMMON               E      1       3       1       21.4%
BITSFR0              0      0       0       1        0.0%
SFR0                 0      0       0       1        0.0%
BITSFR1              0      0       0       2        0.0%
SFR1                 0      0       0       2        0.0%
STACK                0      0       0       2        0.0%
ABS                  0      0       3       3        0.0%
BITBANK0            50      0       0       4        0.0%
BITSFR3              0      0       0       4        0.0%
SFR3                 0      0       0       4        0.0%
BANK0               50      0       0       5        0.0%
BITSFR2              0      0       0       5        0.0%
SFR2                 0      0       0       5        0.0%
BITBANK1            50      0       0       6        0.0%
BANK1               50      0       0       7        0.0%
BITBANK3            60      0       0       8        0.0%
BANK3               60      0       0       9        0.0%
BITBANK2            60      0       0      10        0.0%
BANK2               60      0       0      11        0.0%
DATA                 0      0       3      12        0.0%


Microchip Technology PIC Macro Assembler V1.33 build 59893 
Symbol Table                                                                                   Mon Mar 02 08:46:52 2026

                      _j 0070              __CFG_CP$OFF 0000                       l30 07F9  
                     l26 0798                       l18 07C2                       u15 07AF  
                     u25 07C0                       u35 0785                       u45 0796  
                    l504 07B1                      l524 0787                      _RC0 0038  
                    _RC1 0039                      _RC2 003A             __CFG_CPD$OFF 0000  
           __CFG_FOSC$XT 0000             __CFG_LVP$OFF 0000             __CFG_WRT$OFF 0000  
                   _main 07C6                     btemp 007E            __CFG_BOREN$ON 0000  
                   ltemp 007E                     start 0000                     ttemp 007E  
                   wtemp 007E                    ?_main 0072            __CFG_WDTE$OFF 0000  
                  _PORTB 0006                    _TRISB 0086                    _TRISC 0087  
          __CFG_PWRTE$ON 0000          __end_of_initLCD 0772                    ltemp0 007E  
                  ltemp1 0082                    ltemp2 0086                    ltemp3 0080  
                  ttemp0 007E                    ttemp1 0081                    ttemp2 0084  
                  ttemp3 0087                    ttemp4 007F                    status 0003  
                  wtemp0 007E                    wtemp1 0080                    wtemp2 0082  
                  wtemp3 0084                    wtemp4 0086                    wtemp5 0088  
                  wtemp6 007F          __initialization 07FA             __end_of_main 07FA  
                 ??_main 0073         __end_of_dataCtrl 079C         __end_of_instCtrl 07C6  
              ??_initLCD 0073  __end_of__initialization 07FC           __pcstackCOMMON 0072  
             __pmaintext 07C6                ?_dataCtrl 0072                ?_instCtrl 0072  
                __ptext0 0000                  __ptext1 0749                  __ptext2 079C  
                __ptext3 0772                  _initLCD 0749               ??_dataCtrl 0072  
   end_of_initialization 07FC               ??_instCtrl 0072             instCtrl@data 0072  
    start_initialization 07FA              __pbssCOMMON 0070                ___latbits 0002  
      __size_of_dataCtrl 002A        __size_of_instCtrl 002A                 ?_initLCD 0072  
              dataCtrl@b 0072                 _dataCtrl 0772         __size_of_initLCD 0029  
          __size_of_main 0034                 _instCtrl 079C  
