

Microchip Technology PIC LITE Macro Assembler V1.33 build 59893 
                                                                                               Tue Mar 17 09:53:38 2026

Microchip Technology Omniscient Code Generator (Lite mode) build 59893
     1                           	processor	16F877A
     2                           	opt	pw 120
     3                           	opt	lm
     4                           	psect	text0,local,class=CODE,merge=1,delta=2
     5                           	psect	cinit,global,class=CODE,merge=1,delta=2
     6                           	psect	bssCOMMON,global,class=COMMON,space=1,delta=1
     7                           	psect	cstackCOMMON,global,class=COMMON,space=1,delta=1
     8                           	psect	maintext,global,class=CODE,split=1,delta=2
     9                           	psect	text1,local,class=CODE,merge=1,delta=2
    10                           	psect	intentry,global,class=CODE,delta=2
    11                           	dabs	1,0x7E,2
    12  0000                     	;# 
    13  0001                     	;# 
    14  0002                     	;# 
    15  0003                     	;# 
    16  0004                     	;# 
    17  0005                     	;# 
    18  0006                     	;# 
    19  0007                     	;# 
    20  0008                     	;# 
    21  0009                     	;# 
    22  000A                     	;# 
    23  000B                     	;# 
    24  000C                     	;# 
    25  000D                     	;# 
    26  000E                     	;# 
    27  000E                     	;# 
    28  000F                     	;# 
    29  0010                     	;# 
    30  0011                     	;# 
    31  0012                     	;# 
    32  0013                     	;# 
    33  0014                     	;# 
    34  0015                     	;# 
    35  0015                     	;# 
    36  0016                     	;# 
    37  0017                     	;# 
    38  0018                     	;# 
    39  0019                     	;# 
    40  001A                     	;# 
    41  001B                     	;# 
    42  001B                     	;# 
    43  001C                     	;# 
    44  001D                     	;# 
    45  001E                     	;# 
    46  001F                     	;# 
    47  0081                     	;# 
    48  0085                     	;# 
    49  0086                     	;# 
    50  0087                     	;# 
    51  0088                     	;# 
    52  0089                     	;# 
    53  008C                     	;# 
    54  008D                     	;# 
    55  008E                     	;# 
    56  0091                     	;# 
    57  0092                     	;# 
    58  0093                     	;# 
    59  0094                     	;# 
    60  0098                     	;# 
    61  0099                     	;# 
    62  009C                     	;# 
    63  009D                     	;# 
    64  009E                     	;# 
    65  009F                     	;# 
    66  010C                     	;# 
    67  010D                     	;# 
    68  010E                     	;# 
    69  010F                     	;# 
    70  018C                     	;# 
    71  018D                     	;# 
    72  0006                     _PORTB	set	6
    73  0007                     _PORTC	set	7
    74  005F                     _GIE	set	95
    75  005C                     _INTE	set	92
    76  0059                     _INTF	set	89
    77  0038                     _RC0	set	56
    78  005D                     _T0IE	set	93
    79  005A                     _T0IF	set	90
    80  0081                     _OPTION_REG	set	129
    81  0086                     _TRISB	set	134
    82  0087                     _TRISC	set	135
    83                           
    84                           	psect	text0
    85  0000                     __ptext0:	
    86                           ; #config settings
    87                           
    88                           
    89                           ;psect for function _ISR
    90  0000                     
    91                           	psect	cinit
    92  0015                     start_initialization:	
    93  0015                     __initialization:	
    94                           
    95                           ; Clear objects allocated to COMMON
    96  0015  01F5               	clrf	__pbssCOMMON& (0+127)
    97  0016  01F6               	clrf	(__pbssCOMMON+1)& (0+127)
    98  0017                     end_of_initialization:	
    99                           ;End of C runtime variable initialization code
   100                           
   101  0017                     __end_of__initialization:	
   102  0017  0183               	clrf	3
   103  0018  120A  118A  2844   	ljmp	_main	;jump to C main() function
   104                           
   105                           	psect	bssCOMMON
   106  0075                     __pbssCOMMON:	
   107  0075                     _blink_count:	
   108  0075                     	ds	1
   109  0076                     _mode:	
   110  0076                     	ds	1
   111                           
   112                           	psect	cstackCOMMON
   113  0070                     __pcstackCOMMON:	
   114  0070                     ?_ISR:	
   115  0070                     ??_ISR:	
   116                           ; 0 bytes @ 0x0
   117                           
   118  0070                     ?_main:	
   119                           ; 0 bytes @ 0x0
   120                           
   121                           
   122                           ; 0 bytes @ 0x0
   123  0070                     	ds	5
   124  0075                     ??_main:	
   125                           
   126                           	psect	maintext
   127  0044                     __pmaintext:	
   128                           ; 0 bytes @ 0x5
   129 ;;
   130 ;;Main: autosize = 0, tempsize = 0, incstack = 0, save=0
   131 ;;
   132 ;; *************** function _main *****************
   133 ;; Defined at:
   134 ;;		line 37 in file "C:\Users\ASUS\Downloads\Embedded\PA3\Misc\me-prac.c"
   135 ;; Parameters:    Size  Location     Type
   136 ;;		None
   137 ;; Auto vars:     Size  Location     Type
   138 ;;		None
   139 ;; Return value:  Size  Location     Type
   140 ;;		None               void
   141 ;; Registers used:
   142 ;;		wreg, status,2
   143 ;; Tracked objects:
   144 ;;		On entry : 17F/0
   145 ;;		On exit  : 0/0
   146 ;;		Unchanged: 0/0
   147 ;; Data sizes:     COMMON   BANK0   BANK1   BANK3   BANK2
   148 ;;      Params:         0       0       0       0       0
   149 ;;      Locals:         0       0       0       0       0
   150 ;;      Temps:          0       0       0       0       0
   151 ;;      Totals:         0       0       0       0       0
   152 ;;Total ram usage:        0 bytes
   153 ;; Hardware stack levels required when called:    1
   154 ;; This function calls:
   155 ;;		Nothing
   156 ;; This function is called by:
   157 ;;		Startup code after reset
   158 ;; This function uses a non-reentrant model
   159 ;;
   160                           
   161                           
   162                           ;psect for function _main
   163  0044                     _main:	
   164                           
   165                           ;me-prac.c: 38: TRISB = 0x0F;
   166                           
   167                           ;incstack = 0
   168                           ; Regs used in _main: [wreg+status,2]
   169  0044  300F               	movlw	15
   170  0045  1683               	bsf	3,5	;RP0=1, select bank1
   171  0046  1303               	bcf	3,6	;RP1=0, select bank1
   172  0047  0086               	movwf	6	;volatile
   173                           
   174                           ;me-prac.c: 39: TRISC = 0X00;
   175  0048  0187               	clrf	7	;volatile
   176                           
   177                           ;me-prac.c: 40: PORTC = 0x00;
   178  0049  1283               	bcf	3,5	;RP0=0, select bank0
   179  004A  1303               	bcf	3,6	;RP1=0, select bank0
   180  004B  0187               	clrf	7	;volatile
   181                           
   182                           ;me-prac.c: 41: PORTB = 0x00;
   183  004C  0186               	clrf	6	;volatile
   184                           
   185                           ;me-prac.c: 43: OPTION_REG = 0xC4;
   186  004D  30C4               	movlw	196
   187  004E  1683               	bsf	3,5	;RP0=1, select bank1
   188  004F  1303               	bcf	3,6	;RP1=0, select bank1
   189  0050  0081               	movwf	1	;volatile
   190                           
   191                           ;me-prac.c: 45: INTF = 0;
   192  0051  108B               	bcf	11,1	;volatile
   193                           
   194                           ;me-prac.c: 46: INTE = 1;
   195  0052  160B               	bsf	11,4	;volatile
   196                           
   197                           ;me-prac.c: 48: T0IF = 0;
   198  0053  110B               	bcf	11,2	;volatile
   199                           
   200                           ;me-prac.c: 49: T0IE = 1;
   201  0054  168B               	bsf	11,5	;volatile
   202                           
   203                           ;me-prac.c: 51: GIE = 1;
   204  0055  178B               	bsf	11,7	;volatile
   205  0056                     l38:	
   206                           ;me-prac.c: 53: while(1){
   207                           
   208  0056  2856               	goto	l38
   209  0057                     __end_of_main:	
   210                           
   211                           	psect	text1
   212  001B                     __ptext1:	
   213 ;; *************** function _ISR *****************
   214 ;; Defined at:
   215 ;;		line 15 in file "C:\Users\ASUS\Downloads\Embedded\PA3\Misc\me-prac.c"
   216 ;; Parameters:    Size  Location     Type
   217 ;;		None
   218 ;; Auto vars:     Size  Location     Type
   219 ;;		None
   220 ;; Return value:  Size  Location     Type
   221 ;;		None               void
   222 ;; Registers used:
   223 ;;		wreg, status,2, status,0
   224 ;; Tracked objects:
   225 ;;		On entry : 0/0
   226 ;;		On exit  : 0/0
   227 ;;		Unchanged: 0/0
   228 ;; Data sizes:     COMMON   BANK0   BANK1   BANK3   BANK2
   229 ;;      Params:         0       0       0       0       0
   230 ;;      Locals:         0       0       0       0       0
   231 ;;      Temps:          5       0       0       0       0
   232 ;;      Totals:         5       0       0       0       0
   233 ;;Total ram usage:        5 bytes
   234 ;; Hardware stack levels used:    1
   235 ;; This function calls:
   236 ;;		Nothing
   237 ;; This function is called by:
   238 ;;		Interrupt level 1
   239 ;; This function uses a non-reentrant model
   240 ;;
   241                           
   242                           
   243                           ;psect for function _ISR
   244  001B                     _ISR:	
   245                           
   246                           ;me-prac.c: 16: GIE = 0;
   247  001B  138B               	bcf	11,7	;volatile
   248                           
   249                           ;me-prac.c: 17: if(INTF == 1){
   250  001C  1C8B               	btfss	11,1	;volatile
   251  001D  2824               	goto	i1l29
   252                           
   253                           ;me-prac.c: 18: INTF = 0;
   254  001E  108B               	bcf	11,1	;volatile
   255                           
   256                           ;me-prac.c: 19: mode^=1;
   257  001F  3001               	movlw	1
   258  0020  00F0               	movwf	??_ISR
   259  0021  0870               	movf	??_ISR,w
   260  0022  06F6               	xorwf	_mode,f	;volatile
   261                           
   262                           ;me-prac.c: 20: }
   263  0023  2838               	goto	i1l518
   264  0024                     i1l29:	
   265                           
   266                           ;me-prac.c: 21: else if(T0IF == 1){
   267  0024  1D0B               	btfss	11,2	;volatile
   268  0025  2838               	goto	i1l518
   269                           
   270                           ;me-prac.c: 22: T0IF = 0;
   271  0026  110B               	bcf	11,2	;volatile
   272                           
   273                           ;me-prac.c: 23: if(mode == 1){
   274  0027  0876               	movf	_mode,w	;volatile
   275  0028  3A01               	xorlw	1
   276  0029  1D03               	skipz
   277  002A  282D               	goto	i1l510
   278                           
   279                           ;me-prac.c: 24: RC0 = 1;
   280  002B  1407               	bsf	7,0	;volatile
   281                           
   282                           ;me-prac.c: 25: }
   283  002C  2838               	goto	i1l518
   284  002D                     i1l510:	
   285                           
   286                           ;me-prac.c: 26: else{
   287                           ;me-prac.c: 27: blink_count++;
   288  002D  3001               	movlw	1
   289  002E  00F0               	movwf	??_ISR
   290  002F  0870               	movf	??_ISR,w
   291  0030  07F5               	addwf	_blink_count,f	;volatile
   292                           
   293                           ;me-prac.c: 28: if(blink_count == 52){
   294  0031  0875               	movf	_blink_count,w	;volatile
   295  0032  3A34               	xorlw	52
   296  0033  1D03               	skipz
   297  0034  2838               	goto	i1l518
   298                           
   299                           ;me-prac.c: 29: RC0 ^= 1;
   300  0035  3001               	movlw	1
   301  0036  0687               	xorwf	7,f
   302                           
   303                           ;me-prac.c: 30: blink_count = 0;
   304  0037  01F5               	clrf	_blink_count	;volatile
   305  0038                     i1l518:	
   306                           
   307                           ;me-prac.c: 31: }
   308                           ;me-prac.c: 32: }
   309                           ;me-prac.c: 33: }
   310                           ;me-prac.c: 34: GIE = 1;
   311  0038  178B               	bsf	11,7	;volatile
   312  0039  0874               	movf	??_ISR+4,w
   313  003A  00FF               	movwf	127
   314  003B  0873               	movf	??_ISR+3,w
   315  003C  008A               	movwf	10
   316  003D  0872               	movf	??_ISR+2,w
   317  003E  0084               	movwf	4
   318  003F  0E71               	swapf	(??_ISR+1)^(0+-128),w
   319  0040  0083               	movwf	3
   320  0041  0EFE               	swapf	126,f
   321  0042  0E7E               	swapf	126,w
   322  0043  0009               	retfie
   323  0044                     __end_of_ISR:	
   324  007E                     btemp	set	126	;btemp
   325  007E                     wtemp	set	126
   326  007E                     wtemp0	set	126
   327  0080                     wtemp1	set	128
   328  0082                     wtemp2	set	130
   329  0084                     wtemp3	set	132
   330  0086                     wtemp4	set	134
   331  0088                     wtemp5	set	136
   332  007F                     wtemp6	set	127
   333  007E                     ttemp	set	126
   334  007E                     ttemp0	set	126
   335  0081                     ttemp1	set	129
   336  0084                     ttemp2	set	132
   337  0087                     ttemp3	set	135
   338  007F                     ttemp4	set	127
   339  007E                     ltemp	set	126
   340  007E                     ltemp0	set	126
   341  0082                     ltemp1	set	130
   342  0086                     ltemp2	set	134
   343  0080                     ltemp3	set	128
   344                           
   345                           	psect	intentry
   346  0004                     __pintentry:	
   347                           ;incstack = 0
   348                           ; Regs used in _ISR: [wreg+status,2+status,0]
   349                           
   350  0004                     interrupt_function:	
   351  007E                     saved_w	set	btemp
   352  0004  00FE               	movwf	btemp
   353  0005  0E03               	swapf	3,w
   354  0006  00F1               	movwf	??_ISR+1
   355  0007  0804               	movf	4,w
   356  0008  00F2               	movwf	??_ISR+2
   357  0009  080A               	movf	10,w
   358  000A  00F3               	movwf	??_ISR+3
   359  000B  1283               	bcf	3,5	;RP0=0, select bank0
   360  000C  1303               	bcf	3,6	;RP1=0, select bank0
   361  000D  087F               	movf	btemp+1,w
   362  000E  00F4               	movwf	??_ISR+4
   363  000F  120A  118A  281B   	ljmp	_ISR


Data Sizes:
    Strings     0
    Constant    0
    Data        0
    BSS         2
    Persistent  0
    Stack       0

Auto Spaces:
    Space          Size  Autos    Used
    COMMON           14      5       7
    BANK0            80      0       0
    BANK1            80      0       0
    BANK3            96      0       0
    BANK2            96      0       0

Pointer List with Targets:

    None.

Critical Paths under _main in COMMON

    None.

Critical Paths under _ISR in COMMON

    None.

Critical Paths under _main in BANK0

    None.

Critical Paths under _ISR in BANK0

    None.

Critical Paths under _main in BANK1

    None.

Critical Paths under _ISR in BANK1

    None.

Critical Paths under _main in BANK3

    None.

Critical Paths under _ISR in BANK3

    None.

Critical Paths under _main in BANK2

    None.

Critical Paths under _ISR in BANK2

    None.

Call Graph Tables:

 ---------------------------------------------------------------------------------
 (Depth) Function   	        Calls       Base Space   Used Autos Params    Refs
 ---------------------------------------------------------------------------------
 (0) _main                                                 0     0      0       0
 ---------------------------------------------------------------------------------
 Estimated maximum stack depth 0
 ---------------------------------------------------------------------------------
 (Depth) Function   	        Calls       Base Space   Used Autos Params    Refs
 ---------------------------------------------------------------------------------
 (1) _ISR                                                  5     5      0       0
                                              0 COMMON     5     5      0
 ---------------------------------------------------------------------------------
 Estimated maximum stack depth 1
 ---------------------------------------------------------------------------------

 Call Graph Graphs:

 _main (ROOT)

 _ISR (ROOT)

 Address spaces:
Name               Size   Autos  Total    Cost      Usage
BITCOMMON            E      0       0       0        0.0%
EEDATA             100      0       0       0        0.0%
NULL                 0      0       0       0        0.0%
CODE                 0      0       0       0        0.0%
COMMON               E      5       7       1       50.0%
BITSFR0              0      0       0       1        0.0%
SFR0                 0      0       0       1        0.0%
BITSFR1              0      0       0       2        0.0%
SFR1                 0      0       0       2        0.0%
STACK                0      0       0       2        0.0%
ABS                  0      0       7       3        0.0%
BITBANK0            50      0       0       4        0.0%
BITSFR3              0      0       0       4        0.0%
SFR3                 0      0       0       4        0.0%
BANK0               50      0       0       5        0.0%
BITSFR2              0      0       0       5        0.0%
SFR2                 0      0       0       5        0.0%
BITBANK1            50      0       0       6        0.0%
BANK1               50      0       0       7        0.0%
BITBANK3            60      0       0       8        0.0%
BANK3               60      0       0       9        0.0%
BITBANK2            60      0       0      10        0.0%
BANK2               60      0       0      11        0.0%
DATA                 0      0       7      12        0.0%


Microchip Technology PIC Macro Assembler V1.33 build 59893 
Symbol Table                                                                                   Tue Mar 17 09:53:38 2026

            __CFG_CP$OFF 0000                       l38 0056                      _GIE 005F  
                    _RC0 0038             __CFG_CPD$OFF 0000                      _ISR 001B  
                    fsr0 0004             __CFG_FOSC$XT 0000             __CFG_LVP$OFF 0000  
                   ?_ISR 0070                     _T0IE 005D                     _T0IF 005A  
                   _INTE 005C                     _INTF 0059                     i1l29 0024  
           __CFG_WRT$OFF 0000                     _main 0044                     _mode 0076  
                   btemp 007E            __CFG_BOREN$ON 0000                     ltemp 007E  
                   start 0012                     ttemp 007E                     wtemp 007E  
                  ??_ISR 0070                    ?_main 0070            __CFG_WDTE$OFF 0000  
                  i1l510 002D                    i1l518 0038                    _PORTB 0006  
                  _PORTC 0007                    _TRISB 0086                    _TRISC 0087  
          __CFG_PWRTE$ON 0000                    pclath 000A                    ltemp0 007E  
                  ltemp1 0082                    ltemp2 0086                    ltemp3 0080  
                  ttemp0 007E                    ttemp1 0081                    ttemp2 0084  
                  ttemp3 0087                    ttemp4 007F                    status 0003  
                  wtemp0 007E                    wtemp1 0080                    wtemp2 0082  
                  wtemp3 0084                    wtemp4 0086                    wtemp5 0088  
                  wtemp6 007F          __initialization 0015             __end_of_main 0057  
                 ??_main 0075                   saved_w 007E  __end_of__initialization 0017  
         __pcstackCOMMON 0070               __pmaintext 0044               __pintentry 0004  
                __ptext0 0000                  __ptext1 001B             __size_of_ISR 0029  
   end_of_initialization 0017      start_initialization 0015              __end_of_ISR 0044  
            __pbssCOMMON 0075                ___latbits 0002              _blink_count 0075  
      interrupt_function 0004            __size_of_main 0013                 intlevel1 0000  
             _OPTION_REG 0081  
