

Microchip Technology PIC LITE Macro Assembler V1.33 build 59893 
                                                                                               Mon Apr 06 08:13:24 2026

Microchip Technology Omniscient Code Generator (Lite mode) build 59893
     1                           	processor	16F877A
     2                           	opt	pw 120
     3                           	opt	lm
     4                           	psect	idataBANK0,global,class=CODE,delta=2
     5                           	psect	cinit,global,class=CODE,merge=1,delta=2
     6                           	psect	bssBANK0,global,class=BANK0,space=1,delta=1
     7                           	psect	dataBANK0,global,class=BANK0,space=1,delta=1
     8                           	psect	inittext,global,class=CODE,delta=2
     9                           	psect	cstackCOMMON,global,class=COMMON,space=1,delta=1
    10                           	psect	maintext,global,class=CODE,split=1,delta=2
    11                           	psect	text1,local,class=CODE,merge=1,delta=2
    12                           	psect	text2,local,class=CODE,merge=1,delta=2
    13                           	dabs	1,0x7E,2
    14  0000                     	;# 
    15  0001                     	;# 
    16  0002                     	;# 
    17  0003                     	;# 
    18  0004                     	;# 
    19  0005                     	;# 
    20  0006                     	;# 
    21  0007                     	;# 
    22  0008                     	;# 
    23  0009                     	;# 
    24  000A                     	;# 
    25  000B                     	;# 
    26  000C                     	;# 
    27  000D                     	;# 
    28  000E                     	;# 
    29  000E                     	;# 
    30  000F                     	;# 
    31  0010                     	;# 
    32  0011                     	;# 
    33  0012                     	;# 
    34  0013                     	;# 
    35  0014                     	;# 
    36  0015                     	;# 
    37  0015                     	;# 
    38  0016                     	;# 
    39  0017                     	;# 
    40  0018                     	;# 
    41  0019                     	;# 
    42  001A                     	;# 
    43  001B                     	;# 
    44  001B                     	;# 
    45  001C                     	;# 
    46  001D                     	;# 
    47  001E                     	;# 
    48  001F                     	;# 
    49  0081                     	;# 
    50  0085                     	;# 
    51  0086                     	;# 
    52  0087                     	;# 
    53  0088                     	;# 
    54  0089                     	;# 
    55  008C                     	;# 
    56  008D                     	;# 
    57  008E                     	;# 
    58  0091                     	;# 
    59  0092                     	;# 
    60  0093                     	;# 
    61  0094                     	;# 
    62  0098                     	;# 
    63  0099                     	;# 
    64  009C                     	;# 
    65  009D                     	;# 
    66  009E                     	;# 
    67  009F                     	;# 
    68  010C                     	;# 
    69  010D                     	;# 
    70  010E                     	;# 
    71  010F                     	;# 
    72  018C                     	;# 
    73  018D                     	;# 
    74                           
    75                           	psect	idataBANK0
    76  0716                     __pidataBANK0:	
    77                           
    78                           ;initializer for _dutyTable
    79  0716  3432               	retlw	50
    80  0717  3400               	retlw	0
    81  0718  347D               	retlw	125
    82  0719  3400               	retlw	0
    83  071A  34FA               	retlw	250
    84  071B  3400               	retlw	0
    85  071C  3477               	retlw	119
    86  071D  3401               	retlw	1
    87  071E  34DB               	retlw	219
    88  071F  3401               	retlw	1
    89  0720  3464               	retlw	100
    90  0721  3400               	retlw	0
    91  0722  34FA               	retlw	250
    92  0723  3400               	retlw	0
    93  0724  34F4               	retlw	244
    94  0725  3401               	retlw	1
    95  0726  34EE               	retlw	238
    96  0727  3402               	retlw	2
    97  0728  34B6               	retlw	182
    98  0729  3403               	retlw	3
    99  072A  3432               	retlw	50
   100  072B  3400               	retlw	0
   101  072C  347D               	retlw	125
   102  072D  3400               	retlw	0
   103  072E  34FA               	retlw	250
   104  072F  3400               	retlw	0
   105  0730  3477               	retlw	119
   106  0731  3401               	retlw	1
   107  0732  34DB               	retlw	219
   108  0733  3401               	retlw	1
   109                           
   110                           ;initializer for _freqTable
   111  0734  347C               	retlw	124
   112  0735  34F9               	retlw	249
   113  0736  347C               	retlw	124
   114                           
   115                           ;initializer for _prescalerTable
   116  0737  3406               	retlw	6
   117  0738  3405               	retlw	5
   118  0739  3405               	retlw	5
   119  0017                     _CCP1CON	set	23
   120  0015                     _CCPR1L	set	21
   121  0006                     _PORTBbits	set	6
   122  0007                     _PORTCbits	set	7
   123  0012                     _T2CON	set	18
   124  0011                     _TMR2	set	17
   125  0092                     _PR2	set	146
   126  0086                     _TRISBbits	set	134
   127  0087                     _TRISCbits	set	135
   128                           
   129                           ; #config settings
   130  0000                     
   131                           	psect	cinit
   132  07EE                     start_initialization:	
   133  07EE                     __initialization:	
   134                           
   135                           ; Clear objects allocated to BANK0
   136  07EE  01C4               	clrf	__pbssBANK0& (0+127)
   137  07EF  01C5               	clrf	(__pbssBANK0+1)& (0+127)
   138                           
   139                           ; Initialize objects allocated to BANK0
   140  07F0  1383               	bcf	3,7	;select IRP bank0
   141  07F1  3044               	movlw	low (__pdataBANK0+36)
   142  07F2  00FD               	movwf	btemp+-1
   143  07F3  3007               	movlw	high __pidataBANK0
   144  07F4  00FE               	movwf	btemp
   145  07F5  3016               	movlw	low __pidataBANK0
   146  07F6  00FF               	movwf	btemp+1
   147  07F7  3020               	movlw	low __pdataBANK0
   148  07F8  0084               	movwf	4
   149  07F9  120A  118A  2709   	fcall	init_ram0
   150  07FC                     end_of_initialization:	
   151                           ;End of C runtime variable initialization code
   152                           
   153  07FC                     __end_of__initialization:	
   154  07FC  0183               	clrf	3
   155  07FD  120A  118A  2F83   	ljmp	_main	;jump to C main() function
   156                           
   157                           	psect	bssBANK0
   158  0044                     __pbssBANK0:	
   159  0044                     _dutyIndex:	
   160  0044                     	ds	1
   161  0045                     _freqIndex:	
   162  0045                     	ds	1
   163                           
   164                           	psect	dataBANK0
   165  0020                     __pdataBANK0:	
   166  0020                     _dutyTable:	
   167  0020                     	ds	30
   168  003E                     _freqTable:	
   169  003E                     	ds	3
   170  0041                     _prescalerTable:	
   171  0041                     	ds	3
   172                           
   173                           	psect	inittext
   174  0705                     init_fetch0:	
   175                           ;	Called with low address in FSR and high address in W
   176                           
   177  0705  087E               	movf	126,w
   178  0706  008A               	movwf	10
   179  0707  087F               	movf	127,w
   180  0708  0082               	movwf	2
   181  0709                     init_ram0:	
   182                           ;Called with:
   183                           ;	high address of idata address in btemp 
   184                           ;	low address of idata address in btemp+1 
   185                           ;	low address of data in FSR
   186                           ;	high address + 1 of data in btemp-1
   187                           
   188  0709  2705  120A  118A   	fcall	init_fetch0
   189  070C  0080               	movwf	0
   190  070D  0A84               	incf	4,f
   191  070E  0804               	movf	4,w
   192  070F  067D               	xorwf	125,w
   193  0710  1903               	btfsc	3,2
   194  0711  3400               	retlw	0
   195  0712  0AFF               	incf	127,f
   196  0713  1903               	btfsc	3,2
   197  0714  0AFE               	incf	126,f
   198  0715  2F09               	goto	init_ram0
   199                           
   200                           	psect	cstackCOMMON
   201  0070                     __pcstackCOMMON:	
   202  0070                     ?_main:	
   203  0070                     ?___bmul:	
   204                           ; 0 bytes @ 0x0
   205                           
   206  0070                     ___bmul@multiplicand:	
   207                           ; 1 bytes @ 0x0
   208                           
   209                           
   210                           ; 1 bytes @ 0x0
   211  0070                     	ds	1
   212  0071                     ??___bmul:	
   213                           
   214                           ; 0 bytes @ 0x1
   215  0071                     	ds	1
   216  0072                     ___bmul@product:	
   217                           
   218                           ; 1 bytes @ 0x2
   219  0072                     	ds	1
   220  0073                     ___bmul@multiplier:	
   221                           
   222                           ; 1 bytes @ 0x3
   223  0073                     	ds	1
   224  0074                     ?_setPWM:	
   225  0074                     setPWM@dIdx:	
   226                           ; 0 bytes @ 0x4
   227                           
   228                           
   229                           ; 1 bytes @ 0x4
   230  0074                     	ds	1
   231  0075                     ??_setPWM:	
   232                           
   233                           ; 0 bytes @ 0x5
   234  0075                     	ds	3
   235  0078                     setPWM@dutyval:	
   236                           
   237                           ; 2 bytes @ 0x8
   238  0078                     	ds	2
   239  007A                     setPWM@fIdx:	
   240                           
   241                           ; 1 bytes @ 0xA
   242  007A                     	ds	1
   243  007B                     ??_main:	
   244                           
   245                           ; 0 bytes @ 0xB
   246  007B                     	ds	3
   247                           
   248                           	psect	maintext
   249  0783                     __pmaintext:	
   250 ;;
   251 ;;Main: autosize = 0, tempsize = 3, incstack = 0, save=0
   252 ;;
   253 ;; *************** function _main *****************
   254 ;; Defined at:
   255 ;;		line 36 in file "C:\Users\ASUS\Downloads\Embedded\PA4\LE4-7.c"
   256 ;; Parameters:    Size  Location     Type
   257 ;;		None
   258 ;; Auto vars:     Size  Location     Type
   259 ;;		None
   260 ;; Return value:  Size  Location     Type
   261 ;;		None               void
   262 ;; Registers used:
   263 ;;		wreg, fsr0l, fsr0h, status,2, status,0, pclath, cstack
   264 ;; Tracked objects:
   265 ;;		On entry : 17F/0
   266 ;;		On exit  : 0/0
   267 ;;		Unchanged: 0/0
   268 ;; Data sizes:     COMMON   BANK0   BANK1   BANK3   BANK2
   269 ;;      Params:         0       0       0       0       0
   270 ;;      Locals:         0       0       0       0       0
   271 ;;      Temps:          3       0       0       0       0
   272 ;;      Totals:         3       0       0       0       0
   273 ;;Total ram usage:        3 bytes
   274 ;; Hardware stack levels required when called:    2
   275 ;; This function calls:
   276 ;;		_setPWM
   277 ;; This function is called by:
   278 ;;		Startup code after reset
   279 ;; This function uses a non-reentrant model
   280 ;;
   281                           
   282                           
   283                           ;psect for function _main
   284  0783                     _main:	
   285                           
   286                           ;LE4-7.c: 38: TRISBbits.TRISB0 = 1;
   287                           
   288                           ;incstack = 0
   289                           ; Regs used in _main: [wreg-fsr0h+status,2+status,0+pclath+cstack]
   290  0783  1683               	bsf	3,5	;RP0=1, select bank1
   291  0784  1303               	bcf	3,6	;RP1=0, select bank1
   292  0785  1406               	bsf	6,0	;volatile
   293                           
   294                           ;LE4-7.c: 39: TRISBbits.TRISB1 = 1;
   295  0786  1486               	bsf	6,1	;volatile
   296                           
   297                           ;LE4-7.c: 42: CCP1CON = 0x00;
   298  0787  1283               	bcf	3,5	;RP0=0, select bank0
   299  0788  1303               	bcf	3,6	;RP1=0, select bank0
   300  0789  0197               	clrf	23	;volatile
   301                           
   302                           ;LE4-7.c: 45: setPWM(freqIndex, dutyIndex);
   303  078A  0844               	movf	_dutyIndex,w
   304  078B  00FB               	movwf	??_main
   305  078C  087B               	movf	??_main,w
   306  078D  00F4               	movwf	setPWM@dIdx
   307  078E  0845               	movf	_freqIndex,w
   308  078F  120A  118A  273A  120A  118A  	fcall	_setPWM
   309                           
   310                           ;LE4-7.c: 48: TRISCbits.TRISC2 = 0;
   311  0794  1683               	bsf	3,5	;RP0=1, select bank1
   312  0795  1303               	bcf	3,6	;RP1=0, select bank1
   313  0796  1107               	bcf	7,2	;volatile
   314                           
   315                           ;LE4-7.c: 49: PORTCbits.RC2 = 0;
   316  0797  1283               	bcf	3,5	;RP0=0, select bank0
   317  0798  1303               	bcf	3,6	;RP1=0, select bank0
   318  0799  1107               	bcf	7,2	;volatile
   319                           
   320                           ;LE4-7.c: 52: TMR2 = 0;
   321  079A  0191               	clrf	17	;volatile
   322                           
   323                           ;LE4-7.c: 53: CCP1CON |= 0b00001100;
   324  079B  300C               	movlw	12
   325  079C  00FB               	movwf	??_main
   326  079D  087B               	movf	??_main,w
   327  079E  0497               	iorwf	23,f	;volatile
   328  079F                     l604:	
   329                           ;LE4-7.c: 55: while(1) {
   330                           
   331                           
   332                           ;LE4-7.c: 58: if(PORTBbits.RB0 == 1) {
   333  079F  1C06               	btfss	6,0	;volatile
   334  07A0  2FC6               	goto	l37
   335                           
   336                           ;LE4-7.c: 59: _delay((unsigned long)((200)*(4000000UL/4000.0)));
   337  07A1  3002               	movlw	2
   338  07A2  00FD               	movwf	??_main+2
   339  07A3  3004               	movlw	4
   340  07A4  00FC               	movwf	??_main+1
   341  07A5  30BA               	movlw	186
   342  07A6  00FB               	movwf	??_main
   343  07A7                     u217:	
   344  07A7  0BFB               	decfsz	??_main,f
   345  07A8  2FA7               	goto	u217
   346  07A9  0BFC               	decfsz	??_main+1,f
   347  07AA  2FA7               	goto	u217
   348  07AB  0BFD               	decfsz	??_main+2,f
   349  07AC  2FA7               	goto	u217
   350  07AD  0000               	nop
   351                           
   352                           ;LE4-7.c: 60: freqIndex++;
   353  07AE  3001               	movlw	1
   354  07AF  00FB               	movwf	??_main
   355  07B0  087B               	movf	??_main,w
   356  07B1  1283               	bcf	3,5	;RP0=0, select bank0
   357  07B2  1303               	bcf	3,6	;RP1=0, select bank0
   358  07B3  07C5               	addwf	_freqIndex,f
   359                           
   360                           ;LE4-7.c: 61: if(freqIndex > 2) freqIndex = 0;
   361  07B4  3003               	movlw	3
   362  07B5  0245               	subwf	_freqIndex,w
   363  07B6  1803               	btfsc	3,0
   364  07B7  01C5               	clrf	_freqIndex
   365                           
   366                           ;LE4-7.c: 63: setPWM(freqIndex, dutyIndex);
   367  07B8  0844               	movf	_dutyIndex,w
   368  07B9  00FB               	movwf	??_main
   369  07BA  087B               	movf	??_main,w
   370  07BB  00F4               	movwf	setPWM@dIdx
   371  07BC  0845               	movf	_freqIndex,w
   372  07BD  120A  118A  273A  120A  118A  	fcall	_setPWM
   373  07C2                     l39:	
   374                           ;LE4-7.c: 64: while(PORTBbits.RB0 == 1);
   375                           
   376  07C2  1283               	bcf	3,5	;RP0=0, select bank0
   377  07C3  1303               	bcf	3,6	;RP1=0, select bank0
   378  07C4  1806               	btfsc	6,0	;volatile
   379  07C5  2FC2               	goto	l39
   380  07C6                     l37:	
   381                           
   382                           ;LE4-7.c: 65: }
   383                           ;LE4-7.c: 68: if(PORTBbits.RB1 == 1) {
   384  07C6  1C86               	btfss	6,1	;volatile
   385  07C7  2F9F               	goto	l604
   386                           
   387                           ;LE4-7.c: 69: _delay((unsigned long)((200)*(4000000UL/4000.0)));
   388  07C8  3002               	movlw	2
   389  07C9  00FD               	movwf	??_main+2
   390  07CA  3004               	movlw	4
   391  07CB  00FC               	movwf	??_main+1
   392  07CC  30BA               	movlw	186
   393  07CD  00FB               	movwf	??_main
   394  07CE                     u227:	
   395  07CE  0BFB               	decfsz	??_main,f
   396  07CF  2FCE               	goto	u227
   397  07D0  0BFC               	decfsz	??_main+1,f
   398  07D1  2FCE               	goto	u227
   399  07D2  0BFD               	decfsz	??_main+2,f
   400  07D3  2FCE               	goto	u227
   401  07D4  0000               	nop
   402                           
   403                           ;LE4-7.c: 70: dutyIndex++;
   404  07D5  3001               	movlw	1
   405  07D6  00FB               	movwf	??_main
   406  07D7  087B               	movf	??_main,w
   407  07D8  1283               	bcf	3,5	;RP0=0, select bank0
   408  07D9  1303               	bcf	3,6	;RP1=0, select bank0
   409  07DA  07C4               	addwf	_dutyIndex,f
   410                           
   411                           ;LE4-7.c: 71: if(dutyIndex > 4) dutyIndex = 0;
   412  07DB  3005               	movlw	5
   413  07DC  0244               	subwf	_dutyIndex,w
   414  07DD  1803               	btfsc	3,0
   415  07DE  01C4               	clrf	_dutyIndex
   416                           
   417                           ;LE4-7.c: 73: setPWM(freqIndex, dutyIndex);
   418  07DF  0844               	movf	_dutyIndex,w
   419  07E0  00FB               	movwf	??_main
   420  07E1  087B               	movf	??_main,w
   421  07E2  00F4               	movwf	setPWM@dIdx
   422  07E3  0845               	movf	_freqIndex,w
   423  07E4  120A  118A  273A  120A  118A  	fcall	_setPWM
   424  07E9                     l44:	
   425                           ;LE4-7.c: 74: while(PORTBbits.RB1 == 1);
   426                           
   427  07E9  1283               	bcf	3,5	;RP0=0, select bank0
   428  07EA  1303               	bcf	3,6	;RP1=0, select bank0
   429  07EB  1C86               	btfss	6,1	;volatile
   430  07EC  2F9F               	goto	l604
   431  07ED  2FE9               	goto	l44
   432  07EE                     __end_of_main:	
   433                           
   434                           	psect	text1
   435  073A                     __ptext1:	
   436 ;; *************** function _setPWM *****************
   437 ;; Defined at:
   438 ;;		line 27 in file "C:\Users\ASUS\Downloads\Embedded\PA4\LE4-7.c"
   439 ;; Parameters:    Size  Location     Type
   440 ;;  fIdx            1    wreg     unsigned char 
   441 ;;  dIdx            1    4[COMMON] unsigned char 
   442 ;; Auto vars:     Size  Location     Type
   443 ;;  fIdx            1   10[COMMON] unsigned char 
   444 ;;  dutyval         2    8[COMMON] unsigned int 
   445 ;; Return value:  Size  Location     Type
   446 ;;		None               void
   447 ;; Registers used:
   448 ;;		wreg, fsr0l, fsr0h, status,2, status,0, pclath, cstack
   449 ;; Tracked objects:
   450 ;;		On entry : 0/0
   451 ;;		On exit  : 0/0
   452 ;;		Unchanged: 0/0
   453 ;; Data sizes:     COMMON   BANK0   BANK1   BANK3   BANK2
   454 ;;      Params:         1       0       0       0       0
   455 ;;      Locals:         3       0       0       0       0
   456 ;;      Temps:          3       0       0       0       0
   457 ;;      Totals:         7       0       0       0       0
   458 ;;Total ram usage:        7 bytes
   459 ;; Hardware stack levels used:    1
   460 ;; Hardware stack levels required when called:    1
   461 ;; This function calls:
   462 ;;		___bmul
   463 ;; This function is called by:
   464 ;;		_main
   465 ;; This function uses a non-reentrant model
   466 ;;
   467                           
   468                           
   469                           ;psect for function _setPWM
   470  073A                     _setPWM:	
   471                           
   472                           ;incstack = 0
   473                           ; Regs used in _setPWM: [wreg-fsr0h+status,2+status,0+pclath+cstack]
   474                           ;setPWM@fIdx stored from wreg
   475  073A  00FA               	movwf	setPWM@fIdx
   476                           
   477                           ;LE4-7.c: 28: PR2 = freqTable[fIdx];
   478  073B  087A               	movf	setPWM@fIdx,w
   479  073C  3E3E               	addlw	_freqTable& (0+255)
   480  073D  0084               	movwf	4
   481  073E  1383               	bcf	3,7	;select IRP bank0
   482  073F  0800               	movf	0,w
   483  0740  1683               	bsf	3,5	;RP0=1, select bank1
   484  0741  1303               	bcf	3,6	;RP1=0, select bank1
   485  0742  0092               	movwf	18	;volatile
   486                           
   487                           ;LE4-7.c: 29: T2CON = prescalerTable[fIdx];
   488  0743  087A               	movf	setPWM@fIdx,w
   489  0744  3E41               	addlw	_prescalerTable& (0+255)
   490  0745  0084               	movwf	4
   491  0746  0800               	movf	0,w
   492  0747  1283               	bcf	3,5	;RP0=0, select bank0
   493  0748  1303               	bcf	3,6	;RP1=0, select bank0
   494  0749  0092               	movwf	18	;volatile
   495                           
   496                           ;LE4-7.c: 31: unsigned int dutyval = dutyTable[fIdx][dIdx];
   497  074A  0874               	movf	setPWM@dIdx,w
   498  074B  00F5               	movwf	??_setPWM
   499  074C  3001               	movlw	1
   500  074D                     u135:	
   501  074D  1003               	clrc
   502  074E  0DF5               	rlf	??_setPWM,f
   503  074F  3EFF               	addlw	-1
   504  0750  1D03               	skipz
   505  0751  2F4D               	goto	u135
   506  0752  300A               	movlw	10
   507  0753  00F6               	movwf	??_setPWM+1
   508  0754  0876               	movf	??_setPWM+1,w
   509  0755  00F0               	movwf	___bmul@multiplicand
   510  0756  087A               	movf	setPWM@fIdx,w
   511  0757  120A  118A  26F4  120A  118A  	fcall	___bmul
   512  075C  3E20               	addlw	_dutyTable& (0+255)
   513  075D  0775               	addwf	??_setPWM,w
   514  075E  00F7               	movwf	??_setPWM+2
   515  075F  0877               	movf	??_setPWM+2,w
   516  0760  0084               	movwf	4
   517  0761  1383               	bcf	3,7	;select IRP bank0
   518  0762  0800               	movf	0,w
   519  0763  00F8               	movwf	setPWM@dutyval
   520  0764  0A84               	incf	4,f
   521  0765  0800               	movf	0,w
   522  0766  00F9               	movwf	setPWM@dutyval+1
   523                           
   524                           ;LE4-7.c: 32: CCPR1L = dutyval >> 2;
   525  0767  0879               	movf	setPWM@dutyval+1,w
   526  0768  00F6               	movwf	??_setPWM+1
   527  0769  0878               	movf	setPWM@dutyval,w
   528  076A  00F5               	movwf	??_setPWM
   529  076B  1003               	clrc
   530  076C  0CF6               	rrf	??_setPWM+1,f
   531  076D  0CF5               	rrf	??_setPWM,f
   532  076E  1003               	clrc
   533  076F  0CF6               	rrf	??_setPWM+1,f
   534  0770  0CF5               	rrf	??_setPWM,f
   535  0771  0875               	movf	??_setPWM,w
   536  0772  1283               	bcf	3,5	;RP0=0, select bank0
   537  0773  1303               	bcf	3,6	;RP1=0, select bank0
   538  0774  0095               	movwf	21	;volatile
   539                           
   540                           ;LE4-7.c: 33: CCP1CON = (CCP1CON & 0xCF) | ((dutyval & 0x03) << 4);
   541  0775  0878               	movf	setPWM@dutyval,w
   542  0776  3903               	andlw	3
   543  0777  00F5               	movwf	??_setPWM
   544  0778  3004               	movlw	4
   545  0779                     u145:	
   546  0779  1003               	clrc
   547  077A  0DF5               	rlf	??_setPWM,f
   548  077B  3EFF               	addlw	-1
   549  077C  1D03               	skipz
   550  077D  2F79               	goto	u145
   551  077E  0817               	movf	23,w	;volatile
   552  077F  39CF               	andlw	207
   553  0780  0475               	iorwf	??_setPWM,w
   554  0781  0097               	movwf	23	;volatile
   555  0782  0008               	return
   556  0783                     __end_of_setPWM:	
   557                           
   558                           	psect	text2
   559  06F4                     __ptext2:	
   560 ;; *************** function ___bmul *****************
   561 ;; Defined at:
   562 ;;		line 4 in file "C:\Program Files (x86)\Microchip\xc8\v1.33\sources\common\Umul8.c"
   563 ;; Parameters:    Size  Location     Type
   564 ;;  multiplier      1    wreg     unsigned char 
   565 ;;  multiplicand    1    0[COMMON] unsigned char 
   566 ;; Auto vars:     Size  Location     Type
   567 ;;  multiplier      1    3[COMMON] unsigned char 
   568 ;;  product         1    2[COMMON] unsigned char 
   569 ;; Return value:  Size  Location     Type
   570 ;;                  1    wreg      unsigned char 
   571 ;; Registers used:
   572 ;;		wreg, status,2, status,0
   573 ;; Tracked objects:
   574 ;;		On entry : 0/0
   575 ;;		On exit  : 0/0
   576 ;;		Unchanged: 0/0
   577 ;; Data sizes:     COMMON   BANK0   BANK1   BANK3   BANK2
   578 ;;      Params:         1       0       0       0       0
   579 ;;      Locals:         2       0       0       0       0
   580 ;;      Temps:          1       0       0       0       0
   581 ;;      Totals:         4       0       0       0       0
   582 ;;Total ram usage:        4 bytes
   583 ;; Hardware stack levels used:    1
   584 ;; This function calls:
   585 ;;		Nothing
   586 ;; This function is called by:
   587 ;;		_setPWM
   588 ;; This function uses a non-reentrant model
   589 ;;
   590                           
   591                           
   592                           ;psect for function ___bmul
   593  06F4                     ___bmul:	
   594                           
   595                           ;incstack = 0
   596                           ; Regs used in ___bmul: [wreg+status,2+status,0]
   597                           ;___bmul@multiplier stored from wreg
   598  06F4  00F3               	movwf	___bmul@multiplier
   599  06F5  01F2               	clrf	___bmul@product
   600  06F6                     l568:	
   601  06F6  1C73               	btfss	___bmul@multiplier,0
   602  06F7  2EFC               	goto	l572
   603  06F8  0870               	movf	___bmul@multiplicand,w
   604  06F9  00F1               	movwf	??___bmul
   605  06FA  0871               	movf	??___bmul,w
   606  06FB  07F2               	addwf	___bmul@product,f
   607  06FC                     l572:	
   608  06FC  1003               	clrc
   609  06FD  0DF0               	rlf	___bmul@multiplicand,f
   610  06FE  1003               	clrc
   611  06FF  0CF3               	rrf	___bmul@multiplier,f
   612  0700  08F3               	movf	___bmul@multiplier,f
   613  0701  1D03               	skipz
   614  0702  2EF6               	goto	l568
   615  0703  0872               	movf	___bmul@product,w
   616  0704  0008               	return
   617  0705                     __end_of___bmul:	
   618  007E                     btemp	set	126	;btemp
   619  007E                     wtemp	set	126
   620  007E                     wtemp0	set	126
   621  0080                     wtemp1	set	128
   622  0082                     wtemp2	set	130
   623  0084                     wtemp3	set	132
   624  0086                     wtemp4	set	134
   625  0088                     wtemp5	set	136
   626  007F                     wtemp6	set	127
   627  007E                     ttemp	set	126
   628  007E                     ttemp0	set	126
   629  0081                     ttemp1	set	129
   630  0084                     ttemp2	set	132
   631  0087                     ttemp3	set	135
   632  007F                     ttemp4	set	127
   633  007E                     ltemp	set	126
   634  007E                     ltemp0	set	126
   635  0082                     ltemp1	set	130
   636  0086                     ltemp2	set	134
   637  0080                     ltemp3	set	128


Data Sizes:
    Strings     0
    Constant    0
    Data        36
    BSS         2
    Persistent  0
    Stack       0

Auto Spaces:
    Space          Size  Autos    Used
    COMMON           14     14      14
    BANK0            80      0      38
    BANK1            80      0       0
    BANK3            96      0       0
    BANK2            96      0       0

Pointer List with Targets:

    None.

Critical Paths under _main in COMMON

    _main->_setPWM
    _setPWM->___bmul

Critical Paths under _main in BANK0

    None.

Critical Paths under _main in BANK1

    None.

Critical Paths under _main in BANK3

    None.

Critical Paths under _main in BANK2

    None.

Call Graph Tables:

 ---------------------------------------------------------------------------------
 (Depth) Function   	        Calls       Base Space   Used Autos Params    Refs
 ---------------------------------------------------------------------------------
 (0) _main                                                 3     3      0     410
                                             11 COMMON     3     3      0
                             _setPWM
 ---------------------------------------------------------------------------------
 (1) _setPWM                                               7     6      1     410
                                              4 COMMON     7     6      1
                             ___bmul
 ---------------------------------------------------------------------------------
 (2) ___bmul                                               4     3      1     118
                                              0 COMMON     4     3      1
 ---------------------------------------------------------------------------------
 Estimated maximum stack depth 2
 ---------------------------------------------------------------------------------

 Call Graph Graphs:

 _main (ROOT)
   _setPWM
     ___bmul

 Address spaces:
Name               Size   Autos  Total    Cost      Usage
BANK3               60      0       0       9        0.0%
BITBANK3            60      0       0       8        0.0%
SFR3                 0      0       0       4        0.0%
BITSFR3              0      0       0       4        0.0%
BANK2               60      0       0      11        0.0%
BITBANK2            60      0       0      10        0.0%
SFR2                 0      0       0       5        0.0%
BITSFR2              0      0       0       5        0.0%
BANK1               50      0       0       7        0.0%
BITBANK1            50      0       0       6        0.0%
SFR1                 0      0       0       2        0.0%
BITSFR1              0      0       0       2        0.0%
BANK0               50      0      26       5       47.5%
BITBANK0            50      0       0       4        0.0%
SFR0                 0      0       0       1        0.0%
BITSFR0              0      0       0       1        0.0%
COMMON               E      E       E       1      100.0%
BITCOMMON            E      0       0       0        0.0%
CODE                 0      0       0       0        0.0%
DATA                 0      0      34      12        0.0%
ABS                  0      0      34       3        0.0%
NULL                 0      0       0       0        0.0%
STACK                0      0       0       2        0.0%
EEDATA             100      0       0       0        0.0%


Microchip Technology PIC Macro Assembler V1.33 build 59893 
Symbol Table                                                                                   Mon Apr 06 08:13:24 2026

                      pc 0002           ___bmul@product 0072              __CFG_CP$OFF 0000  
                     l44 07E9                       l37 07C6                       l39 07C2  
                     fsr 0004                      l604 079F                      l572 06FC  
                    l568 06F6                      u135 074D                      u145 0779  
                    u217 07A7                      u227 07CE                      _PR2 0092  
           __CFG_CPD$OFF 0000                      fsr0 0004                      indf 0000  
           __CFG_FOSC$XT 0000             __CFG_LVP$OFF 0000                     _TMR2 0011  
           __CFG_WRT$OFF 0000                     _main 0783                     btemp 007E  
          __CFG_BOREN$ON 0000                     ltemp 007E                     start 0000  
                   ttemp 007E                     wtemp 007E        ___bmul@multiplier 0073  
                  ?_main 0070            __CFG_WDTE$OFF 0000                    _T2CON 0012  
          __CFG_PWRTE$ON 0000                    pclath 000A                    ltemp0 007E  
                  ltemp1 0082                    ltemp2 0086                    ltemp3 0080  
                  ttemp0 007E                    ttemp1 0081                    ttemp2 0084  
                  ttemp3 0087                    ttemp4 007F                    status 0003  
          setPWM@dutyval 0078                    wtemp0 007E                    wtemp1 0080  
                  wtemp2 0082                    wtemp3 0084                    wtemp4 0086  
                  wtemp5 0088                    wtemp6 007F          __initialization 07EE  
           __end_of_main 07EE                   ??_main 007B                   _CCPR1L 0015  
                 ___bmul 06F4                   _setPWM 073A  __end_of__initialization 07FC  
    ___bmul@multiplicand 0070           __pcstackCOMMON 0070             __pidataBANK0 0716  
             __pbssBANK0 0044               __pmaintext 0783                  ?___bmul 0070  
                _CCP1CON 0017                  ?_setPWM 0074          __size_of___bmul 0011  
        __size_of_setPWM 0049                  __ptext1 073A                  __ptext2 06F4  
   end_of_initialization 07FC                _PORTBbits 0006                _PORTCbits 0007  
              _TRISBbits 0086                _TRISCbits 0087           __end_of___bmul 0705  
         __end_of_setPWM 0783      start_initialization 07EE                 ??___bmul 0071  
             init_fetch0 0705              __pdataBANK0 0020                 ??_setPWM 0075  
              ___latbits 0002               setPWM@dIdx 0074               setPWM@fIdx 007A  
         _prescalerTable 0041                _freqIndex 0045                _freqTable 003E  
              _dutyIndex 0044                _dutyTable 0020            __size_of_main 006B  
               init_ram0 0709  
