

Microchip Technology PIC LITE Macro Assembler V1.33 build 59893 
                                                                                               Sun Apr 05 17:20:38 2026

Microchip Technology Omniscient Code Generator (Lite mode) build 59893
     1                           	processor	16F877A
     2                           	opt	pw 120
     3                           	opt	lm
     4                           	psect	strings,global,class=STRING,delta=2
     5                           	psect	cinit,global,class=CODE,merge=1,delta=2
     6                           	psect	bssBANK0,global,class=BANK0,space=1,delta=1
     7                           	psect	cstackCOMMON,global,class=COMMON,space=1,delta=1
     8                           	psect	cstackBANK0,global,class=BANK0,space=1,delta=1
     9                           	psect	maintext,global,class=CODE,split=1,delta=2
    10                           	psect	text1,local,class=CODE,merge=1,delta=2
    11                           	psect	text2,local,class=CODE,merge=1,delta=2
    12                           	psect	text3,local,class=CODE,merge=1,delta=2
    13                           	psect	text4,local,class=CODE,merge=1,delta=2
    14                           	psect	text5,local,class=CODE,merge=1,delta=2
    15                           	psect	text6,local,class=CODE,merge=1,delta=2
    16                           	psect	text7,local,class=CODE,merge=1,delta=2
    17                           	psect	text8,local,class=CODE,merge=1,delta=2
    18                           	psect	intentry,global,class=CODE,delta=2
    19                           	dabs	1,0x7E,2
    20  0000                     	;# 
    21  0001                     	;# 
    22  0002                     	;# 
    23  0003                     	;# 
    24  0004                     	;# 
    25  0005                     	;# 
    26  0006                     	;# 
    27  0007                     	;# 
    28  0008                     	;# 
    29  0009                     	;# 
    30  000A                     	;# 
    31  000B                     	;# 
    32  000C                     	;# 
    33  000D                     	;# 
    34  000E                     	;# 
    35  000E                     	;# 
    36  000F                     	;# 
    37  0010                     	;# 
    38  0011                     	;# 
    39  0012                     	;# 
    40  0013                     	;# 
    41  0014                     	;# 
    42  0015                     	;# 
    43  0015                     	;# 
    44  0016                     	;# 
    45  0017                     	;# 
    46  0018                     	;# 
    47  0019                     	;# 
    48  001A                     	;# 
    49  001B                     	;# 
    50  001B                     	;# 
    51  001C                     	;# 
    52  001D                     	;# 
    53  001E                     	;# 
    54  001F                     	;# 
    55  0081                     	;# 
    56  0085                     	;# 
    57  0086                     	;# 
    58  0087                     	;# 
    59  0088                     	;# 
    60  0089                     	;# 
    61  008C                     	;# 
    62  008D                     	;# 
    63  008E                     	;# 
    64  0091                     	;# 
    65  0092                     	;# 
    66  0093                     	;# 
    67  0094                     	;# 
    68  0098                     	;# 
    69  0099                     	;# 
    70  009C                     	;# 
    71  009D                     	;# 
    72  009E                     	;# 
    73  009F                     	;# 
    74  010C                     	;# 
    75  010D                     	;# 
    76  010E                     	;# 
    77  010F                     	;# 
    78  018C                     	;# 
    79  018D                     	;# 
    80  0015                     _CCPR1	set	21
    81  000E                     _TMR1	set	14
    82  0017                     _CCP1CON	set	23
    83  0006                     _PORTB	set	6
    84  0008                     _PORTD	set	8
    85  0010                     _T1CON	set	16
    86  0062                     _CCP1IF	set	98
    87  005F                     _GIE	set	95
    88  005E                     _PEIE	set	94
    89  0028                     _RA0	set	40
    90  0040                     _RD0	set	64
    91  0041                     _RD1	set	65
    92  0042                     _RD2	set	66
    93  0080                     _TMR1ON	set	128
    94  009F                     _ADCON1	set	159
    95  0085                     _TRISA	set	133
    96  0086                     _TRISB	set	134
    97  0087                     _TRISC	set	135
    98  0088                     _TRISD	set	136
    99  0462                     _CCP1IE	set	1122
   100                           
   101                           	psect	strings
   102  0220                     __pstrings:	
   103  0220                     stringtab:	
   104  0220                     __stringtab:	
   105                           
   106                           ;	String table - string pointers are 1 byte each
   107  0220  1BFF               	btfsc	btemp+1,7
   108  0221  2A2A               	ljmp	stringcode
   109  0222  1383               	bcf	3,7
   110  0223  187F               	btfsc	btemp+1,0
   111  0224  1783               	bsf	3,7
   112  0225  0800               	movf	0,w
   113  0226  0A84               	incf	4,f
   114  0227  1903               	skipnz
   115  0228  0AFF               	incf	btemp+1,f
   116  0229  0008               	return
   117  022A                     stringcode:	
   118  022A                     stringdir:	
   119  022A  3002               	movlw	high stringdir
   120  022B  008A               	movwf	10
   121  022C  0804               	movf	4,w
   122  022D  0A84               	incf	4,f
   123  022E  0782               	addwf	2,f
   124  022F                     __stringbase:	
   125  022F  3400               	retlw	0
   126  0230                     __end_of__stringtab:	
   127  0230                     __stringdata:	
   128  0230                     STR_1:	
   129  0230  3450               	retlw	80	;'P'
   130  0231  3465               	retlw	101	;'e'
   131  0232  3472               	retlw	114	;'r'
   132  0233  3469               	retlw	105	;'i'
   133  0234  346F               	retlw	111	;'o'
   134  0235  3464               	retlw	100	;'d'
   135  0236  343A               	retlw	58	;':'
   136  0237  3420               	retlw	32	;' '
   137  0238  3400               	retlw	0
   138  0239                     STR_2:	
   139  0239  3420               	retlw	32	;' '
   140  023A  3475               	retlw	117	;'u'
   141  023B  3473               	retlw	115	;'s'
   142  023C  3420               	retlw	32	;' '
   143  023D  3420               	retlw	32	;' '
   144  023E  3420               	retlw	32	;' '
   145  023F  3420               	retlw	32	;' '
   146  0240  3400               	retlw	0
   147  0241                     __end_of__stringdata:	
   148                           
   149                           ; #config settings
   150  0000                     
   151                           	psect	cinit
   152  0015                     start_initialization:	
   153  0015                     __initialization:	
   154                           
   155                           ; Clear objects allocated to BANK0
   156  0015  01C1               	clrf	__pbssBANK0& (0+127)
   157  0016  01C2               	clrf	(__pbssBANK0+1)& (0+127)
   158  0017  01C3               	clrf	(__pbssBANK0+2)& (0+127)
   159  0018  01C4               	clrf	(__pbssBANK0+3)& (0+127)
   160  0019                     end_of_initialization:	
   161                           ;End of C runtime variable initialization code
   162                           
   163  0019                     __end_of__initialization:	
   164  0019  0183               	clrf	3
   165  001A  120A  118A  28F0   	ljmp	_main	;jump to C main() function
   166                           
   167                           	psect	bssBANK0
   168  0041                     __pbssBANK0:	
   169  0041                     _period:	
   170  0041                     	ds	4
   171                           
   172                           	psect	cstackCOMMON
   173  0070                     __pcstackCOMMON:	
   174  0070                     ?_instCtrl:	
   175  0070                     ?_initLCD:	
   176                           ; 0 bytes @ 0x0
   177                           
   178  0070                     ?_dataCtrl:	
   179                           ; 0 bytes @ 0x0
   180                           
   181  0070                     ?_ISR:	
   182                           ; 0 bytes @ 0x0
   183                           
   184  0070                     ??_ISR:	
   185                           ; 0 bytes @ 0x0
   186                           
   187  0070                     ?_main:	
   188                           ; 0 bytes @ 0x0
   189                           
   190                           
   191                           ; 0 bytes @ 0x0
   192  0070                     	ds	8
   193                           
   194                           	psect	cstackBANK0
   195  0020                     __pcstackBANK0:	
   196  0020                     ??_instCtrl:	
   197  0020                     ??_dataCtrl:	
   198                           ; 0 bytes @ 0x0
   199                           
   200  0020                     ?___lldiv:	
   201                           ; 0 bytes @ 0x0
   202                           
   203  0020                     ?___llmod:	
   204                           ; 4 bytes @ 0x0
   205                           
   206  0020                     ___lldiv@divisor:	
   207                           ; 4 bytes @ 0x0
   208                           
   209  0020                     ___llmod@divisor:	
   210                           ; 4 bytes @ 0x0
   211                           
   212                           
   213                           ; 4 bytes @ 0x0
   214  0020                     	ds	1
   215  0021                     instCtrl@data:	
   216  0021                     dataCtrl@b:	
   217                           ; 1 bytes @ 0x1
   218                           
   219                           
   220                           ; 1 bytes @ 0x1
   221  0021                     	ds	1
   222  0022                     ??_initLCD:	
   223  0022                     ?_printString:	
   224                           ; 0 bytes @ 0x2
   225                           
   226  0022                     printString@str:	
   227                           ; 0 bytes @ 0x2
   228                           
   229                           
   230                           ; 2 bytes @ 0x2
   231  0022                     	ds	2
   232  0024                     ??_printString:	
   233  0024                     ___lldiv@dividend:	
   234                           ; 0 bytes @ 0x4
   235                           
   236  0024                     ___llmod@dividend:	
   237                           ; 4 bytes @ 0x4
   238                           
   239                           
   240                           ; 4 bytes @ 0x4
   241  0024                     	ds	4
   242  0028                     ??___lldiv:	
   243  0028                     ??___llmod:	
   244                           ; 0 bytes @ 0x8
   245                           
   246                           
   247                           ; 0 bytes @ 0x8
   248  0028                     	ds	1
   249  0029                     ___llmod@counter:	
   250  0029                     ___lldiv@quotient:	
   251                           ; 1 bytes @ 0x9
   252                           
   253                           
   254                           ; 4 bytes @ 0x9
   255  0029                     	ds	4
   256  002D                     ___lldiv@counter:	
   257                           
   258                           ; 1 bytes @ 0xD
   259  002D                     	ds	1
   260  002E                     ?_printNumber:	
   261  002E                     printNumber@val:	
   262                           ; 0 bytes @ 0xE
   263                           
   264                           
   265                           ; 4 bytes @ 0xE
   266  002E                     	ds	4
   267  0032                     ??_printNumber:	
   268                           
   269                           ; 0 bytes @ 0x12
   270  0032                     	ds	1
   271  0033                     printNumber@buffer:	
   272                           
   273                           ; 11 bytes @ 0x13
   274  0033                     	ds	11
   275  003E                     printNumber@i:	
   276                           
   277                           ; 2 bytes @ 0x1E
   278  003E                     	ds	2
   279  0040                     ??_main:	
   280                           
   281                           ; 0 bytes @ 0x20
   282  0040                     	ds	1
   283                           
   284                           	psect	maintext
   285  00F0                     __pmaintext:	
   286 ;;
   287 ;;Main: autosize = 0, tempsize = 1, incstack = 0, save=0
   288 ;;
   289 ;; *************** function _main *****************
   290 ;; Defined at:
   291 ;;		line 102 in file "C:\Users\ASUS\Downloads\Embedded\PA4\LE4-4.c"
   292 ;; Parameters:    Size  Location     Type
   293 ;;		None
   294 ;; Auto vars:     Size  Location     Type
   295 ;;		None
   296 ;; Return value:  Size  Location     Type
   297 ;;		None               void
   298 ;; Registers used:
   299 ;;		wreg, fsr0l, fsr0h, status,2, status,0, btemp+1, pclath, cstack
   300 ;; Tracked objects:
   301 ;;		On entry : 17F/0
   302 ;;		On exit  : 0/0
   303 ;;		Unchanged: 0/0
   304 ;; Data sizes:     COMMON   BANK0   BANK1   BANK3   BANK2
   305 ;;      Params:         0       0       0       0       0
   306 ;;      Locals:         0       0       0       0       0
   307 ;;      Temps:          0       1       0       0       0
   308 ;;      Totals:         0       1       0       0       0
   309 ;;Total ram usage:        1 bytes
   310 ;; Hardware stack levels required when called:    4
   311 ;; This function calls:
   312 ;;		_initLCD
   313 ;;		_instCtrl
   314 ;;		_printNumber
   315 ;;		_printString
   316 ;; This function is called by:
   317 ;;		Startup code after reset
   318 ;; This function uses a non-reentrant model
   319 ;;
   320                           
   321                           
   322                           ;psect for function _main
   323  00F0                     _main:	
   324                           
   325                           ;LE4-4.c: 104: ADCON1 = 0x07;
   326                           
   327                           ;incstack = 0
   328                           ; Regs used in _main: [wreg-fsr0h+status,2+status,0+btemp+1+pclath+cstack]
   329  00F0  3007               	movlw	7
   330  00F1  1683               	bsf	3,5	;RP0=1, select bank1
   331  00F2  1303               	bcf	3,6	;RP1=0, select bank1
   332  00F3  009F               	movwf	31	;volatile
   333                           
   334                           ;LE4-4.c: 105: PORTB = 0x00;
   335  00F4  1283               	bcf	3,5	;RP0=0, select bank0
   336  00F5  1303               	bcf	3,6	;RP1=0, select bank0
   337  00F6  0186               	clrf	6	;volatile
   338                           
   339                           ;LE4-4.c: 106: PORTD = 0x00;
   340  00F7  0188               	clrf	8	;volatile
   341                           
   342                           ;LE4-4.c: 108: TRISA = 0x00;
   343  00F8  1683               	bsf	3,5	;RP0=1, select bank1
   344  00F9  1303               	bcf	3,6	;RP1=0, select bank1
   345  00FA  0185               	clrf	5	;volatile
   346                           
   347                           ;LE4-4.c: 109: TRISB = 0x00;
   348  00FB  0186               	clrf	6	;volatile
   349                           
   350                           ;LE4-4.c: 110: TRISC = 0x04;
   351  00FC  3004               	movlw	4
   352  00FD  0087               	movwf	7	;volatile
   353                           
   354                           ;LE4-4.c: 111: TRISD = 0x00;
   355  00FE  0188               	clrf	8	;volatile
   356                           
   357                           ;LE4-4.c: 113: RA0 = 0;
   358  00FF  1283               	bcf	3,5	;RP0=0, select bank0
   359  0100  1303               	bcf	3,6	;RP1=0, select bank0
   360  0101  1005               	bcf	5,0	;volatile
   361                           
   362                           ;LE4-4.c: 115: initLCD();
   363  0102  120A  118A  219D  120A  118A  	fcall	_initLCD
   364                           
   365                           ;LE4-4.c: 117: T1CON = 0x30;
   366  0107  3030               	movlw	48
   367  0108  1283               	bcf	3,5	;RP0=0, select bank0
   368  0109  1303               	bcf	3,6	;RP1=0, select bank0
   369  010A  0090               	movwf	16	;volatile
   370                           
   371                           ;LE4-4.c: 118: CCP1CON = 0x05;
   372  010B  3005               	movlw	5
   373  010C  0097               	movwf	23	;volatile
   374                           
   375                           ;LE4-4.c: 119: CCP1IE = 1;
   376  010D  1683               	bsf	3,5	;RP0=1, select bank1
   377  010E  1303               	bcf	3,6	;RP1=0, select bank1
   378  010F  150C               	bsf	12,2	;volatile
   379                           
   380                           ;LE4-4.c: 120: CCP1IF = 0;
   381  0110  1283               	bcf	3,5	;RP0=0, select bank0
   382  0111  1303               	bcf	3,6	;RP1=0, select bank0
   383  0112  110C               	bcf	12,2	;volatile
   384                           
   385                           ;LE4-4.c: 121: PEIE = 1;
   386  0113  170B               	bsf	11,6	;volatile
   387                           
   388                           ;LE4-4.c: 122: GIE = 1;
   389  0114  178B               	bsf	11,7	;volatile
   390                           
   391                           ;LE4-4.c: 124: TMR1ON = 1;
   392  0115  1410               	bsf	16,0	;volatile
   393  0116                     l839:	
   394                           ;LE4-4.c: 125: for(;;)
   395                           
   396                           
   397                           ;LE4-4.c: 126: {
   398                           ;LE4-4.c: 128: instCtrl(0xC6);
   399  0116  30C6               	movlw	198
   400  0117  120A  118A  2252  120A  118A  	fcall	_instCtrl
   401                           
   402                           ;LE4-4.c: 129: printString("Period: ");
   403  011C  3001               	movlw	low (STR_1-__stringbase)
   404  011D  1283               	bcf	3,5	;RP0=0, select bank0
   405  011E  1303               	bcf	3,6	;RP1=0, select bank0
   406  011F  00A2               	movwf	printString@str
   407  0120  3080               	movlw	128
   408  0121  00A3               	movwf	printString@str+1
   409  0122  120A  118A  21FB  120A  118A  	fcall	_printString
   410                           
   411                           ;LE4-4.c: 131: instCtrl(0x9A);
   412  0127  309A               	movlw	154
   413  0128  120A  118A  2252  120A  118A  	fcall	_instCtrl
   414                           
   415                           ;LE4-4.c: 132: printNumber(period);
   416  012D  1283               	bcf	3,5	;RP0=0, select bank0
   417  012E  1303               	bcf	3,6	;RP1=0, select bank0
   418  012F  0844               	movf	_period+3,w	;volatile
   419  0130  00B1               	movwf	printNumber@val+3
   420  0131  0843               	movf	_period+2,w	;volatile
   421  0132  00B0               	movwf	printNumber@val+2
   422  0133  0842               	movf	_period+1,w	;volatile
   423  0134  00AF               	movwf	printNumber@val+1
   424  0135  0841               	movf	_period,w	;volatile
   425  0136  00AE               	movwf	printNumber@val
   426  0137  120A  118A  201D  120A  118A  	fcall	_printNumber
   427                           
   428                           ;LE4-4.c: 133: printString(" us    ");
   429  013C  300A               	movlw	low (STR_2-__stringbase)
   430  013D  1283               	bcf	3,5	;RP0=0, select bank0
   431  013E  1303               	bcf	3,6	;RP1=0, select bank0
   432  013F  00A2               	movwf	printString@str
   433  0140  3080               	movlw	128
   434  0141  00A3               	movwf	printString@str+1
   435  0142  120A  118A  21FB  120A  118A  	fcall	_printString
   436                           
   437                           ;LE4-4.c: 135: _delay((unsigned long)((50)*(4000000UL/4000000.0)));
   438  0147  3010               	movlw	16
   439  0148  1283               	bcf	3,5	;RP0=0, select bank0
   440  0149  1303               	bcf	3,6	;RP1=0, select bank0
   441  014A  00C0               	movwf	??_main
   442  014B                     u397:	
   443  014B  0BC0               	decfsz	??_main,f
   444  014C  294B               	goto	u397
   445  014D  0000               	nop
   446                           
   447                           ;LE4-4.c: 136: }
   448  014E  2916               	goto	l839
   449  014F                     __end_of_main:	
   450                           
   451                           	psect	text1
   452  001D                     __ptext1:	
   453 ;; *************** function _printNumber *****************
   454 ;; Defined at:
   455 ;;		line 68 in file "C:\Users\ASUS\Downloads\Embedded\PA4\LE4-4.c"
   456 ;; Parameters:    Size  Location     Type
   457 ;;  val             4   14[BANK0 ] unsigned long 
   458 ;; Auto vars:     Size  Location     Type
   459 ;;  buffer         11   19[BANK0 ] unsigned char [11]
   460 ;;  i               2   30[BANK0 ] int 
   461 ;; Return value:  Size  Location     Type
   462 ;;		None               void
   463 ;; Registers used:
   464 ;;		wreg, fsr0l, fsr0h, status,2, status,0, btemp+1, pclath, cstack
   465 ;; Tracked objects:
   466 ;;		On entry : 0/0
   467 ;;		On exit  : 0/0
   468 ;;		Unchanged: 0/0
   469 ;; Data sizes:     COMMON   BANK0   BANK1   BANK3   BANK2
   470 ;;      Params:         0       4       0       0       0
   471 ;;      Locals:         0      13       0       0       0
   472 ;;      Temps:          0       1       0       0       0
   473 ;;      Totals:         0      18       0       0       0
   474 ;;Total ram usage:       18 bytes
   475 ;; Hardware stack levels used:    1
   476 ;; Hardware stack levels required when called:    3
   477 ;; This function calls:
   478 ;;		___lldiv
   479 ;;		___llmod
   480 ;;		_printString
   481 ;; This function is called by:
   482 ;;		_main
   483 ;; This function uses a non-reentrant model
   484 ;;
   485                           
   486                           
   487                           ;psect for function _printNumber
   488  001D                     _printNumber:	
   489                           
   490                           ;LE4-4.c: 69: char buffer[11];
   491                           ;LE4-4.c: 70: buffer[10] = '\0';
   492                           
   493                           ;incstack = 0
   494                           ; Regs used in _printNumber: [wreg-fsr0h+status,2+status,0+btemp+1+pclath+cstack]
   495  001D  1283               	bcf	3,5	;RP0=0, select bank0
   496  001E  1303               	bcf	3,6	;RP1=0, select bank0
   497  001F  01BD               	clrf	printNumber@buffer+10
   498                           
   499                           ;LE4-4.c: 71: int i = 9;
   500  0020  3009               	movlw	9
   501  0021  00BE               	movwf	printNumber@i
   502  0022  3000               	movlw	0
   503  0023  00BF               	movwf	printNumber@i+1
   504                           
   505                           ;LE4-4.c: 73: if (val == 0) {
   506  0024  0831               	movf	printNumber@val+3,w
   507  0025  0430               	iorwf	printNumber@val+2,w
   508  0026  042F               	iorwf	printNumber@val+1,w
   509  0027  042E               	iorwf	printNumber@val,w
   510  0028  1D03               	skipz
   511  0029  287E               	goto	l791
   512                           
   513                           ;LE4-4.c: 74: buffer[i--] = '0';
   514  002A  3030               	movlw	48
   515  002B  00B2               	movwf	??_printNumber
   516  002C  083E               	movf	printNumber@i,w
   517  002D  3E33               	addlw	printNumber@buffer& (0+255)
   518  002E  0084               	movwf	4
   519  002F  0832               	movf	??_printNumber,w
   520  0030  1383               	bcf	3,7	;select IRP bank0
   521  0031  0080               	movwf	0
   522  0032  30FF               	movlw	255
   523  0033  07BE               	addwf	printNumber@i,f
   524  0034  1803               	skipnc
   525  0035  0ABF               	incf	printNumber@i+1,f
   526  0036  30FF               	movlw	255
   527  0037  07BF               	addwf	printNumber@i+1,f
   528                           
   529                           ;LE4-4.c: 75: }
   530  0038  2886               	goto	l795
   531  0039                     l785:	
   532                           ;LE4-4.c: 76: else {
   533                           ;LE4-4.c: 78: while (val > 0 && i >= 0) {
   534                           
   535                           
   536                           ;LE4-4.c: 79: buffer[i--] = (val % 10) + '0';
   537  0039  3000               	movlw	0
   538  003A  00A3               	movwf	___llmod@divisor+3
   539  003B  3000               	movlw	0
   540  003C  00A2               	movwf	___llmod@divisor+2
   541  003D  3000               	movlw	0
   542  003E  00A1               	movwf	___llmod@divisor+1
   543  003F  300A               	movlw	10
   544  0040  00A0               	movwf	___llmod@divisor
   545  0041  0831               	movf	printNumber@val+3,w
   546  0042  00A7               	movwf	___llmod@dividend+3
   547  0043  0830               	movf	printNumber@val+2,w
   548  0044  00A6               	movwf	___llmod@dividend+2
   549  0045  082F               	movf	printNumber@val+1,w
   550  0046  00A5               	movwf	___llmod@dividend+1
   551  0047  082E               	movf	printNumber@val,w
   552  0048  00A4               	movwf	___llmod@dividend
   553  0049  120A  118A  214F  120A  118A  	fcall	___llmod
   554  004E  1283               	bcf	3,5	;RP0=0, select bank0
   555  004F  1303               	bcf	3,6	;RP1=0, select bank0
   556  0050  0820               	movf	?___llmod,w
   557  0051  3E30               	addlw	48
   558  0052  00B2               	movwf	??_printNumber
   559  0053  083E               	movf	printNumber@i,w
   560  0054  3E33               	addlw	printNumber@buffer& (0+255)
   561  0055  0084               	movwf	4
   562  0056  0832               	movf	??_printNumber,w
   563  0057  1383               	bcf	3,7	;select IRP bank0
   564  0058  0080               	movwf	0
   565  0059  30FF               	movlw	255
   566  005A  07BE               	addwf	printNumber@i,f
   567  005B  1803               	skipnc
   568  005C  0ABF               	incf	printNumber@i+1,f
   569  005D  30FF               	movlw	255
   570  005E  07BF               	addwf	printNumber@i+1,f
   571                           
   572                           ;LE4-4.c: 80: val /= 10;
   573  005F  3000               	movlw	0
   574  0060  00A3               	movwf	___lldiv@divisor+3
   575  0061  3000               	movlw	0
   576  0062  00A2               	movwf	___lldiv@divisor+2
   577  0063  3000               	movlw	0
   578  0064  00A1               	movwf	___lldiv@divisor+1
   579  0065  300A               	movlw	10
   580  0066  00A0               	movwf	___lldiv@divisor
   581  0067  0831               	movf	printNumber@val+3,w
   582  0068  00A7               	movwf	___lldiv@dividend+3
   583  0069  0830               	movf	printNumber@val+2,w
   584  006A  00A6               	movwf	___lldiv@dividend+2
   585  006B  082F               	movf	printNumber@val+1,w
   586  006C  00A5               	movwf	___lldiv@dividend+1
   587  006D  082E               	movf	printNumber@val,w
   588  006E  00A4               	movwf	___lldiv@dividend
   589  006F  120A  118A  2090  120A  118A  	fcall	___lldiv
   590  0074  1283               	bcf	3,5	;RP0=0, select bank0
   591  0075  1303               	bcf	3,6	;RP1=0, select bank0
   592  0076  0823               	movf	?___lldiv+3,w
   593  0077  00B1               	movwf	printNumber@val+3
   594  0078  0822               	movf	?___lldiv+2,w
   595  0079  00B0               	movwf	printNumber@val+2
   596  007A  0821               	movf	?___lldiv+1,w
   597  007B  00AF               	movwf	printNumber@val+1
   598  007C  0820               	movf	?___lldiv,w
   599  007D  00AE               	movwf	printNumber@val
   600  007E                     l791:	
   601  007E  0831               	movf	printNumber@val+3,w
   602  007F  0430               	iorwf	printNumber@val+2,w
   603  0080  042F               	iorwf	printNumber@val+1,w
   604  0081  042E               	iorwf	printNumber@val,w
   605  0082  1903               	skipnz
   606  0083  2886               	goto	l795
   607  0084  1FBF               	btfss	printNumber@i+1,7
   608  0085  2839               	goto	l785
   609  0086                     l795:	
   610                           
   611                           ;LE4-4.c: 81: }
   612                           ;LE4-4.c: 82: }
   613                           ;LE4-4.c: 84: printString(&buffer[i + 1]);
   614  0086  083E               	movf	printNumber@i,w
   615  0087  3E01               	addlw	1
   616  0088  3E33               	addlw	printNumber@buffer& (0+255)
   617  0089  00A2               	movwf	printString@str
   618  008A  3000               	movlw	0
   619  008B  00A3               	movwf	printString@str+1
   620  008C  120A  118A  21FB   	fcall	_printString
   621  008F  0008               	return
   622  0090                     __end_of_printNumber:	
   623                           
   624                           	psect	text2
   625  01FB                     __ptext2:	
   626 ;; *************** function _printString *****************
   627 ;; Defined at:
   628 ;;		line 60 in file "C:\Users\ASUS\Downloads\Embedded\PA4\LE4-4.c"
   629 ;; Parameters:    Size  Location     Type
   630 ;;  str             2    2[BANK0 ] PTR const unsigned char 
   631 ;;		 -> STR_2(8), STR_1(9), printNumber@buffer(11), 
   632 ;; Auto vars:     Size  Location     Type
   633 ;;		None
   634 ;; Return value:  Size  Location     Type
   635 ;;		None               void
   636 ;; Registers used:
   637 ;;		wreg, fsr0l, fsr0h, status,2, status,0, btemp+1, pclath, cstack
   638 ;; Tracked objects:
   639 ;;		On entry : 0/0
   640 ;;		On exit  : 0/0
   641 ;;		Unchanged: 0/0
   642 ;; Data sizes:     COMMON   BANK0   BANK1   BANK3   BANK2
   643 ;;      Params:         0       2       0       0       0
   644 ;;      Locals:         0       0       0       0       0
   645 ;;      Temps:          0       0       0       0       0
   646 ;;      Totals:         0       2       0       0       0
   647 ;;Total ram usage:        2 bytes
   648 ;; Hardware stack levels used:    1
   649 ;; Hardware stack levels required when called:    2
   650 ;; This function calls:
   651 ;;		_dataCtrl
   652 ;; This function is called by:
   653 ;;		_printNumber
   654 ;;		_main
   655 ;; This function uses a non-reentrant model
   656 ;;
   657                           
   658                           
   659                           ;psect for function _printString
   660  01FB                     _printString:	
   661  01FB                     l719:	
   662                           ;LE4-4.c: 62: while(*str) {
   663                           
   664                           ;incstack = 0
   665                           ; Regs used in _printString: [wreg-fsr0h+status,2+status,0+btemp+1+pclath+cstack]
   666                           
   667  01FB  1283               	bcf	3,5	;RP0=0, select bank0
   668  01FC  1303               	bcf	3,6	;RP1=0, select bank0
   669  01FD  0823               	movf	printString@str+1,w
   670  01FE  00FF               	movwf	127
   671  01FF  0822               	movf	printString@str,w
   672  0200  0084               	movwf	4
   673  0201  120A  118A  2220  120A  118A  	fcall	stringtab
   674  0206  3800               	iorlw	0
   675  0207  1903               	btfsc	3,2
   676  0208  0008               	return
   677                           
   678                           ;LE4-4.c: 63: dataCtrl(*str++);
   679  0209  1283               	bcf	3,5	;RP0=0, select bank0
   680  020A  1303               	bcf	3,6	;RP1=0, select bank0
   681  020B  0823               	movf	printString@str+1,w
   682  020C  00FF               	movwf	127
   683  020D  0822               	movf	printString@str,w
   684  020E  0084               	movwf	4
   685  020F  120A  118A  2220  120A  118A  	fcall	stringtab
   686  0214  120A  118A  2241  120A  118A  	fcall	_dataCtrl
   687  0219  3001               	movlw	1
   688  021A  1283               	bcf	3,5	;RP0=0, select bank0
   689  021B  1303               	bcf	3,6	;RP1=0, select bank0
   690  021C  07A2               	addwf	printString@str,f
   691  021D  1803               	skipnc
   692  021E  0AA3               	incf	printString@str+1,f
   693  021F  29FB               	goto	l719
   694  0220                     __end_of_printString:	
   695                           
   696                           	psect	text3
   697  0241                     __ptext3:	
   698 ;; *************** function _dataCtrl *****************
   699 ;; Defined at:
   700 ;;		line 50 in file "C:\Users\ASUS\Downloads\Embedded\PA4\LE4-4.c"
   701 ;; Parameters:    Size  Location     Type
   702 ;;  b               1    wreg     unsigned char 
   703 ;; Auto vars:     Size  Location     Type
   704 ;;  b               1    1[BANK0 ] unsigned char 
   705 ;; Return value:  Size  Location     Type
   706 ;;		None               void
   707 ;; Registers used:
   708 ;;		wreg
   709 ;; Tracked objects:
   710 ;;		On entry : 0/0
   711 ;;		On exit  : 0/0
   712 ;;		Unchanged: 0/0
   713 ;; Data sizes:     COMMON   BANK0   BANK1   BANK3   BANK2
   714 ;;      Params:         0       0       0       0       0
   715 ;;      Locals:         0       1       0       0       0
   716 ;;      Temps:          0       1       0       0       0
   717 ;;      Totals:         0       2       0       0       0
   718 ;;Total ram usage:        2 bytes
   719 ;; Hardware stack levels used:    1
   720 ;; Hardware stack levels required when called:    1
   721 ;; This function calls:
   722 ;;		Nothing
   723 ;; This function is called by:
   724 ;;		_printString
   725 ;; This function uses a non-reentrant model
   726 ;;
   727                           
   728                           
   729                           ;psect for function _dataCtrl
   730  0241                     _dataCtrl:	
   731                           
   732                           ;incstack = 0
   733                           ; Regs used in _dataCtrl: [wreg]
   734                           ;dataCtrl@b stored from wreg
   735  0241  1283               	bcf	3,5	;RP0=0, select bank0
   736  0242  1303               	bcf	3,6	;RP1=0, select bank0
   737  0243  00A1               	movwf	dataCtrl@b
   738                           
   739                           ;LE4-4.c: 52: PORTB=b;
   740  0244  0821               	movf	dataCtrl@b,w
   741  0245  0086               	movwf	6	;volatile
   742                           
   743                           ;LE4-4.c: 53: RD0=1;
   744  0246  1408               	bsf	8,0	;volatile
   745                           
   746                           ;LE4-4.c: 54: RD1=0;
   747  0247  1088               	bcf	8,1	;volatile
   748                           
   749                           ;LE4-4.c: 55: RD2=1;
   750  0248  1508               	bsf	8,2	;volatile
   751                           
   752                           ;LE4-4.c: 56: _delay((unsigned long)((50)*(4000000UL/4000000.0)));;
   753  0249  3010               	movlw	16
   754  024A  00A0               	movwf	??_dataCtrl
   755  024B                     u407:	
   756  024B  0BA0               	decfsz	??_dataCtrl,f
   757  024C  2A4B               	goto	u407
   758  024D  0000               	nop
   759                           
   760                           ;LE4-4.c: 57: RD2=0;
   761  024E  1283               	bcf	3,5	;RP0=0, select bank0
   762  024F  1303               	bcf	3,6	;RP1=0, select bank0
   763  0250  1108               	bcf	8,2	;volatile
   764  0251  0008               	return
   765  0252                     __end_of_dataCtrl:	
   766                           
   767                           	psect	text4
   768  014F                     __ptext4:	
   769 ;; *************** function ___llmod *****************
   770 ;; Defined at:
   771 ;;		line 6 in file "C:\Program Files (x86)\Microchip\xc8\v1.33\sources\common\llmod.c"
   772 ;; Parameters:    Size  Location     Type
   773 ;;  divisor         4    0[BANK0 ] unsigned long 
   774 ;;  dividend        4    4[BANK0 ] unsigned long 
   775 ;; Auto vars:     Size  Location     Type
   776 ;;  counter         1    9[BANK0 ] unsigned char 
   777 ;; Return value:  Size  Location     Type
   778 ;;                  4    0[BANK0 ] unsigned long 
   779 ;; Registers used:
   780 ;;		wreg, status,2, status,0
   781 ;; Tracked objects:
   782 ;;		On entry : 0/0
   783 ;;		On exit  : 0/0
   784 ;;		Unchanged: 0/0
   785 ;; Data sizes:     COMMON   BANK0   BANK1   BANK3   BANK2
   786 ;;      Params:         0       8       0       0       0
   787 ;;      Locals:         0       1       0       0       0
   788 ;;      Temps:          0       1       0       0       0
   789 ;;      Totals:         0      10       0       0       0
   790 ;;Total ram usage:       10 bytes
   791 ;; Hardware stack levels used:    1
   792 ;; Hardware stack levels required when called:    1
   793 ;; This function calls:
   794 ;;		Nothing
   795 ;; This function is called by:
   796 ;;		_printNumber
   797 ;; This function uses a non-reentrant model
   798 ;;
   799                           
   800                           
   801                           ;psect for function ___llmod
   802  014F                     ___llmod:	
   803                           
   804                           ;incstack = 0
   805                           ; Regs used in ___llmod: [wreg+status,2+status,0]
   806  014F  1283               	bcf	3,5	;RP0=0, select bank0
   807  0150  1303               	bcf	3,6	;RP1=0, select bank0
   808  0151  0823               	movf	___llmod@divisor+3,w
   809  0152  0422               	iorwf	___llmod@divisor+2,w
   810  0153  0421               	iorwf	___llmod@divisor+1,w
   811  0154  0420               	iorwf	___llmod@divisor,w
   812  0155  1903               	skipnz
   813  0156  2994               	goto	l761
   814  0157  01A9               	clrf	___llmod@counter
   815  0158  0AA9               	incf	___llmod@counter,f
   816  0159                     l751:	
   817  0159  1BA3               	btfsc	___llmod@divisor+3,7
   818  015A  2969               	goto	l753
   819  015B  3001               	movlw	1
   820  015C  00A8               	movwf	??___llmod
   821  015D                     u295:	
   822  015D  1003               	clrc
   823  015E  0DA0               	rlf	___llmod@divisor,f
   824  015F  0DA1               	rlf	___llmod@divisor+1,f
   825  0160  0DA2               	rlf	___llmod@divisor+2,f
   826  0161  0DA3               	rlf	___llmod@divisor+3,f
   827  0162  0BA8               	decfsz	??___llmod,f
   828  0163  295D               	goto	u295
   829  0164  3001               	movlw	1
   830  0165  00A8               	movwf	??___llmod
   831  0166  0828               	movf	??___llmod,w
   832  0167  07A9               	addwf	___llmod@counter,f
   833  0168  2959               	goto	l751
   834  0169                     l753:	
   835  0169  0823               	movf	___llmod@divisor+3,w
   836  016A  0227               	subwf	___llmod@dividend+3,w
   837  016B  1D03               	skipz
   838  016C  2977               	goto	u315
   839  016D  0822               	movf	___llmod@divisor+2,w
   840  016E  0226               	subwf	___llmod@dividend+2,w
   841  016F  1D03               	skipz
   842  0170  2977               	goto	u315
   843  0171  0821               	movf	___llmod@divisor+1,w
   844  0172  0225               	subwf	___llmod@dividend+1,w
   845  0173  1D03               	skipz
   846  0174  2977               	goto	u315
   847  0175  0820               	movf	___llmod@divisor,w
   848  0176  0224               	subwf	___llmod@dividend,w
   849  0177                     u315:	
   850  0177  1C03               	skipc
   851  0178  2987               	goto	l757
   852  0179  0820               	movf	___llmod@divisor,w
   853  017A  02A4               	subwf	___llmod@dividend,f
   854  017B  0821               	movf	___llmod@divisor+1,w
   855  017C  1C03               	skipc
   856  017D  0F21               	incfsz	___llmod@divisor+1,w
   857  017E  02A5               	subwf	___llmod@dividend+1,f
   858  017F  0822               	movf	___llmod@divisor+2,w
   859  0180  1C03               	skipc
   860  0181  0F22               	incfsz	___llmod@divisor+2,w
   861  0182  02A6               	subwf	___llmod@dividend+2,f
   862  0183  0823               	movf	___llmod@divisor+3,w
   863  0184  1C03               	skipc
   864  0185  0F23               	incfsz	___llmod@divisor+3,w
   865  0186  02A7               	subwf	___llmod@dividend+3,f
   866  0187                     l757:	
   867  0187  3001               	movlw	1
   868  0188                     u325:	
   869  0188  1003               	clrc
   870  0189  0CA3               	rrf	___llmod@divisor+3,f
   871  018A  0CA2               	rrf	___llmod@divisor+2,f
   872  018B  0CA1               	rrf	___llmod@divisor+1,f
   873  018C  0CA0               	rrf	___llmod@divisor,f
   874  018D  3EFF               	addlw	-1
   875  018E  1D03               	skipz
   876  018F  2988               	goto	u325
   877  0190  3001               	movlw	1
   878  0191  02A9               	subwf	___llmod@counter,f
   879  0192  1D03               	btfss	3,2
   880  0193  2969               	goto	l753
   881  0194                     l761:	
   882  0194  0827               	movf	___llmod@dividend+3,w
   883  0195  00A3               	movwf	?___llmod+3
   884  0196  0826               	movf	___llmod@dividend+2,w
   885  0197  00A2               	movwf	?___llmod+2
   886  0198  0825               	movf	___llmod@dividend+1,w
   887  0199  00A1               	movwf	?___llmod+1
   888  019A  0824               	movf	___llmod@dividend,w
   889  019B  00A0               	movwf	?___llmod
   890  019C  0008               	return
   891  019D                     __end_of___llmod:	
   892                           
   893                           	psect	text5
   894  0090                     __ptext5:	
   895 ;; *************** function ___lldiv *****************
   896 ;; Defined at:
   897 ;;		line 6 in file "C:\Program Files (x86)\Microchip\xc8\v1.33\sources\common\lldiv.c"
   898 ;; Parameters:    Size  Location     Type
   899 ;;  divisor         4    0[BANK0 ] unsigned long 
   900 ;;  dividend        4    4[BANK0 ] unsigned long 
   901 ;; Auto vars:     Size  Location     Type
   902 ;;  quotient        4    9[BANK0 ] unsigned long 
   903 ;;  counter         1   13[BANK0 ] unsigned char 
   904 ;; Return value:  Size  Location     Type
   905 ;;                  4    0[BANK0 ] unsigned long 
   906 ;; Registers used:
   907 ;;		wreg, status,2, status,0
   908 ;; Tracked objects:
   909 ;;		On entry : 0/0
   910 ;;		On exit  : 0/0
   911 ;;		Unchanged: 0/0
   912 ;; Data sizes:     COMMON   BANK0   BANK1   BANK3   BANK2
   913 ;;      Params:         0       8       0       0       0
   914 ;;      Locals:         0       5       0       0       0
   915 ;;      Temps:          0       1       0       0       0
   916 ;;      Totals:         0      14       0       0       0
   917 ;;Total ram usage:       14 bytes
   918 ;; Hardware stack levels used:    1
   919 ;; Hardware stack levels required when called:    1
   920 ;; This function calls:
   921 ;;		Nothing
   922 ;; This function is called by:
   923 ;;		_printNumber
   924 ;; This function uses a non-reentrant model
   925 ;;
   926                           
   927                           
   928                           ;psect for function ___lldiv
   929  0090                     ___lldiv:	
   930                           
   931                           ;incstack = 0
   932                           ; Regs used in ___lldiv: [wreg+status,2+status,0]
   933  0090  3000               	movlw	0
   934  0091  1283               	bcf	3,5	;RP0=0, select bank0
   935  0092  1303               	bcf	3,6	;RP1=0, select bank0
   936  0093  00AC               	movwf	___lldiv@quotient+3
   937  0094  3000               	movlw	0
   938  0095  00AB               	movwf	___lldiv@quotient+2
   939  0096  3000               	movlw	0
   940  0097  00AA               	movwf	___lldiv@quotient+1
   941  0098  3000               	movlw	0
   942  0099  00A9               	movwf	___lldiv@quotient
   943  009A  0823               	movf	___lldiv@divisor+3,w
   944  009B  0422               	iorwf	___lldiv@divisor+2,w
   945  009C  0421               	iorwf	___lldiv@divisor+1,w
   946  009D  0420               	iorwf	___lldiv@divisor,w
   947  009E  1903               	skipnz
   948  009F  28E7               	goto	l741
   949  00A0  01AD               	clrf	___lldiv@counter
   950  00A1  0AAD               	incf	___lldiv@counter,f
   951  00A2                     l727:	
   952  00A2  1BA3               	btfsc	___lldiv@divisor+3,7
   953  00A3  28B2               	goto	l729
   954  00A4  3001               	movlw	1
   955  00A5  00A8               	movwf	??___lldiv
   956  00A6                     u225:	
   957  00A6  1003               	clrc
   958  00A7  0DA0               	rlf	___lldiv@divisor,f
   959  00A8  0DA1               	rlf	___lldiv@divisor+1,f
   960  00A9  0DA2               	rlf	___lldiv@divisor+2,f
   961  00AA  0DA3               	rlf	___lldiv@divisor+3,f
   962  00AB  0BA8               	decfsz	??___lldiv,f
   963  00AC  28A6               	goto	u225
   964  00AD  3001               	movlw	1
   965  00AE  00A8               	movwf	??___lldiv
   966  00AF  0828               	movf	??___lldiv,w
   967  00B0  07AD               	addwf	___lldiv@counter,f
   968  00B1  28A2               	goto	l727
   969  00B2                     l729:	
   970  00B2  3001               	movlw	1
   971  00B3  00A8               	movwf	??___lldiv
   972  00B4                     u245:	
   973  00B4  1003               	clrc
   974  00B5  0DA9               	rlf	___lldiv@quotient,f
   975  00B6  0DAA               	rlf	___lldiv@quotient+1,f
   976  00B7  0DAB               	rlf	___lldiv@quotient+2,f
   977  00B8  0DAC               	rlf	___lldiv@quotient+3,f
   978  00B9  0BA8               	decfsz	??___lldiv,f
   979  00BA  28B4               	goto	u245
   980  00BB  0823               	movf	___lldiv@divisor+3,w
   981  00BC  0227               	subwf	___lldiv@dividend+3,w
   982  00BD  1D03               	skipz
   983  00BE  28C9               	goto	u255
   984  00BF  0822               	movf	___lldiv@divisor+2,w
   985  00C0  0226               	subwf	___lldiv@dividend+2,w
   986  00C1  1D03               	skipz
   987  00C2  28C9               	goto	u255
   988  00C3  0821               	movf	___lldiv@divisor+1,w
   989  00C4  0225               	subwf	___lldiv@dividend+1,w
   990  00C5  1D03               	skipz
   991  00C6  28C9               	goto	u255
   992  00C7  0820               	movf	___lldiv@divisor,w
   993  00C8  0224               	subwf	___lldiv@dividend,w
   994  00C9                     u255:	
   995  00C9  1C03               	skipc
   996  00CA  28DA               	goto	l737
   997  00CB  0820               	movf	___lldiv@divisor,w
   998  00CC  02A4               	subwf	___lldiv@dividend,f
   999  00CD  0821               	movf	___lldiv@divisor+1,w
  1000  00CE  1C03               	skipc
  1001  00CF  0F21               	incfsz	___lldiv@divisor+1,w
  1002  00D0  02A5               	subwf	___lldiv@dividend+1,f
  1003  00D1  0822               	movf	___lldiv@divisor+2,w
  1004  00D2  1C03               	skipc
  1005  00D3  0F22               	incfsz	___lldiv@divisor+2,w
  1006  00D4  02A6               	subwf	___lldiv@dividend+2,f
  1007  00D5  0823               	movf	___lldiv@divisor+3,w
  1008  00D6  1C03               	skipc
  1009  00D7  0F23               	incfsz	___lldiv@divisor+3,w
  1010  00D8  02A7               	subwf	___lldiv@dividend+3,f
  1011  00D9  1429               	bsf	___lldiv@quotient,0
  1012  00DA                     l737:	
  1013  00DA  3001               	movlw	1
  1014  00DB                     u265:	
  1015  00DB  1003               	clrc
  1016  00DC  0CA3               	rrf	___lldiv@divisor+3,f
  1017  00DD  0CA2               	rrf	___lldiv@divisor+2,f
  1018  00DE  0CA1               	rrf	___lldiv@divisor+1,f
  1019  00DF  0CA0               	rrf	___lldiv@divisor,f
  1020  00E0  3EFF               	addlw	-1
  1021  00E1  1D03               	skipz
  1022  00E2  28DB               	goto	u265
  1023  00E3  3001               	movlw	1
  1024  00E4  02AD               	subwf	___lldiv@counter,f
  1025  00E5  1D03               	btfss	3,2
  1026  00E6  28B2               	goto	l729
  1027  00E7                     l741:	
  1028  00E7  082C               	movf	___lldiv@quotient+3,w
  1029  00E8  00A3               	movwf	?___lldiv+3
  1030  00E9  082B               	movf	___lldiv@quotient+2,w
  1031  00EA  00A2               	movwf	?___lldiv+2
  1032  00EB  082A               	movf	___lldiv@quotient+1,w
  1033  00EC  00A1               	movwf	?___lldiv+1
  1034  00ED  0829               	movf	___lldiv@quotient,w
  1035  00EE  00A0               	movwf	?___lldiv
  1036  00EF  0008               	return
  1037  00F0                     __end_of___lldiv:	
  1038                           
  1039                           	psect	text6
  1040  019D                     __ptext6:	
  1041 ;; *************** function _initLCD *****************
  1042 ;; Defined at:
  1043 ;;		line 39 in file "C:\Users\ASUS\Downloads\Embedded\PA4\LE4-4.c"
  1044 ;; Parameters:    Size  Location     Type
  1045 ;;		None
  1046 ;; Auto vars:     Size  Location     Type
  1047 ;;		None
  1048 ;; Return value:  Size  Location     Type
  1049 ;;		None               void
  1050 ;; Registers used:
  1051 ;;		wreg, status,2, status,0, pclath, cstack
  1052 ;; Tracked objects:
  1053 ;;		On entry : 0/0
  1054 ;;		On exit  : 0/0
  1055 ;;		Unchanged: 0/0
  1056 ;; Data sizes:     COMMON   BANK0   BANK1   BANK3   BANK2
  1057 ;;      Params:         0       0       0       0       0
  1058 ;;      Locals:         0       0       0       0       0
  1059 ;;      Temps:          0       2       0       0       0
  1060 ;;      Totals:         0       2       0       0       0
  1061 ;;Total ram usage:        2 bytes
  1062 ;; Hardware stack levels used:    1
  1063 ;; Hardware stack levels required when called:    2
  1064 ;; This function calls:
  1065 ;;		_instCtrl
  1066 ;; This function is called by:
  1067 ;;		_main
  1068 ;; This function uses a non-reentrant model
  1069 ;;
  1070                           
  1071                           
  1072                           ;psect for function _initLCD
  1073  019D                     _initLCD:	
  1074                           
  1075                           ;LE4-4.c: 41: _delay((unsigned long)((20)*(4000000UL/4000.0)));
  1076                           
  1077                           ;incstack = 0
  1078                           ; Regs used in _initLCD: [wreg+status,2+status,0+pclath+cstack]
  1079  019D  301A               	movlw	26
  1080  019E  1283               	bcf	3,5	;RP0=0, select bank0
  1081  019F  1303               	bcf	3,6	;RP1=0, select bank0
  1082  01A0  00A3               	movwf	??_initLCD+1
  1083  01A1  30F8               	movlw	248
  1084  01A2  00A2               	movwf	??_initLCD
  1085  01A3                     u417:	
  1086  01A3  0BA2               	decfsz	??_initLCD,f
  1087  01A4  29A3               	goto	u417
  1088  01A5  0BA3               	decfsz	??_initLCD+1,f
  1089  01A6  29A3               	goto	u417
  1090  01A7  0000               	nop
  1091                           
  1092                           ;LE4-4.c: 42: instCtrl(0x38);
  1093  01A8  3038               	movlw	56
  1094  01A9  120A  118A  2252  120A  118A  	fcall	_instCtrl
  1095                           
  1096                           ;LE4-4.c: 43: instCtrl(0x0C);
  1097  01AE  300C               	movlw	12
  1098  01AF  120A  118A  2252  120A  118A  	fcall	_instCtrl
  1099                           
  1100                           ;LE4-4.c: 44: instCtrl(0x01);
  1101  01B4  3001               	movlw	1
  1102  01B5  120A  118A  2252  120A  118A  	fcall	_instCtrl
  1103                           
  1104                           ;LE4-4.c: 45: _delay((unsigned long)((2)*(4000000UL/4000.0)));
  1105  01BA  3003               	movlw	3
  1106  01BB  1283               	bcf	3,5	;RP0=0, select bank0
  1107  01BC  1303               	bcf	3,6	;RP1=0, select bank0
  1108  01BD  00A3               	movwf	??_initLCD+1
  1109  01BE  3097               	movlw	151
  1110  01BF  00A2               	movwf	??_initLCD
  1111  01C0                     u427:	
  1112  01C0  0BA2               	decfsz	??_initLCD,f
  1113  01C1  29C0               	goto	u427
  1114  01C2  0BA3               	decfsz	??_initLCD+1,f
  1115  01C3  29C0               	goto	u427
  1116  01C4  29C5               	nop2
  1117                           
  1118                           ;LE4-4.c: 46: instCtrl(0x06);
  1119  01C5  3006               	movlw	6
  1120  01C6  120A  118A  2252  120A  118A  	fcall	_instCtrl
  1121                           
  1122                           ;LE4-4.c: 47: instCtrl(0x80);
  1123  01CB  3080               	movlw	128
  1124  01CC  120A  118A  2252   	fcall	_instCtrl
  1125  01CF  0008               	return
  1126  01D0                     __end_of_initLCD:	
  1127                           
  1128                           	psect	text7
  1129  0252                     __ptext7:	
  1130 ;; *************** function _instCtrl *****************
  1131 ;; Defined at:
  1132 ;;		line 29 in file "C:\Users\ASUS\Downloads\Embedded\PA4\LE4-4.c"
  1133 ;; Parameters:    Size  Location     Type
  1134 ;;  data            1    wreg     unsigned char 
  1135 ;; Auto vars:     Size  Location     Type
  1136 ;;  data            1    1[BANK0 ] unsigned char 
  1137 ;; Return value:  Size  Location     Type
  1138 ;;		None               void
  1139 ;; Registers used:
  1140 ;;		wreg
  1141 ;; Tracked objects:
  1142 ;;		On entry : 0/0
  1143 ;;		On exit  : 0/0
  1144 ;;		Unchanged: 0/0
  1145 ;; Data sizes:     COMMON   BANK0   BANK1   BANK3   BANK2
  1146 ;;      Params:         0       0       0       0       0
  1147 ;;      Locals:         0       1       0       0       0
  1148 ;;      Temps:          0       1       0       0       0
  1149 ;;      Totals:         0       2       0       0       0
  1150 ;;Total ram usage:        2 bytes
  1151 ;; Hardware stack levels used:    1
  1152 ;; Hardware stack levels required when called:    1
  1153 ;; This function calls:
  1154 ;;		Nothing
  1155 ;; This function is called by:
  1156 ;;		_initLCD
  1157 ;;		_main
  1158 ;; This function uses a non-reentrant model
  1159 ;;
  1160                           
  1161                           
  1162                           ;psect for function _instCtrl
  1163  0252                     _instCtrl:	
  1164                           
  1165                           ;incstack = 0
  1166                           ; Regs used in _instCtrl: [wreg]
  1167                           ;instCtrl@data stored from wreg
  1168  0252  1283               	bcf	3,5	;RP0=0, select bank0
  1169  0253  1303               	bcf	3,6	;RP1=0, select bank0
  1170  0254  00A1               	movwf	instCtrl@data
  1171                           
  1172                           ;LE4-4.c: 31: PORTB= data;
  1173  0255  0821               	movf	instCtrl@data,w
  1174  0256  0086               	movwf	6	;volatile
  1175                           
  1176                           ;LE4-4.c: 32: RD0=0;
  1177  0257  1008               	bcf	8,0	;volatile
  1178                           
  1179                           ;LE4-4.c: 33: RD1=0;
  1180  0258  1088               	bcf	8,1	;volatile
  1181                           
  1182                           ;LE4-4.c: 34: RD2=1;
  1183  0259  1508               	bsf	8,2	;volatile
  1184                           
  1185                           ;LE4-4.c: 35: _delay((unsigned long)((50)*(4000000UL/4000000.0)));;
  1186  025A  3010               	movlw	16
  1187  025B  00A0               	movwf	??_instCtrl
  1188  025C                     u437:	
  1189  025C  0BA0               	decfsz	??_instCtrl,f
  1190  025D  2A5C               	goto	u437
  1191  025E  0000               	nop
  1192                           
  1193                           ;LE4-4.c: 36: RD2=0;
  1194  025F  1283               	bcf	3,5	;RP0=0, select bank0
  1195  0260  1303               	bcf	3,6	;RP1=0, select bank0
  1196  0261  1108               	bcf	8,2	;volatile
  1197  0262  0008               	return
  1198  0263                     __end_of_instCtrl:	
  1199                           
  1200                           	psect	text8
  1201  01D0                     __ptext8:	
  1202 ;; *************** function _ISR *****************
  1203 ;; Defined at:
  1204 ;;		line 88 in file "C:\Users\ASUS\Downloads\Embedded\PA4\LE4-4.c"
  1205 ;; Parameters:    Size  Location     Type
  1206 ;;		None
  1207 ;; Auto vars:     Size  Location     Type
  1208 ;;		None
  1209 ;; Return value:  Size  Location     Type
  1210 ;;		None               void
  1211 ;; Registers used:
  1212 ;;		wreg, status,2, status,0
  1213 ;; Tracked objects:
  1214 ;;		On entry : 0/0
  1215 ;;		On exit  : 0/0
  1216 ;;		Unchanged: 0/0
  1217 ;; Data sizes:     COMMON   BANK0   BANK1   BANK3   BANK2
  1218 ;;      Params:         0       0       0       0       0
  1219 ;;      Locals:         0       0       0       0       0
  1220 ;;      Temps:          8       0       0       0       0
  1221 ;;      Totals:         8       0       0       0       0
  1222 ;;Total ram usage:        8 bytes
  1223 ;; Hardware stack levels used:    1
  1224 ;; This function calls:
  1225 ;;		Nothing
  1226 ;; This function is called by:
  1227 ;;		Interrupt level 1
  1228 ;; This function uses a non-reentrant model
  1229 ;;
  1230                           
  1231                           
  1232                           ;psect for function _ISR
  1233  01D0                     _ISR:	
  1234                           
  1235                           ;LE4-4.c: 90: GIE = 0;
  1236  01D0  138B               	bcf	11,7	;volatile
  1237                           
  1238                           ;LE4-4.c: 91: if(CCP1IF==1)
  1239  01D1  1D0C               	btfss	12,2	;volatile
  1240  01D2  29EF               	goto	i1l807
  1241                           
  1242                           ;LE4-4.c: 92: {
  1243                           ;LE4-4.c: 93: CCP1IF = 0;
  1244  01D3  110C               	bcf	12,2	;volatile
  1245                           
  1246                           ;LE4-4.c: 94: TMR1 = 0;
  1247  01D4  018E               	clrf	14	;volatile
  1248  01D5  018F               	clrf	15	;volatile
  1249                           
  1250                           ;LE4-4.c: 96: RA0^=1;
  1251  01D6  3001               	movlw	1
  1252  01D7  0685               	xorwf	5,f
  1253                           
  1254                           ;LE4-4.c: 97: period = (unsigned long)CCPR1 * 8;
  1255  01D8  0815               	movf	21,w	;volatile
  1256  01D9  00F0               	movwf	??_ISR
  1257  01DA  0816               	movf	22,w	;volatile
  1258  01DB  00F1               	movwf	??_ISR+1
  1259  01DC  01F2               	clrf	??_ISR+2
  1260  01DD  01F3               	clrf	??_ISR+3
  1261  01DE  3003               	movlw	3
  1262  01DF                     u38_25:	
  1263  01DF  1003               	clrc
  1264  01E0  0DF0               	rlf	??_ISR,f
  1265  01E1  0DF1               	rlf	??_ISR+1,f
  1266  01E2  0DF2               	rlf	??_ISR+2,f
  1267  01E3  0DF3               	rlf	??_ISR+3,f
  1268  01E4  3EFF               	addlw	-1
  1269  01E5  1D03               	skipz
  1270  01E6  29DF               	goto	u38_25
  1271  01E7  0873               	movf	??_ISR+3,w
  1272  01E8  00C4               	movwf	_period+3	;volatile
  1273  01E9  0872               	movf	??_ISR+2,w
  1274  01EA  00C3               	movwf	_period+2	;volatile
  1275  01EB  0871               	movf	??_ISR+1,w
  1276  01EC  00C2               	movwf	_period+1	;volatile
  1277  01ED  0870               	movf	??_ISR,w
  1278  01EE  00C1               	movwf	_period	;volatile
  1279  01EF                     i1l807:	
  1280                           
  1281                           ;LE4-4.c: 98: }
  1282                           ;LE4-4.c: 99: GIE = 1;
  1283  01EF  178B               	bsf	11,7	;volatile
  1284  01F0  0877               	movf	??_ISR+7,w
  1285  01F1  00FF               	movwf	127
  1286  01F2  0876               	movf	??_ISR+6,w
  1287  01F3  008A               	movwf	10
  1288  01F4  0875               	movf	??_ISR+5,w
  1289  01F5  0084               	movwf	4
  1290  01F6  0E74               	swapf	(??_ISR+4)^(0+-128),w
  1291  01F7  0083               	movwf	3
  1292  01F8  0EFE               	swapf	126,f
  1293  01F9  0E7E               	swapf	126,w
  1294  01FA  0009               	retfie
  1295  01FB                     __end_of_ISR:	
  1296  007E                     btemp	set	126	;btemp
  1297  007E                     wtemp	set	126
  1298  007E                     wtemp0	set	126
  1299  0080                     wtemp1	set	128
  1300  0082                     wtemp2	set	130
  1301  0084                     wtemp3	set	132
  1302  0086                     wtemp4	set	134
  1303  0088                     wtemp5	set	136
  1304  007F                     wtemp6	set	127
  1305  007E                     ttemp	set	126
  1306  007E                     ttemp0	set	126
  1307  0081                     ttemp1	set	129
  1308  0084                     ttemp2	set	132
  1309  0087                     ttemp3	set	135
  1310  007F                     ttemp4	set	127
  1311  007E                     ltemp	set	126
  1312  007E                     ltemp0	set	126
  1313  0082                     ltemp1	set	130
  1314  0086                     ltemp2	set	134
  1315  0080                     ltemp3	set	128
  1316                           
  1317                           	psect	intentry
  1318  0004                     __pintentry:	
  1319                           ;incstack = 0
  1320                           ; Regs used in _ISR: [wreg+status,2+status,0]
  1321                           
  1322  0004                     interrupt_function:	
  1323  007E                     saved_w	set	btemp
  1324  0004  00FE               	movwf	btemp
  1325  0005  0E03               	swapf	3,w
  1326  0006  00F4               	movwf	??_ISR+4
  1327  0007  0804               	movf	4,w
  1328  0008  00F5               	movwf	??_ISR+5
  1329  0009  080A               	movf	10,w
  1330  000A  00F6               	movwf	??_ISR+6
  1331  000B  1283               	bcf	3,5	;RP0=0, select bank0
  1332  000C  1303               	bcf	3,6	;RP1=0, select bank0
  1333  000D  087F               	movf	btemp+1,w
  1334  000E  00F7               	movwf	??_ISR+7
  1335  000F  120A  118A  29D0   	ljmp	_ISR


Data Sizes:
    Strings     17
    Constant    0
    Data        0
    BSS         4
    Persistent  0
    Stack       0

Auto Spaces:
    Space          Size  Autos    Used
    COMMON           14      8       8
    BANK0            80     33      37
    BANK1            80      0       0
    BANK3            96      0       0
    BANK2            96      0       0

Pointer List with Targets:

    printString@str	PTR const unsigned char  size(2) Largest target is 11
		 -> STR_2(CODE[8]), STR_1(CODE[9]), printNumber@buffer(BANK0[11]), 


Critical Paths under _main in COMMON

    None.

Critical Paths under _ISR in COMMON

    None.

Critical Paths under _main in BANK0

    _main->_printNumber
    _printNumber->___lldiv
    _printString->_dataCtrl
    _initLCD->_instCtrl

Critical Paths under _ISR in BANK0

    None.

Critical Paths under _main in BANK1

    None.

Critical Paths under _ISR in BANK1

    None.

Critical Paths under _main in BANK3

    None.

Critical Paths under _ISR in BANK3

    None.

Critical Paths under _main in BANK2

    None.

Critical Paths under _ISR in BANK2

    None.

Call Graph Tables:

 ---------------------------------------------------------------------------------
 (Depth) Function   	        Calls       Base Space   Used Autos Params    Refs
 ---------------------------------------------------------------------------------
 (0) _main                                                 1     1      0    1358
                                             32 BANK0      1     1      0
                            _initLCD
                           _instCtrl
                        _printNumber
                        _printString
 ---------------------------------------------------------------------------------
 (1) _printNumber                                         18    14      4    1088
                                             14 BANK0     18    14      4
                            ___lldiv
                            ___llmod
                        _printString
 ---------------------------------------------------------------------------------
 (1) _printString                                          2     0      2     226
                                              2 BANK0      2     0      2
                           _dataCtrl
 ---------------------------------------------------------------------------------
 (2) _dataCtrl                                             2     2      0      22
                                              0 BANK0      2     2      0
 ---------------------------------------------------------------------------------
 (2) ___llmod                                             10     2      8     265
                                              0 BANK0     10     2      8
 ---------------------------------------------------------------------------------
 (2) ___lldiv                                             14     6      8     268
                                              0 BANK0     14     6      8
 ---------------------------------------------------------------------------------
 (1) _initLCD                                              2     2      0      22
                                              2 BANK0      2     2      0
                           _instCtrl
 ---------------------------------------------------------------------------------
 (1) _instCtrl                                             2     2      0      22
                                              0 BANK0      2     2      0
 ---------------------------------------------------------------------------------
 Estimated maximum stack depth 2
 ---------------------------------------------------------------------------------
 (Depth) Function   	        Calls       Base Space   Used Autos Params    Refs
 ---------------------------------------------------------------------------------
 (4) _ISR                                                  8     8      0       0
                                              0 COMMON     8     8      0
 ---------------------------------------------------------------------------------
 Estimated maximum stack depth 4
 ---------------------------------------------------------------------------------

 Call Graph Graphs:

 _main (ROOT)
   _initLCD
     _instCtrl
   _instCtrl
   _printNumber
     ___lldiv
     ___llmod
     _printString
       _dataCtrl
   _printString
     _dataCtrl

 _ISR (ROOT)

 Address spaces:
Name               Size   Autos  Total    Cost      Usage
BITCOMMON            E      0       0       0        0.0%
EEDATA             100      0       0       0        0.0%
NULL                 0      0       0       0        0.0%
CODE                 0      0       0       0        0.0%
COMMON               E      8       8       1       57.1%
BITSFR0              0      0       0       1        0.0%
SFR0                 0      0       0       1        0.0%
BITSFR1              0      0       0       2        0.0%
SFR1                 0      0       0       2        0.0%
STACK                0      0       0       2        0.0%
ABS                  0      0      2D       3        0.0%
BITBANK0            50      0       0       4        0.0%
BITSFR3              0      0       0       4        0.0%
SFR3                 0      0       0       4        0.0%
BANK0               50     21      25       5       46.3%
BITSFR2              0      0       0       5        0.0%
SFR2                 0      0       0       5        0.0%
BITBANK1            50      0       0       6        0.0%
BANK1               50      0       0       7        0.0%
BITBANK3            60      0       0       8        0.0%
BANK3               60      0       0       9        0.0%
BITBANK2            60      0       0      10        0.0%
BANK2               60      0       0      11        0.0%
DATA                 0      0      2D      12        0.0%


Microchip Technology PIC Macro Assembler V1.33 build 59893 
Symbol Table                                                                                   Sun Apr 05 17:20:38 2026

                      pc 0002              __CFG_CP$OFF 0000                       fsr 0004  
                    l741 00E7                      l727 00A2                      l751 0159  
                    l719 01FB                      l737 00DA                      l729 00B2  
                    l753 0169                      l761 0194                      l757 0187  
                    l791 007E                      l839 0116                      l785 0039  
                    l795 0086                      _GIE 005F                      _RA0 0028  
                    _RD0 0040                      _RD1 0041                      _RD2 0042  
                    u225 00A6                      u315 0177                      u245 00B4  
                    u325 0188                      u255 00C9                      u407 024B  
                    u417 01A3                      u265 00DB             __CFG_CPD$OFF 0000  
                    u427 01C0                      _ISR 01D0                      u437 025C  
                    u295 015D                      u397 014B                      fsr0 0004  
                    indf 0000             __CFG_FOSC$XT 0000             __CFG_LVP$OFF 0000  
                   ?_ISR 0070             printNumber@i 003E                     STR_1 0230  
                   STR_2 0239                     _PEIE 005E                     _TMR1 000E  
           __CFG_WRT$OFF 0000                     _main 00F0                     btemp 007E  
          __CFG_BOREN$ON 0000                     ltemp 007E                     start 0012  
                   ttemp 007E                     wtemp 007E                    ??_ISR 0070  
                  ?_main 0070                    _CCPR1 0015            __CFG_WDTE$OFF 0000  
        __end_of___lldiv 00F0                    _T1CON 0010          __end_of___llmod 019D  
                  i1l807 01EF                    _PORTB 0006                    _PORTD 0008  
                  u38_25 01DF                    _TRISA 0085                    _TRISB 0086  
                  _TRISC 0087                    _TRISD 0088            __CFG_PWRTE$ON 0000  
        __end_of_initLCD 01D0                    pclath 000A                    ltemp0 007E  
                  ltemp1 0082                    ltemp2 0086                    ltemp3 0080  
                  ttemp0 007E                    ttemp1 0081                    ttemp2 0084  
                  ttemp3 0087                    ttemp4 007F                    status 0003  
                  wtemp0 007E                    wtemp1 0080                    wtemp2 0082  
                  wtemp3 0084                    wtemp4 0086                    wtemp5 0088  
                  wtemp6 007F          __initialization 0015             __end_of_main 014F  
                 ??_main 0040           printNumber@val 002E                   _ADCON1 009F  
                 _CCP1IE 0462                   _CCP1IF 0062         ___llmod@dividend 0024  
                 _TMR1ON 0080         __end_of_dataCtrl 0252                ??___lldiv 0028  
              ??___llmod 0028                   _period 0041         __end_of_instCtrl 0263  
              ??_initLCD 0022           printString@str 0022                   saved_w 007E  
           ?_printNumber 002E             ?_printString 0022  __end_of__initialization 0019  
         __pcstackCOMMON 0070               __pbssBANK0 0041        printNumber@buffer 0033  
             __pmaintext 00F0               __pintentry 0004                  _CCP1CON 0017  
              ?_dataCtrl 0070               __stringtab 0220                ?_instCtrl 0070  
                ___lldiv 0090                  ___llmod 014F                  __ptext1 001D  
                __ptext2 01FB                  __ptext3 0241                  __ptext4 014F  
                __ptext5 0090                  __ptext6 019D                  __ptext7 0252  
                __ptext8 01D0                  _initLCD 019D             __size_of_ISR 002B  
             ??_dataCtrl 0020     end_of_initialization 0019     __size_of_printNumber 0073  
             ??_instCtrl 0020     __size_of_printString 0025          ___lldiv@divisor 0020  
        ___lldiv@counter 002D             instCtrl@data 0021      start_initialization 0015  
            __end_of_ISR 01FB          ___llmod@divisor 0020          ___llmod@counter 0029  
              ___latbits 0002            __pcstackBANK0 0020      __end_of__stringdata 0241  
      __size_of_dataCtrl 0011        __size_of_instCtrl 0011                 ?___lldiv 0020  
               ?___llmod 0020                __pstrings 0220                 ?_initLCD 0070  
              dataCtrl@b 0021        interrupt_function 0004              __stringbase 022F  
            __stringdata 0230            ??_printNumber 0032            ??_printString 0024  
       __size_of___lldiv 0060         __size_of___llmod 004E       __end_of__stringtab 0230  
               _dataCtrl 0241         __size_of_initLCD 0033            __size_of_main 005F  
               _instCtrl 0252      __end_of_printNumber 0090      __end_of_printString 0220  
               intlevel1 0000         ___lldiv@dividend 0024                stringcode 022A  
       ___lldiv@quotient 0029                 stringdir 022A                 stringtab 0220  
            _printNumber 001D              _printString 01FB  
